1
0
1
ASSEMBLY
1
PART-1-1
PART-1
1
PART-1-1
1000
1 1
2 2
3 3
4 4
5 5
6 6
7 7
8 8
9 9
10 10
11 11
12 12
13 13
14 14
15 15
16 16
17 17
18 18
19 19
20 20
21 21
22 22
23 23
24 24
25 25
26 26
27 27
28 28
29 29
30 30
31 31
32 32
33 33
34 34
35 35
36 36
37 37
38 38
39 39
40 40
41 41
42 42
43 43
44 44
45 45
46 46
47 47
48 48
49 49
50 50
51 51
52 52
53 53
54 54
55 55
56 56
57 57
58 58
59 59
60 60
61 61
62 62
63 63
64 64
65 65
66 66
67 67
68 68
69 69
70 70
71 71
72 72
73 73
74 74
75 75
76 76
77 77
78 78
79 79
80 80
81 81
82 82
83 83
84 84
85 85
86 86
87 87
88 88
89 89
90 90
91 91
92 92
93 93
94 94
95 95
96 96
97 97
98 98
99 99
100 100
101 101
102 102
103 103
104 104
105 105
106 106
107 107
108 108
109 109
110 110
111 111
112 112
113 113
114 114
115 115
116 116
117 117
118 118
119 119
120 120
121 121
122 122
123 123
124 124
125 125
126 126
127 127
128 128
129 129
130 130
131 131
132 132
133 133
134 134
135 135
136 136
137 137
138 138
139 139
140 140
141 141
142 142
143 143
144 144
145 145
146 146
147 147
148 148
149 149
150 150
151 151
152 152
153 153
154 154
155 155
156 156
157 157
158 158
159 159
160 160
161 161
162 162
163 163
164 164
165 165
166 166
167 167
168 168
169 169
170 170
171 171
172 172
173 173
174 174
175 175
176 176
177 177
178 178
179 179
180 180
181 181
182 182
183 183
184 184
185 185
186 186
187 187
188 188
189 189
190 190
191 191
192 192
193 193
194 194
195 195
196 196
197 197
198 198
199 199
200 200
201 201
202 202
203 203
204 204
205 205
206 206
207 207
208 208
209 209
210 210
211 211
212 212
213 213
214 214
215 215
216 216
217 217
218 218
219 219
220 220
221 221
222 222
223 223
224 224
225 225
226 226
227 227
228 228
229 229
230 230
231 231
232 232
233 233
234 234
235 235
236 236
237 237
238 238
239 239
240 240
241 241
242 242
243 243
244 244
245 245
246 246
247 247
248 248
249 249
250 250
251 251
252 252
253 253
254 254
255 255
256 256
257 257
258 258
259 259
260 260
261 261
262 262
263 263
264 264
265 265
266 266
267 267
268 268
269 269
270 270
271 271
272 272
273 273
274 274
275 275
276 276
277 277
278 278
279 279
280 280
281 281
282 282
283 283
284 284
285 285
286 286
287 287
288 288
289 289
290 290
291 291
292 292
293 293
294 294
295 295
296 296
297 297
298 298
299 299
300 300
301 301
302 302
303 303
304 304
305 305
306 306
307 307
308 308
309 309
310 310
311 311
312 312
313 313
314 314
315 315
316 316
317 317
318 318
319 319
320 320
321 321
322 322
323 323
324 324
325 325
326 326
327 327
328 328
329 329
330 330
331 331
332 332
333 333
334 334
335 335
336 336
337 337
338 338
339 339
340 340
341 341
342 342
343 343
344 344
345 345
346 346
347 347
348 348
349 349
350 350
351 351
352 352
353 353
354 354
355 355
356 356
357 357
358 358
359 359
360 360
361 361
362 362
363 363
364 364
365 365
366 366
367 367
368 368
369 369
370 370
371 371
372 372
373 373
374 374
375 375
376 376
377 377
378 378
379 379
380 380
381 381
382 382
383 383
384 384
385 385
386 386
387 387
388 388
389 389
390 390
391 391
392 392
393 393
394 394
395 395
396 396
397 397
398 398
399 399
400 400
401 401
402 402
403 403
404 404
405 405
406 406
407 407
408 408
409 409
410 410
411 411
412 412
413 413
414 414
415 415
416 416
417 417
418 418
419 419
420 420
421 421
422 422
423 423
424 424
425 425
426 426
427 427
428 428
429 429
430 430
431 431
432 432
433 433
434 434
435 435
436 436
437 437
438 438
439 439
440 440
441 441
442 442
443 443
444 444
445 445
446 446
447 447
448 448
449 449
450 450
451 451
452 452
453 453
454 454
455 455
456 456
457 457
458 458
459 459
460 460
461 461
462 462
463 463
464 464
465 465
466 466
467 467
468 468
469 469
470 470
471 471
472 472
473 473
474 474
475 475
476 476
477 477
478 478
479 479
480 480
481 481
482 482
483 483
484 484
485 485
486 486
487 487
488 488
489 489
490 490
491 491
492 492
493 493
494 494
495 495
496 496
497 497
498 498
499 499
500 500
501 501
502 502
503 503
504 504
505 505
506 506
507 507
508 508
509 509
510 510
511 511
512 512
513 513
514 514
515 515
516 516
517 517
518 518
519 519
520 520
521 521
522 522
523 523
524 524
525 525
526 526
527 527
528 528
529 529
530 530
531 531
532 532
533 533
534 534
535 535
536 536
537 537
538 538
539 539
540 540
541 541
542 542
543 543
544 544
545 545
546 546
547 547
548 548
549 549
550 550
551 551
552 552
553 553
554 554
555 555
556 556
557 557
558 558
559 559
560 560
561 561
562 562
563 563
564 564
565 565
566 566
567 567
568 568
569 569
570 570
571 571
572 572
573 573
574 574
575 575
576 576
577 577
578 578
579 579
580 580
581 581
582 582
583 583
584 584
585 585
586 586
587 587
588 588
589 589
590 590
591 591
592 592
593 593
594 594
595 595
596 596
597 597
598 598
599 599
600 600
601 601
602 602
603 603
604 604
605 605
606 606
607 607
608 608
609 609
610 610
611 611
612 612
613 613
614 614
615 615
616 616
617 617
618 618
619 619
620 620
621 621
622 622
623 623
624 624
625 625
626 626
627 627
628 628
629 629
630 630
631 631
632 632
633 633
634 634
635 635
636 636
637 637
638 638
639 639
640 640
641 641
642 642
643 643
644 644
645 645
646 646
647 647
648 648
649 649
650 650
651 651
652 652
653 653
654 654
655 655
656 656
657 657
658 658
659 659
660 660
661 661
662 662
663 663
664 664
665 665
666 666
667 667
668 668
669 669
670 670
671 671
672 672
673 673
674 674
675 675
676 676
677 677
678 678
679 679
680 680
681 681
682 682
683 683
684 684
685 685
686 686
687 687
688 688
689 689
690 690
691 691
692 692
693 693
694 694
695 695
696 696
697 697
698 698
699 699
700 700
701 701
702 702
703 703
704 704
705 705
706 706
707 707
708 708
709 709
710 710
711 711
712 712
713 713
714 714
715 715
716 716
717 717
718 718
719 719
720 720
721 721
722 722
723 723
724 724
725 725
726 726
727 727
728 728
729 729
730 730
731 731
732 732
733 733
734 734
735 735
736 736
737 737
738 738
739 739
740 740
741 741
742 742
743 743
744 744
745 745
746 746
747 747
748 748
749 749
750 750
751 751
752 752
753 753
754 754
755 755
756 756
757 757
758 758
759 759
760 760
761 761
762 762
763 763
764 764
765 765
766 766
767 767
768 768
769 769
770 770
771 771
772 772
773 773
774 774
775 775
776 776
777 777
778 778
779 779
780 780
781 781
782 782
783 783
784 784
785 785
786 786
787 787
788 788
789 789
790 790
791 791
792 792
793 793
794 794
795 795
796 796
797 797
798 798
799 799
800 800
801 801
802 802
803 803
804 804
805 805
806 806
807 807
808 808
809 809
810 810
811 811
812 812
813 813
814 814
815 815
816 816
817 817
818 818
819 819
820 820
821 821
822 822
823 823
824 824
825 825
826 826
827 827
828 828
829 829
830 830
831 831
832 832
833 833
834 834
835 835
836 836
837 837
838 838
839 839
840 840
841 841
842 842
843 843
844 844
845 845
846 846
847 847
848 848
849 849
850 850
851 851
852 852
853 853
854 854
855 855
856 856
857 857
858 858
859 859
860 860
861 861
862 862
863 863
864 864
865 865
866 866
867 867
868 868
869 869
870 870
871 871
872 872
873 873
874 874
875 875
876 876
877 877
878 878
879 879
880 880
881 881
882 882
883 883
884 884
885 885
886 886
887 887
888 888
889 889
890 890
891 891
892 892
893 893
894 894
895 895
896 896
897 897
898 898
899 899
900 900
901 901
902 902
903 903
904 904
905 905
906 906
907 907
908 908
909 909
910 910
911 911
912 912
913 913
914 914
915 915
916 916
917 917
918 918
919 919
920 920
921 921
922 922
923 923
924 924
925 925
926 926
927 927
928 928
929 929
930 930
931 931
932 932
933 933
934 934
935 935
936 936
937 937
938 938
939 939
940 940
941 941
942 942
943 943
944 944
945 945
946 946
947 947
948 948
949 949
950 950
951 951
952 952
953 953
954 954
955 955
956 956
957 957
958 958
959 959
960 960
961 961
962 962
963 963
964 964
965 965
966 966
967 967
968 968
969 969
970 970
971 971
972 972
973 973
974 974
975 975
976 976
977 977
978 978
979 979
980 980
981 981
982 982
983 983
984 984
985 985
986 986
987 987
988 988
989 989
990 990
991 991
992 992
993 993
994 994
995 995
996 996
997 997
998 998
999 999
1000 1000
1 1
2 2
3 3
4 4
5 5
6 6
7 7
8 8
9 9
10 10
11 11
12 12
13 13
14 14
15 15
16 16
17 17
18 18
19 19
20 20
21 21
22 22
23 23
24 24
25 25
26 26
27 27
28 28
29 29
30 30
31 31
32 32
33 33
34 34
35 35
36 36
37 37
38 38
39 39
40 40
41 41
42 42
43 43
44 44
45 45
46 46
47 47
48 48
49 49
50 50
51 51
52 52
53 53
54 54
55 55
56 56
57 57
58 58
59 59
60 60
61 61
62 62
63 63
64 64
65 65
66 66
67 67
68 68
69 69
70 70
71 71
72 72
73 73
74 74
75 75
76 76
77 77
78 78
79 79
80 80
81 81
82 82
83 83
84 84
85 85
86 86
87 87
88 88
89 89
90 90
91 91
92 92
93 93
94 94
95 95
96 96
97 97
98 98
99 99
100 100
101 101
102 102
103 103
104 104
105 105
106 106
107 107
108 108
109 109
110 110
111 111
112 112
113 113
114 114
115 115
116 116
117 117
118 118
119 119
120 120
121 121
122 122
123 123
124 124
125 125
126 126
127 127
128 128
129 129
130 130
131 131
132 132
133 133
134 134
135 135
136 136
137 137
138 138
139 139
140 140
141 141
142 142
143 143
144 144
145 145
146 146
147 147
148 148
149 149
150 150
151 151
152 152
153 153
154 154
155 155
156 156
157 157
158 158
159 159
160 160
161 161
162 162
163 163
164 164
165 165
166 166
167 167
168 168
169 169
170 170
171 171
172 172
173 173
174 174
175 175
176 176
177 177
178 178
179 179
180 180
181 181
182 182
183 183
184 184
185 185
186 186
187 187
188 188
189 189
190 190
191 191
192 192
193 193
194 194
195 195
196 196
197 197
198 198
199 199
200 200
201 201
202 202
203 203
204 204
205 205
206 206
207 207
208 208
209 209
210 210
211 211
212 212
213 213
214 214
215 215
216 216
217 217
218 218
219 219
220 220
221 221
222 222
223 223
224 224
225 225
226 226
227 227
228 228
229 229
230 230
231 231
232 232
233 233
234 234
235 235
236 236
237 237
238 238
239 239
240 240
241 241
242 242
243 243
244 244
245 245
246 246
247 247
248 248
249 249
250 250
251 251
252 252
253 253
254 254
255 255
256 256
257 257
258 258
259 259
260 260
261 261
262 262
263 263
264 264
265 265
266 266
267 267
268 268
269 269
270 270
271 271
272 272
273 273
274 274
275 275
276 276
277 277
278 278
279 279
280 280
281 281
282 282
283 283
284 284
285 285
286 286
287 287
288 288
289 289
290 290
291 291
292 292
293 293
294 294
295 295
296 296
297 297
298 298
299 299
300 300
301 301
302 302
303 303
304 304
305 305
306 306
307 307
308 308
309 309
310 310
311 311
312 312
313 313
314 314
315 315
316 316
317 317
318 318
319 319
320 320
321 321
322 322
323 323
324 324
325 325
326 326
327 327
328 328
329 329
330 330
331 331
332 332
333 333
334 334
335 335
336 336
337 337
338 338
339 339
340 340
341 341
342 342
343 343
344 344
345 345
346 346
347 347
348 348
349 349
350 350
351 351
352 352
353 353
354 354
355 355
356 356
357 357
358 358
359 359
360 360
361 361
362 362
363 363
364 364
365 365
366 366
367 367
368 368
369 369
370 370
371 371
372 372
373 373
374 374
375 375
376 376
377 377
378 378
379 379
380 380
381 381
382 382
383 383
384 384
385 385
386 386
387 387
388 388
389 389
390 390
391 391
392 392
393 393
394 394
395 395
396 396
397 397
398 398
399 399
400 400
401 401
402 402
403 403
404 404
405 405
406 406
407 407
408 408
409 409
410 410
411 411
412 412
413 413
414 414
415 415
416 416
417 417
418 418
419 419
420 420
421 421
422 422
423 423
424 424
425 425
426 426
427 427
428 428
429 429
430 430
431 431
432 432
433 433
434 434
435 435
436 436
437 437
438 438
439 439
440 440
441 441
442 442
443 443
444 444
445 445
446 446
447 447
448 448
449 449
450 450
451 451
452 452
453 453
454 454
455 455
456 456
457 457
458 458
459 459
460 460
461 461
462 462
463 463
464 464
465 465
466 466
467 467
468 468
469 469
470 470
471 471
472 472
473 473
474 474
475 475
476 476
477 477
478 478
479 479
480 480
481 481
482 482
483 483
484 484
485 485
486 486
487 487
488 488
489 489
490 490
491 491
492 492
493 493
494 494
495 495
496 496
497 497
498 498
499 499
500 500
501 501
502 502
503 503
504 504
505 505
506 506
507 507
508 508
509 509
510 510
511 511
512 512
513 513
514 514
515 515
516 516
517 517
518 518
519 519
520 520
521 521
522 522
523 523
524 524
525 525
526 526
527 527
528 528
529 529
530 530
531 531
532 532
533 533
534 534
535 535
536 536
537 537
538 538
539 539
540 540
541 541
542 542
543 543
544 544
545 545
546 546
547 547
548 548
549 549
550 550
551 551
552 552
553 553
554 554
555 555
556 556
557 557
558 558
559 559
560 560
561 561
562 562
563 563
564 564
565 565
566 566
567 567
568 568
569 569
570 570
571 571
572 572
573 573
574 574
575 575
576 576
577 577
578 578
579 579
580 580
581 581
582 582
583 583
584 584
585 585
586 586
587 587
588 588
589 589
590 590
591 591
592 592
593 593
594 594
595 595
596 596
597 597
598 598
599 599
600 600
601 601
602 602
603 603
604 604
605 605
606 606
607 607
608 608
609 609
610 610
611 611
612 612
613 613
614 614
615 615
616 616
617 617
618 618
619 619
620 620
621 621
622 622
623 623
624 624
625 625
626 626
627 627
628 628
629 629
630 630
631 631
632 632
633 633
634 634
635 635
636 636
637 637
638 638
639 639
640 640
641 641
642 642
643 643
644 644
645 645
646 646
647 647
648 648
649 649
650 650
651 651
652 652
653 653
654 654
655 655
656 656
657 657
658 658
659 659
660 660
661 661
662 662
663 663
664 664
665 665
666 666
667 667
668 668
669 669
670 670
671 671
672 672
673 673
674 674
675 675
676 676
677 677
678 678
679 679
680 680
681 681
682 682
683 683
684 684
685 685
686 686
687 687
688 688
689 689
690 690
691 691
692 692
693 693
694 694
695 695
696 696
697 697
698 698
699 699
700 700
701 701
702 702
703 703
704 704
705 705
706 706
707 707
708 708
709 709
710 710
711 711
712 712
713 713
714 714
715 715
716 716
717 717
718 718
719 719
720 720
721 721
722 722
723 723
724 724
725 725
726 726
727 727
728 728
729 729
730 730
731 731
732 732
733 733
734 734
735 735
736 736
737 737
738 738
739 739
740 740
741 741
742 742
743 743
744 744
745 745
746 746
747 747
748 748
749 749
750 750
751 751
752 752
753 753
754 754
755 755
756 756
757 757
758 758
759 759
760 760
761 761
762 762
763 763
764 764
765 765
766 766
767 767
768 768
769 769
770 770
771 771
772 772
773 773
774 774
775 775
776 776
777 777
778 778
779 779
780 780
781 781
782 782
783 783
784 784
785 785
786 786
787 787
788 788
789 789
790 790
791 791
792 792
793 793
794 794
795 795
796 796
797 797
798 798
799 799
800 800
801 801
802 802
803 803
804 804
805 805
806 806
807 807
808 808
809 809
810 810
811 811
812 812
813 813
814 814
815 815
816 816
817 817
818 818
819 819
820 820
821 821
822 822
823 823
824 824
825 825
826 826
827 827
828 828
829 829
830 830
831 831
832 832
833 833
834 834
835 835
836 836
837 837
838 838
839 839
840 840
841 841
842 842
843 843
844 844
845 845
846 846
847 847
848 848
849 849
850 850
851 851
852 852
853 853
854 854
855 855
856 856
857 857
858 858
859 859
860 860
861 861
862 862
863 863
864 864
865 865
866 866
867 867
868 868
869 869
870 870
871 871
872 872
873 873
874 874
875 875
876 876
877 877
878 878
879 879
880 880
881 881
882 882
883 883
884 884
885 885
886 886
887 887
888 888
889 889
890 890
891 891
892 892
893 893
894 894
895 895
896 896
897 897
898 898
899 899
900 900
901 901
902 902
903 903
904 904
905 905
906 906
907 907
908 908
909 909
910 910
911 911
912 912
913 913
914 914
915 915
916 916
917 917
918 918
919 919
920 920
921 921
922 922
923 923
924 924
925 925
926 926
927 927
928 928
929 929
930 930
931 931
932 932
933 933
934 934
935 935
936 936
937 937
938 938
939 939
940 940
941 941
942 942
943 943
944 944
945 945
946 946
947 947
948 948
949 949
950 950
951 951
952 952
953 953
954 954
955 955
956 956
957 957
958 958
959 959
960 960
961 961
962 962
963 963
964 964
965 965
966 966
967 967
968 968
969 969
970 970
971 971
972 972
973 973
974 974
975 975
976 976
977 977
978 978
979 979
980 980
981 981
982 982
983 983
984 984
985 985
986 986
987 987
988 988
989 989
990 990
991 991
992 992
993 993
994 994
995 995
996 996
997 997
998 998
999 999
1000 1000
0
1
PART-1-1
729
1 1
2 2
3 3
4 4
5 5
6 6
7 7
8 8
9 9
10 10
11 11
12 12
13 13
14 14
15 15
16 16
17 17
18 18
19 19
20 20
21 21
22 22
23 23
24 24
25 25
26 26
27 27
28 28
29 29
30 30
31 31
32 32
33 33
34 34
35 35
36 36
37 37
38 38
39 39
40 40
41 41
42 42
43 43
44 44
45 45
46 46
47 47
48 48
49 49
50 50
51 51
52 52
53 53
54 54
55 55
56 56
57 57
58 58
59 59
60 60
61 61
62 62
63 63
64 64
65 65
66 66
67 67
68 68
69 69
70 70
71 71
72 72
73 73
74 74
75 75
76 76
77 77
78 78
79 79
80 80
81 81
82 82
83 83
84 84
85 85
86 86
87 87
88 88
89 89
90 90
91 91
92 92
93 93
94 94
95 95
96 96
97 97
98 98
99 99
100 100
101 101
102 102
103 103
104 104
105 105
106 106
107 107
108 108
109 109
110 110
111 111
112 112
113 113
114 114
115 115
116 116
117 117
118 118
119 119
120 120
121 121
122 122
123 123
124 124
125 125
126 126
127 127
128 128
129 129
130 130
131 131
132 132
133 133
134 134
135 135
136 136
137 137
138 138
139 139
140 140
141 141
142 142
143 143
144 144
145 145
146 146
147 147
148 148
149 149
150 150
151 151
152 152
153 153
154 154
155 155
156 156
157 157
158 158
159 159
160 160
161 161
162 162
163 163
164 164
165 165
166 166
167 167
168 168
169 169
170 170
171 171
172 172
173 173
174 174
175 175
176 176
177 177
178 178
179 179
180 180
181 181
182 182
183 183
184 184
185 185
186 186
187 187
188 188
189 189
190 190
191 191
192 192
193 193
194 194
195 195
196 196
197 197
198 198
199 199
200 200
201 201
202 202
203 203
204 204
205 205
206 206
207 207
208 208
209 209
210 210
211 211
212 212
213 213
214 214
215 215
216 216
217 217
218 218
219 219
220 220
221 221
222 222
223 223
224 224
225 225
226 226
227 227
228 228
229 229
230 230
231 231
232 232
233 233
234 234
235 235
236 236
237 237
238 238
239 239
240 240
241 241
242 242
243 243
244 244
245 245
246 246
247 247
248 248
249 249
250 250
251 251
252 252
253 253
254 254
255 255
256 256
257 257
258 258
259 259
260 260
261 261
262 262
263 263
264 264
265 265
266 266
267 267
268 268
269 269
270 270
271 271
272 272
273 273
274 274
275 275
276 276
277 277
278 278
279 279
280 280
281 281
282 282
283 283
284 284
285 285
286 286
287 287
288 288
289 289
290 290
291 291
292 292
293 293
294 294
295 295
296 296
297 297
298 298
299 299
300 300
301 301
302 302
303 303
304 304
305 305
306 306
307 307
308 308
309 309
310 310
311 311
312 312
313 313
314 314
315 315
316 316
317 317
318 318
319 319
320 320
321 321
322 322
323 323
324 324
325 325
326 326
327 327
328 328
329 329
330 330
331 331
332 332
333 333
334 334
335 335
336 336
337 337
338 338
339 339
340 340
341 341
342 342
343 343
344 344
345 345
346 346
347 347
348 348
349 349
350 350
351 351
352 352
353 353
354 354
355 355
356 356
357 357
358 358
359 359
360 360
361 361
362 362
363 363
364 364
365 365
366 366
367 367
368 368
369 369
370 370
371 371
372 372
373 373
374 374
375 375
376 376
377 377
378 378
379 379
380 380
381 381
382 382
383 383
384 384
385 385
386 386
387 387
388 388
389 389
390 390
391 391
392 392
393 393
394 394
395 395
396 396
397 397
398 398
399 399
400 400
401 401
402 402
403 403
404 404
405 405
406 406
407 407
408 408
409 409
410 410
411 411
412 412
413 413
414 414
415 415
416 416
417 417
418 418
419 419
420 420
421 421
422 422
423 423
424 424
425 425
426 426
427 427
428 428
429 429
430 430
431 431
432 432
433 433
434 434
435 435
436 436
437 437
438 438
439 439
440 440
441 441
442 442
443 443
444 444
445 445
446 446
447 447
448 448
449 449
450 450
451 451
452 452
453 453
454 454
455 455
456 456
457 457
458 458
459 459
460 460
461 461
462 462
463 463
464 464
465 465
466 466
467 467
468 468
469 469
470 470
471 471
472 472
473 473
474 474
475 475
476 476
477 477
478 478
479 479
480 480
481 481
482 482
483 483
484 484
485 485
486 486
487 487
488 488
489 489
490 490
491 491
492 492
493 493
494 494
495 495
496 496
497 497
498 498
499 499
500 500
501 501
502 502
503 503
504 504
505 505
506 506
507 507
508 508
509 509
510 510
511 511
512 512
513 513
514 514
515 515
516 516
517 517
518 518
519 519
520 520
521 521
522 522
523 523
524 524
525 525
526 526
527 527
528 528
529 529
530 530
531 531
532 532
533 533
534 534
535 535
536 536
537 537
538 538
539 539
540 540
541 541
542 542
543 543
544 544
545 545
546 546
547 547
548 548
549 549
550 550
551 551
552 552
553 553
554 554
555 555
556 556
557 557
558 558
559 559
560 560
561 561
562 562
563 563
564 564
565 565
566 566
567 567
568 568
569 569
570 570
571 571
572 572
573 573
574 574
575 575
576 576
577 577
578 578
579 579
580 580
581 581
582 582
583 583
584 584
585 585
586 586
587 587
588 588
589 589
590 590
591 591
592 592
593 593
594 594
595 595
596 596
597 597
598 598
599 599
600 600
601 601
602 602
603 603
604 604
605 605
606 606
607 607
608 608
609 609
610 610
611 611
612 612
613 613
614 614
615 615
616 616
617 617
618 618
619 619
620 620
621 621
622 622
623 623
624 624
625 625
626 626
627 627
628 628
629 629
630 630
631 631
632 632
633 633
634 634
635 635
636 636
637 637
638 638
639 639
640 640
641 641
642 642
643 643
644 644
645 645
646 646
647 647
648 648
649 649
650 650
651 651
652 652
653 653
654 654
655 655
656 656
657 657
658 658
659 659
660 660
661 661
662 662
663 663
664 664
665 665
666 666
667 667
668 668
669 669
670 670
671 671
672 672
673 673
674 674
675 675
676 676
677 677
678 678
679 679
680 680
681 681
682 682
683 683
684 684
685 685
686 686
687 687
688 688
689 689
690 690
691 691
692 692
693 693
694 694
695 695
696 696
697 697
698 698
699 699
700 700
701 701
702 702
703 703
704 704
705 705
706 706
707 707
708 708
709 709
710 710
711 711
712 712
713 713
714 714
715 715
716 716
717 717
718 718
719 719
720 720
721 721
722 722
723 723
724 724
725 725
726 726
727 727
728 728
729 729
1 1
2 2
3 3
4 4
5 5
6 6
7 7
8 8
9 9
10 10
11 11
12 12
13 13
14 14
15 15
16 16
17 17
18 18
19 19
20 20
21 21
22 22
23 23
24 24
25 25
26 26
27 27
28 28
29 29
30 30
31 31
32 32
33 33
34 34
35 35
36 36
37 37
38 38
39 39
40 40
41 41
42 42
43 43
44 44
45 45
46 46
47 47
48 48
49 49
50 50
51 51
52 52
53 53
54 54
55 55
56 56
57 57
58 58
59 59
60 60
61 61
62 62
63 63
64 64
65 65
66 66
67 67
68 68
69 69
70 70
71 71
72 72
73 73
74 74
75 75
76 76
77 77
78 78
79 79
80 80
81 81
82 82
83 83
84 84
85 85
86 86
87 87
88 88
89 89
90 90
91 91
92 92
93 93
94 94
95 95
96 96
97 97
98 98
99 99
100 100
101 101
102 102
103 103
104 104
105 105
106 106
107 107
108 108
109 109
110 110
111 111
112 112
113 113
114 114
115 115
116 116
117 117
118 118
119 119
120 120
121 121
122 122
123 123
124 124
125 125
126 126
127 127
128 128
129 129
130 130
131 131
132 132
133 133
134 134
135 135
136 136
137 137
138 138
139 139
140 140
141 141
142 142
143 143
144 144
145 145
146 146
147 147
148 148
149 149
150 150
151 151
152 152
153 153
154 154
155 155
156 156
157 157
158 158
159 159
160 160
161 161
162 162
163 163
164 164
165 165
166 166
167 167
168 168
169 169
170 170
171 171
172 172
173 173
174 174
175 175
176 176
177 177
178 178
179 179
180 180
181 181
182 182
183 183
184 184
185 185
186 186
187 187
188 188
189 189
190 190
191 191
192 192
193 193
194 194
195 195
196 196
197 197
198 198
199 199
200 200
201 201
202 202
203 203
204 204
205 205
206 206
207 207
208 208
209 209
210 210
211 211
212 212
213 213
214 214
215 215
216 216
217 217
218 218
219 219
220 220
221 221
222 222
223 223
224 224
225 225
226 226
227 227
228 228
229 229
230 230
231 231
232 232
233 233
234 234
235 235
236 236
237 237
238 238
239 239
240 240
241 241
242 242
243 243
244 244
245 245
246 246
247 247
248 248
249 249
250 250
251 251
252 252
253 253
254 254
255 255
256 256
257 257
258 258
259 259
260 260
261 261
262 262
263 263
264 264
265 265
266 266
267 267
268 268
269 269
270 270
271 271
272 272
273 273
274 274
275 275
276 276
277 277
278 278
279 279
280 280
281 281
282 282
283 283
284 284
285 285
286 286
287 287
288 288
289 289
290 290
291 291
292 292
293 293
294 294
295 295
296 296
297 297
298 298
299 299
300 300
301 301
302 302
303 303
304 304
305 305
306 306
307 307
308 308
309 309
310 310
311 311
312 312
313 313
314 314
315 315
316 316
317 317
318 318
319 319
320 320
321 321
322 322
323 323
324 324
325 325
326 326
327 327
328 328
329 329
330 330
331 331
332 332
333 333
334 334
335 335
336 336
337 337
338 338
339 339
340 340
341 341
342 342
343 343
344 344
345 345
346 346
347 347
348 348
349 349
350 350
351 351
352 352
353 353
354 354
355 355
356 356
357 357
358 358
359 359
360 360
361 361
362 362
363 363
364 364
365 365
366 366
367 367
368 368
369 369
370 370
371 371
372 372
373 373
374 374
375 375
376 376
377 377
378 378
379 379
380 380
381 381
382 382
383 383
384 384
385 385
386 386
387 387
388 388
389 389
390 390
391 391
392 392
393 393
394 394
395 395
396 396
397 397
398 398
399 399
400 400
401 401
402 402
403 403
404 404
405 405
406 406
407 407
408 408
409 409
410 410
411 411
412 412
413 413
414 414
415 415
416 416
417 417
418 418
419 419
420 420
421 421
422 422
423 423
424 424
425 425
426 426
427 427
428 428
429 429
430 430
431 431
432 432
433 433
434 434
435 435
436 436
437 437
438 438
439 439
440 440
441 441
442 442
443 443
444 444
445 445
446 446
447 447
448 448
449 449
450 450
451 451
452 452
453 453
454 454
455 455
456 456
457 457
458 458
459 459
460 460
461 461
462 462
463 463
464 464
465 465
466 466
467 467
468 468
469 469
470 470
471 471
472 472
473 473
474 474
475 475
476 476
477 477
478 478
479 479
480 480
481 481
482 482
483 483
484 484
485 485
486 486
487 487
488 488
489 489
490 490
491 491
492 492
493 493
494 494
495 495
496 496
497 497
498 498
499 499
500 500
501 501
502 502
503 503
504 504
505 505
506 506
507 507
508 508
509 509
510 510
511 511
512 512
513 513
514 514
515 515
516 516
517 517
518 518
519 519
520 520
521 521
522 522
523 523
524 524
525 525
526 526
527 527
528 528
529 529
530 530
531 531
532 532
533 533
534 534
535 535
536 536
537 537
538 538
539 539
540 540
541 541
542 542
543 543
544 544
545 545
546 546
547 547
548 548
549 549
550 550
551 551
552 552
553 553
554 554
555 555
556 556
557 557
558 558
559 559
560 560
561 561
562 562
563 563
564 564
565 565
566 566
567 567
568 568
569 569
570 570
571 571
572 572
573 573
574 574
575 575
576 576
577 577
578 578
579 579
580 580
581 581
582 582
583 583
584 584
585 585
586 586
587 587
588 588
589 589
590 590
591 591
592 592
593 593
594 594
595 595
596 596
597 597
598 598
599 599
600 600
601 601
602 602
603 603
604 604
605 605
606 606
607 607
608 608
609 609
610 610
611 611
612 612
613 613
614 614
615 615
616 616
617 617
618 618
619 619
620 620
621 621
622 622
623 623
624 624
625 625
626 626
627 627
628 628
629 629
630 630
631 631
632 632
633 633
634 634
635 635
636 636
637 637
638 638
639 639
640 640
641 641
642 642
643 643
644 644
645 645
646 646
647 647
648 648
649 649
650 650
651 651
652 652
653 653
654 654
655 655
656 656
657 657
658 658
659 659
660 660
661 661
662 662
663 663
664 664
665 665
666 666
667 667
668 668
669 669
670 670
671 671
672 672
673 673
674 674
675 675
676 676
677 677
678 678
679 679
680 680
681 681
682 682
683 683
684 684
685 685
686 686
687 687
688 688
689 689
690 690
691 691
692 692
693 693
694 694
695 695
696 696
697 697
698 698
699 699
700 700
701 701
702 702
703 703
704 704
705 705
706 706
707 707
708 708
709 709
710 710
711 711
712 712
713 713
714 714
715 715
716 716
717 717
718 718
719 719
720 720
721 721
722 722
723 723
724 724
725 725
726 726
727 727
728 728
729 729
0
0
1
PART-1-1
27
SET-1
0
1
27
379 380 381 382 383 384 385 386 387 388 389 390 391 392 393 394 395 396 397 398 399 400 401 402 403 404 405 
0
0
SET-10
0
1
27
136 137 138 139 140 141 142 143 144 145 146 147 148 149 150 151 152 153 154 155 156 157 158 159 160 161 162 
0
0
SET-11
0
1
27
82 83 84 85 86 87 88 89 90 91 92 93 94 95 96 97 98 99 100 101 102 103 104 105 106 107 108 
0
0
SET-12
0
1
27
28 29 30 31 32 33 34 35 36 37 38 39 40 41 42 43 44 45 46 47 48 49 50 51 52 53 54 
0
0
SET-13
0
1
27
1 2 3 4 5 6 7 8 9 10 11 12 13 14 15 16 17 18 19 20 21 22 23 24 25 26 27 
0
0
SET-14
0
1
27
55 56 57 58 59 60 61 62 63 64 65 66 67 68 69 70 71 72 73 74 75 76 77 78 79 80 81 
0
0
SET-15
0
1
27
109 110 111 112 113 114 115 116 117 118 119 120 121 122 123 124 125 126 127 128 129 130 131 132 133 134 135 
0
0
SET-16
0
1
27
217 218 219 220 221 222 223 224 225 226 227 228 229 230 231 232 233 234 235 236 237 238 239 240 241 242 243 
0
0
SET-17
0
1
27
190 191 192 193 194 195 196 197 198 199 200 201 202 203 204 205 206 207 208 209 210 211 212 213 214 215 216 
0
0
SET-18
0
1
27
163 164 165 166 167 168 169 170 171 172 173 174 175 176 177 178 179 180 181 182 183 184 185 186 187 188 189 
0
0
SET-19
0
1
27
568 569 570 571 572 573 574 575 576 577 578 579 580 581 582 583 584 585 586 587 588 589 590 591 592 593 594 
0
0
SET-2
0
1
27
325 326 327 328 329 330 331 332 333 334 335 336 337 338 339 340 341 342 343 344 345 346 347 348 349 350 351 
0
0
SET-20
0
1
27
622 623 624 625 626 627 628 629 630 631 632 633 634 635 636 637 638 639 640 641 642 643 644 645 646 647 648 
0
0
SET-21
0
1
27
676 677 678 679 680 681 682 683 684 685 686 687 688 689 690 691 692 693 694 695 696 697 698 699 700 701 702 
0
0
SET-22
0
1
27
703 704 705 706 707 708 709 710 711 712 713 714 715 716 717 718 719 720 721 722 723 724 725 726 727 728 729 
0
0
SET-23
0
1
27
649 650 651 652 653 654 655 656 657 658 659 660 661 662 663 664 665 666 667 668 669 670 671 672 673 674 675 
0
0
SET-24
0
1
27
595 596 597 598 599 600 601 602 603 604 605 606 607 608 609 610 611 612 613 614 615 616 617 618 619 620 621 
0
0
SET-25
0
1
27
487 488 489 490 491 492 493 494 495 496 497 498 499 500 501 502 503 504 505 506 507 508 509 510 511 512 513 
0
0
SET-26
0
1
27
514 515 516 517 518 519 520 521 522 523 524 525 526 527 528 529 530 531 532 533 534 535 536 537 538 539 540 
0
0
SET-27
0
1
27
541 542 543 544 545 546 547 548 549 550 551 552 553 554 555 556 557 558 559 560 561 562 563 564 565 566 567 
0
0
SET-3
0
1
27
271 272 273 274 275 276 277 278 279 280 281 282 283 284 285 286 287 288 289 290 291 292 293 294 295 296 297 
0
0
SET-4
0
1
27
244 245 246 247 248 249 250 251 252 253 254 255 256 257 258 259 260 261 262 263 264 265 266 267 268 269 270 
0
0
SET-5
0
1
27
298 299 300 301 302 303 304 305 306 307 308 309 310 311 312 313 314 315 316 317 318 319 320 321 322 323 324 
0
0
SET-6
0
1
27
352 353 354 355 356 357 358 359 360 361 362 363 364 365 366 367 368 369 370 371 372 373 374 375 376 377 378 
0
0
SET-7
0
1
27
460 461 462 463 464 465 466 467 468 469 470 471 472 473 474 475 476 477 478 479 480 481 482 483 484 485 486 
0
0
SET-8
0
1
27
433 434 435 436 437 438 439 440 441 442 443 444 445 446 447 448 449 450 451 452 453 454 455 456 457 458 459 
0
0
SET-9
0
1
27
406 407 408 409 410 411 412 413 414 415 416 417 418 419 420 421 422 423 424 425 426 427 428 429 430 431 432 
0
0
0
9
H1
0
1
0
1
PART-1-1
1
44 
0
H2
0
1
0
1
PART-1-1
1
60 
0
H3
0
1
0
1
PART-1-1
1
51 
0
H4
0
1
0
1
PART-1-1
1
48 
0
V1
0
1
0
1
PART-1-1
1
38 
0
V2
0
1
0
1
PART-1-1
1
64 
0
V3
0
1
0
1
PART-1-1
1
56 
0
V4
0
1
0
1
PART-1-1
1
46 
0
VERTICES
0
1
0
1
PART-1-1
4
38 44 46 64 
0
1
PART-1-1
271
NONTRANSFORMED-1
0
1
4
38 64 611 707 
0
0
NONTRANSFORMED-10
0
1
2
610 706 
0
0
NONTRANSFORMED-11
0
1
2
233 311 
0
0
NONTRANSFORMED-12
0
1
2
588 741 
0
0
NONTRANSFORMED-13
0
1
2
586 742 
0
0
NONTRANSFORMED-14
0
1
2
217 337 
0
0
NONTRANSFORMED-15
0
1
2
560 765 
0
0
NONTRANSFORMED-16
0
1
2
558 766 
0
0
NONTRANSFORMED-17
0
1
2
205 309 
0
0
NONTRANSFORMED-18
0
1
2
206 310 
0
0
NONTRANSFORMED-19
0
1
2
34 58 
0
0
NONTRANSFORMED-193
0
1
3
46 608 646 
0
0
NONTRANSFORMED-194
0
1
2
606 648 
0
0
NONTRANSFORMED-195
0
1
2
235 262 
0
0
NONTRANSFORMED-196
0
1
2
584 634 
0
0
NONTRANSFORMED-197
0
1
2
582 636 
0
0
NONTRANSFORMED-198
0
1
2
219 252 
0
0
NONTRANSFORMED-199
0
1
2
552 622 
0
0
NONTRANSFORMED-2
0
1
2
609 708 
0
0
NONTRANSFORMED-20
0
1
2
229 335 
0
0
NONTRANSFORMED-200
0
1
2
550 624 
0
0
NONTRANSFORMED-201
0
1
2
607 645 
0
0
NONTRANSFORMED-202
0
1
2
605 647 
0
0
NONTRANSFORMED-203
0
1
2
236 261 
0
0
NONTRANSFORMED-204
0
1
2
583 633 
0
0
NONTRANSFORMED-205
0
1
2
581 635 
0
0
NONTRANSFORMED-206
0
1
2
220 251 
0
0
NONTRANSFORMED-207
0
1
2
551 621 
0
0
NONTRANSFORMED-208
0
1
2
549 623 
0
0
NONTRANSFORMED-209
0
1
2
152 189 
0
0
NONTRANSFORMED-21
0
1
2
230 336 
0
0
NONTRANSFORMED-210
0
1
2
151 190 
0
0
NONTRANSFORMED-211
0
1
2
20 30 
0
0
NONTRANSFORMED-212
0
1
2
132 179 
0
0
NONTRANSFORMED-213
0
1
2
131 180 
0
0
NONTRANSFORMED-214
0
1
2
14 28 
0
0
NONTRANSFORMED-215
0
1
2
102 169 
0
0
NONTRANSFORMED-216
0
1
2
101 170 
0
0
NONTRANSFORMED-217
0
1
2
456 512 
0
0
NONTRANSFORMED-218
0
1
2
455 510 
0
0
NONTRANSFORMED-219
0
1
2
129 176 
0
0
NONTRANSFORMED-22
0
1
2
39 62 
0
0
NONTRANSFORMED-220
0
1
2
424 496 
0
0
NONTRANSFORMED-221
0
1
2
423 494 
0
0
NONTRANSFORMED-222
0
1
2
99 166 
0
0
NONTRANSFORMED-223
0
1
2
384 480 
0
0
NONTRANSFORMED-224
0
1
2
383 478 
0
0
NONTRANSFORMED-225
0
1
2
454 511 
0
0
NONTRANSFORMED-226
0
1
2
453 509 
0
0
NONTRANSFORMED-227
0
1
2
130 175 
0
0
NONTRANSFORMED-228
0
1
2
422 495 
0
0
NONTRANSFORMED-229
0
1
2
421 493 
0
0
NONTRANSFORMED-23
0
1
2
223 328 
0
0
NONTRANSFORMED-230
0
1
2
100 165 
0
0
NONTRANSFORMED-231
0
1
2
382 479 
0
0
NONTRANSFORMED-232
0
1
2
381 477 
0
0
NONTRANSFORMED-233
0
1
2
147 192 
0
0
NONTRANSFORMED-234
0
1
2
148 191 
0
0
NONTRANSFORMED-235
0
1
2
19 29 
0
0
NONTRANSFORMED-236
0
1
2
127 182 
0
0
NONTRANSFORMED-237
0
1
2
128 181 
0
0
NONTRANSFORMED-238
0
1
2
13 27 
0
0
NONTRANSFORMED-239
0
1
2
97 172 
0
0
NONTRANSFORMED-24
0
1
2
224 327 
0
0
NONTRANSFORMED-240
0
1
2
98 171 
0
0
NONTRANSFORMED-241
0
1
2
672 723 
0
0
NONTRANSFORMED-242
0
1
2
671 724 
0
0
NONTRANSFORMED-243
0
1
2
282 321 
0
0
NONTRANSFORMED-244
0
1
2
688 755 
0
0
NONTRANSFORMED-245
0
1
2
687 756 
0
0
NONTRANSFORMED-246
0
1
2
296 341 
0
0
NONTRANSFORMED-247
0
1
2
704 775 
0
0
NONTRANSFORMED-248
0
1
2
703 776 
0
0
NONTRANSFORMED-249
0
1
2
670 721 
0
0
NONTRANSFORMED-25
0
1
2
539 779 
0
0
NONTRANSFORMED-250
0
1
2
669 722 
0
0
NONTRANSFORMED-251
0
1
2
281 322 
0
0
NONTRANSFORMED-252
0
1
2
686 753 
0
0
NONTRANSFORMED-253
0
1
2
685 754 
0
0
NONTRANSFORMED-254
0
1
2
295 342 
0
0
NONTRANSFORMED-255
0
1
2
702 773 
0
0
NONTRANSFORMED-256
0
1
2
701 774 
0
0
NONTRANSFORMED-26
0
1
2
537 780 
0
0
NONTRANSFORMED-27
0
1
2
196 343 
0
0
NONTRANSFORMED-28
0
1
2
575 759 
0
0
NONTRANSFORMED-29
0
1
2
573 760 
0
0
NONTRANSFORMED-3
0
1
2
234 312 
0
0
NONTRANSFORMED-30
0
1
2
228 329 
0
0
NONTRANSFORMED-31
0
1
2
599 727 
0
0
NONTRANSFORMED-32
0
1
2
597 728 
0
0
NONTRANSFORMED-33
0
1
2
540 777 
0
0
NONTRANSFORMED-34
0
1
2
538 778 
0
0
NONTRANSFORMED-35
0
1
2
195 344 
0
0
NONTRANSFORMED-36
0
1
2
576 757 
0
0
NONTRANSFORMED-37
0
1
2
574 758 
0
0
NONTRANSFORMED-38
0
1
2
227 330 
0
0
NONTRANSFORMED-385
0
1
3
44 543 603 
0
0
NONTRANSFORMED-386
0
1
2
544 604 
0
0
NONTRANSFORMED-387
0
1
2
204 210 
0
0
NONTRANSFORMED-388
0
1
2
527 591 
0
0
NONTRANSFORMED-389
0
1
2
528 592 
0
0
NONTRANSFORMED-39
0
1
2
600 725 
0
0
NONTRANSFORMED-390
0
1
2
199 240 
0
0
NONTRANSFORMED-391
0
1
2
619 644 
0
0
NONTRANSFORMED-392
0
1
2
620 643 
0
0
NONTRANSFORMED-393
0
1
2
541 601 
0
0
NONTRANSFORMED-394
0
1
2
542 602 
0
0
NONTRANSFORMED-395
0
1
2
203 209 
0
0
NONTRANSFORMED-396
0
1
2
525 589 
0
0
NONTRANSFORMED-397
0
1
2
526 590 
0
0
NONTRANSFORMED-398
0
1
2
200 239 
0
0
NONTRANSFORMED-399
0
1
2
617 642 
0
0
NONTRANSFORMED-4
0
1
2
587 743 
0
0
NONTRANSFORMED-40
0
1
2
598 726 
0
0
NONTRANSFORMED-400
0
1
2
618 641 
0
0
NONTRANSFORMED-401
0
1
2
106 153 
0
0
NONTRANSFORMED-402
0
1
2
105 154 
0
0
NONTRANSFORMED-403
0
1
2
7 12 
0
0
NONTRANSFORMED-404
0
1
2
85 142 
0
0
NONTRANSFORMED-405
0
1
2
86 141 
0
0
NONTRANSFORMED-406
0
1
2
3 22 
0
0
NONTRANSFORMED-407
0
1
2
162 187 
0
0
NONTRANSFORMED-408
0
1
2
161 188 
0
0
NONTRANSFORMED-409
0
1
2
388 460 
0
0
NONTRANSFORMED-41
0
1
2
207 274 
0
0
NONTRANSFORMED-410
0
1
2
386 458 
0
0
NONTRANSFORMED-411
0
1
2
76 95 
0
0
NONTRANSFORMED-412
0
1
2
368 439 
0
0
NONTRANSFORMED-413
0
1
2
366 440 
0
0
NONTRANSFORMED-414
0
1
2
68 140 
0
0
NONTRANSFORMED-415
0
1
2
471 507 
0
0
NONTRANSFORMED-416
0
1
2
472 508 
0
0
NONTRANSFORMED-417
0
1
2
387 459 
0
0
NONTRANSFORMED-418
0
1
2
385 457 
0
0
NONTRANSFORMED-419
0
1
2
75 96 
0
0
NONTRANSFORMED-42
0
1
2
208 273 
0
0
NONTRANSFORMED-420
0
1
2
367 437 
0
0
NONTRANSFORMED-421
0
1
2
365 438 
0
0
NONTRANSFORMED-422
0
1
2
67 139 
0
0
NONTRANSFORMED-423
0
1
2
469 505 
0
0
NONTRANSFORMED-424
0
1
2
470 506 
0
0
NONTRANSFORMED-425
0
1
2
107 156 
0
0
NONTRANSFORMED-426
0
1
2
108 155 
0
0
NONTRANSFORMED-427
0
1
2
6 9 
0
0
NONTRANSFORMED-428
0
1
2
88 137 
0
0
NONTRANSFORMED-429
0
1
2
87 138 
0
0
NONTRANSFORMED-43
0
1
2
33 49 
0
0
NONTRANSFORMED-430
0
1
2
2 21 
0
0
NONTRANSFORMED-431
0
1
2
157 184 
0
0
NONTRANSFORMED-432
0
1
2
158 183 
0
0
NONTRANSFORMED-433
0
1
2
712 772 
0
0
NONTRANSFORMED-434
0
1
2
711 771 
0
0
NONTRANSFORMED-435
0
1
2
319 333 
0
0
NONTRANSFORMED-436
0
1
2
736 784 
0
0
NONTRANSFORMED-437
0
1
2
735 783 
0
0
NONTRANSFORMED-438
0
1
2
288 307 
0
0
NONTRANSFORMED-439
0
1
2
663 695 
0
0
NONTRANSFORMED-44
0
1
2
231 290 
0
0
NONTRANSFORMED-440
0
1
2
664 696 
0
0
NONTRANSFORMED-441
0
1
2
710 770 
0
0
NONTRANSFORMED-442
0
1
2
709 769 
0
0
NONTRANSFORMED-443
0
1
2
320 334 
0
0
NONTRANSFORMED-444
0
1
2
734 782 
0
0
NONTRANSFORMED-445
0
1
2
733 781 
0
0
NONTRANSFORMED-446
0
1
2
287 308 
0
0
NONTRANSFORMED-447
0
1
2
661 693 
0
0
NONTRANSFORMED-448
0
1
2
662 694 
0
0
NONTRANSFORMED-45
0
1
2
232 289 
0
0
NONTRANSFORMED-46
0
1
2
41 53 
0
0
NONTRANSFORMED-47
0
1
2
243 300 
0
0
NONTRANSFORMED-48
0
1
2
244 299 
0
0
NONTRANSFORMED-49
0
1
2
650 654 
0
0
NONTRANSFORMED-5
0
1
2
585 744 
0
0
NONTRANSFORMED-50
0
1
2
652 653 
0
0
NONTRANSFORMED-51
0
1
2
264 280 
0
0
NONTRANSFORMED-52
0
1
2
637 674 
0
0
NONTRANSFORMED-53
0
1
2
639 673 
0
0
NONTRANSFORMED-54
0
1
2
254 294 
0
0
NONTRANSFORMED-55
0
1
2
625 690 
0
0
NONTRANSFORMED-56
0
1
2
627 689 
0
0
NONTRANSFORMED-57
0
1
2
649 656 
0
0
NONTRANSFORMED-577
0
1
2
271 277 
0
0
NONTRANSFORMED-578
0
1
2
272 278 
0
0
NONTRANSFORMED-579
0
1
2
47 52 
0
0
NONTRANSFORMED-58
0
1
2
651 655 
0
0
NONTRANSFORMED-580
0
1
2
265 291 
0
0
NONTRANSFORMED-581
0
1
2
266 292 
0
0
NONTRANSFORMED-582
0
1
2
45 54 
0
0
NONTRANSFORMED-583
0
1
2
259 301 
0
0
NONTRANSFORMED-584
0
1
2
260 302 
0
0
NONTRANSFORMED-59
0
1
2
263 279 
0
0
NONTRANSFORMED-6
0
1
2
218 338 
0
0
NONTRANSFORMED-60
0
1
2
638 676 
0
0
NONTRANSFORMED-601
0
1
2
250 314 
0
0
NONTRANSFORMED-602
0
1
2
249 313 
0
0
NONTRANSFORMED-603
0
1
2
42 59 
0
0
NONTRANSFORMED-604
0
1
2
238 340 
0
0
NONTRANSFORMED-605
0
1
2
237 339 
0
0
NONTRANSFORMED-606
0
1
2
40 63 
0
0
NONTRANSFORMED-607
0
1
2
222 348 
0
0
NONTRANSFORMED-608
0
1
2
221 347 
0
0
NONTRANSFORMED-61
0
1
2
640 675 
0
0
NONTRANSFORMED-62
0
1
2
253 293 
0
0
NONTRANSFORMED-63
0
1
2
626 692 
0
0
NONTRANSFORMED-64
0
1
2
628 691 
0
0
NONTRANSFORMED-649
0
1
2
256 269 
0
0
NONTRANSFORMED-650
0
1
2
255 270 
0
0
NONTRANSFORMED-651
0
1
2
26 32 
0
0
NONTRANSFORMED-652
0
1
2
160 185 
0
0
NONTRANSFORMED-653
0
1
2
159 186 
0
0
NONTRANSFORMED-654
0
1
2
25 31 
0
0
NONTRANSFORMED-655
0
1
2
285 306 
0
0
NONTRANSFORMED-656
0
1
2
286 305 
0
0
NONTRANSFORMED-673
0
1
2
213 248 
0
0
NONTRANSFORMED-674
0
1
2
214 247 
0
0
NONTRANSFORMED-675
0
1
2
15 24 
0
0
NONTRANSFORMED-676
0
1
2
104 149 
0
0
NONTRANSFORMED-677
0
1
2
103 150 
0
0
NONTRANSFORMED-678
0
1
2
16 23 
0
0
NONTRANSFORMED-679
0
1
2
318 349 
0
0
NONTRANSFORMED-680
0
1
2
317 350 
0
0
NONTRANSFORMED-7
0
1
2
559 767 
0
0
NONTRANSFORMED-721
0
1
2
245 315 
0
0
NONTRANSFORMED-722
0
1
2
246 316 
0
0
NONTRANSFORMED-723
0
1
2
36 57 
0
0
NONTRANSFORMED-724
0
1
2
201 351 
0
0
NONTRANSFORMED-725
0
1
2
202 352 
0
0
NONTRANSFORMED-726
0
1
2
35 50 
0
0
NONTRANSFORMED-727
0
1
2
267 275 
0
0
NONTRANSFORMED-728
0
1
2
268 276 
0
0
NONTRANSFORMED-745
0
1
2
212 346 
0
0
NONTRANSFORMED-746
0
1
2
211 345 
0
0
NONTRANSFORMED-747
0
1
2
37 61 
0
0
NONTRANSFORMED-748
0
1
2
242 326 
0
0
NONTRANSFORMED-749
0
1
2
241 325 
0
0
NONTRANSFORMED-750
0
1
2
43 55 
0
0
NONTRANSFORMED-751
0
1
2
258 304 
0
0
NONTRANSFORMED-752
0
1
2
257 303 
0
0
NONTRANSFORMED-793
0
1
1
56 
0
0
NONTRANSFORMED-796
0
1
1
48 
0
0
NONTRANSFORMED-799
0
1
1
51 
0
0
NONTRANSFORMED-8
0
1
2
557 768 
0
0
NONTRANSFORMED-802
0
1
1
60 
0
0
NONTRANSFORMED-9
0
1
2
612 705 
0
0
SET-1
0
1
64
7 8 20 24 34 36 42 44 77 78 133 134 151 152 153 154 197 198 203 204 205 206 233 234 235 236 245 246 247 248 249 250 465 466 467 468 529 530 531 532 577 578 579 580 601 602 603 604 605 606 607 608 609 610 611 612 897 898 899 900 901 902 903 904 
0
0
SET-10
0
1
64
5 6 7 8 19 20 23 24 73 74 75 76 77 78 79 80 129 130 133 134 135 136 147 148 149 150 151 152 153 154 155 156 357 358 359 360 425 426 427 428 453 454 455 456 457 458 459 460 461 462 463 464 465 466 467 468 825 826 827 828 829 830 831 832 
0
0
SET-11
0
1
64
5 8 10 11 13 14 19 20 79 80 91 92 99 100 109 110 111 112 119 120 121 122 127 128 129 130 131 132 133 134 135 136 389 390 391 392 405 406 407 408 421 422 423 424 425 426 427 428 429 430 431 432 433 434 435 436 809 810 811 812 813 814 815 816 
0
0
SET-12
0
1
64
9 10 11 12 13 14 15 16 89 90 91 92 93 94 95 96 97 98 99 100 101 102 103 104 105 106 107 108 109 110 111 112 377 378 379 380 381 382 383 384 385 386 387 388 389 390 391 392 393 394 395 396 397 398 399 400 793 794 795 796 797 798 799 800 
0
0
SET-13
0
1
64
1 2 3 4 5 6 7 8 65 66 67 68 69 70 71 72 73 74 75 76 77 78 79 80 81 82 83 84 85 86 87 88 353 354 355 356 357 358 359 360 361 362 363 364 365 366 367 368 369 370 371 372 373 374 375 376 785 786 787 788 789 790 791 792 
0
0
SET-14
0
1
64
1 4 5 8 10 11 17 18 71 72 79 80 81 82 83 84 91 92 113 114 115 116 117 118 119 120 121 122 123 124 125 126 361 362 363 364 401 402 403 404 405 406 407 408 409 410 411 412 413 414 415 416 417 418 419 420 801 802 803 804 805 806 807 808 
0
0
SET-15
0
1
64
9 10 11 12 17 18 21 22 89 90 91 92 93 94 95 96 117 118 123 124 125 126 137 138 139 140 141 142 143 144 145 146 377 378 379 380 409 410 411 412 437 438 439 440 441 442 443 444 445 446 447 448 449 450 451 452 817 818 819 820 821 822 823 824 
0
0
SET-16
0
1
64
1 2 3 4 29 30 31 32 65 66 67 68 69 70 71 72 173 174 175 176 177 178 183 184 185 186 187 188 189 190 191 192 353 354 355 356 489 490 491 492 505 506 507 508 509 510 511 512 513 514 515 516 517 518 519 520 849 850 851 852 853 854 855 856 
0
0
SET-17
0
1
64
1 4 17 18 27 28 29 30 71 72 113 114 115 116 117 118 163 164 165 166 167 168 173 174 175 176 177 178 179 180 181 182 401 402 403 404 473 474 475 476 489 490 491 492 493 494 495 496 497 498 499 500 501 502 503 504 841 842 843 844 845 846 847 848 
0
0
SET-18
0
1
64
17 18 21 22 25 26 27 28 117 118 139 140 143 144 145 146 157 158 159 160 161 162 163 164 165 166 167 168 169 170 171 172 441 442 443 444 469 470 471 472 473 474 475 476 477 478 479 480 481 482 483 484 485 486 487 488 833 834 835 836 837 838 839 840 
0
0
SET-19
0
1
64
5 6 19 23 57 58 59 60 73 74 135 136 147 148 155 156 309 310 311 312 313 314 315 316 317 318 319 320 321 322 323 324 461 462 463 464 705 706 707 708 709 710 711 712 713 714 715 716 717 718 719 720 721 722 723 724 953 954 955 956 957 958 959 960 
0
0
SET-2
0
1
64
8 11 14 20 34 39 40 42 109 110 121 122 131 132 133 134 197 198 215 216 217 218 219 220 229 230 233 234 235 236 237 238 433 434 435 436 545 546 547 548 565 566 567 568 577 578 579 580 581 582 583 584 585 586 587 588 881 882 883 884 885 886 887 888 
0
0
SET-20
0
1
64
5 10 13 19 58 59 62 63 111 112 119 120 127 128 135 136 311 312 321 322 323 324 331 332 335 336 337 338 339 340 341 342 429 430 431 432 713 714 715 716 741 742 743 744 745 746 747 748 749 750 751 752 753 754 755 756 969 970 971 972 973 974 975 976 
0
0
SET-21
0
1
64
9 10 13 16 61 62 63 64 89 90 97 98 107 108 111 112 327 328 331 332 333 334 337 338 341 342 345 346 347 348 349 350 393 394 395 396 737 738 739 740 745 746 747 748 765 766 767 768 769 770 771 772 773 774 775 776 985 986 987 988 989 990 991 992 
0
0
SET-22
0
1
64
1 2 5 6 49 50 57 58 65 66 73 74 83 84 87 88 273 274 283 284 287 288 309 310 319 320 323 324 343 344 351 352 369 370 371 372 665 666 667 668 717 718 719 720 761 762 763 764 777 778 779 780 781 782 783 784 993 994 995 996 997 998 999 1000 
0
0
SET-23
0
1
64
1 5 10 17 49 53 58 62 83 84 113 114 119 120 125 126 283 284 289 290 297 298 323 324 329 330 331 332 335 336 343 344 413 414 415 416 681 682 683 684 729 730 731 732 749 750 751 752 757 758 759 760 761 762 763 764 977 978 979 980 981 982 983 984 
0
0
SET-24
0
1
64
9 10 17 21 53 55 61 62 89 90 125 126 137 138 145 146 297 298 299 300 307 308 325 326 327 328 329 330 331 332 333 334 445 446 447 448 697 698 699 700 725 726 727 728 729 730 731 732 733 734 735 736 737 738 739 740 961 962 963 964 965 966 967 968 
0
0
SET-25
0
1
64
1 2 29 31 49 50 51 52 65 66 173 174 183 184 191 192 273 274 275 276 277 278 279 280 281 282 283 284 285 286 287 288 513 514 515 516 653 654 655 656 657 658 659 660 661 662 663 664 665 666 667 668 669 670 671 672 929 930 931 932 933 934 935 936 
0
0
SET-26
0
1
64
1 17 27 29 49 52 53 54 113 114 163 164 173 174 181 182 279 280 281 282 283 284 289 290 291 292 293 294 295 296 297 298 497 498 499 500 657 658 659 660 673 674 675 676 677 678 679 680 681 682 683 684 685 686 687 688 937 938 939 940 941 942 943 944 
0
0
SET-27
0
1
64
17 21 25 27 53 54 55 56 145 146 157 158 163 164 171 172 293 294 295 296 297 298 299 300 301 302 303 304 305 306 307 308 481 482 483 484 677 678 679 680 689 690 691 692 693 694 695 696 697 698 699 700 701 702 703 704 945 946 947 948 949 950 951 952 
0
0
SET-3
0
1
64
11 12 14 15 37 38 39 40 93 94 101 102 105 106 109 110 209 210 211 212 213 214 215 216 217 218 219 220 221 222 223 224 397 398 399 400 541 542 543 544 545 546 547 548 549 550 551 552 553 554 555 556 557 558 559 560 865 866 867 868 869 870 871 872 
0
0
SET-4
0
1
64
3 4 7 8 33 34 35 36 69 70 77 78 81 82 85 86 193 194 195 196 197 198 199 200 201 202 203 204 205 206 207 208 373 374 375 376 521 522 523 524 525 526 527 528 529 530 531 532 533 534 535 536 537 538 539 540 857 858 859 860 861 862 863 864 
0
0
SET-5
0
1
64
4 8 11 18 33 34 39 41 81 82 115 116 121 122 123 124 193 194 195 196 197 198 215 216 225 226 227 228 229 230 231 232 417 418 419 420 521 522 523 524 561 562 563 564 565 566 567 568 569 570 571 572 573 574 575 576 873 874 875 876 877 878 879 880 
0
0
SET-6
0
1
64
11 12 18 22 37 39 41 43 93 94 123 124 141 142 143 144 209 210 215 216 223 224 225 226 227 228 239 240 241 242 243 244 449 450 451 452 553 554 555 556 561 562 563 564 589 590 591 592 593 594 595 596 597 598 599 600 889 890 891 892 893 894 895 896 
0
0
SET-7
0
1
64
3 4 30 32 33 35 47 48 69 70 177 178 187 188 189 190 193 194 199 200 207 208 261 262 263 264 267 268 269 270 271 272 517 518 519 520 533 534 535 536 629 630 631 632 641 642 643 644 645 646 647 648 649 650 651 652 921 922 923 924 925 926 927 928 
0
0
SET-8
0
1
64
4 18 28 30 33 41 45 47 115 116 167 168 177 178 179 180 193 194 225 226 231 232 251 252 253 254 261 262 263 264 265 266 501 502 503 504 569 570 571 572 613 614 615 616 629 630 631 632 633 634 635 636 637 638 639 640 913 914 915 916 917 918 919 920 
0
0
SET-9
0
1
64
18 22 26 28 41 43 45 46 143 144 161 162 167 168 169 170 225 226 239 240 243 244 251 252 253 254 255 256 257 258 259 260 485 486 487 488 593 594 595 596 613 614 615 616 617 618 619 620 621 622 623 624 625 626 627 628 905 906 907 908 909 910 911 912 
0
0
0
0
0
