0.000000000000000000e+00
-7.661225923270034667e-06
-1.532246273114037862e-05
-2.298371496620539377e-05
-3.064497625715593309e-05
-3.830625023711640363e-05
-4.596754235809621410e-05
-5.362889990848824508e-05
-6.129108685009075153e-05
-6.896117531565087793e-05
-7.668223834259844691e-05
-8.460745411091231028e-05
-9.308090981681256993e-05
-1.026013350129543106e-04
-1.135434914671987455e-04
-1.260447943375544609e-04
-1.400363552786889677e-04
-1.553790560301857580e-04
-1.719249069277685644e-04
-1.895130071206666455e-04
-2.079839052589033382e-04
-2.271979000660473012e-04
-2.470479456338262026e-04
-2.674612945827273313e-04
-2.883804333450015658e-04
-3.097568692972644958e-04
-3.315515097903658703e-04
-3.537282014193125291e-04
-3.762649057089504528e-04
-3.991313213750158980e-04
-4.223039288059693224e-04
-4.457594411598073602e-04
-4.694776855629498248e-04
-4.934414290066356165e-04
-5.176364366348839858e-04
-5.420510928727707714e-04
-5.666752660379015521e-04
-5.914996391541594992e-04
-6.165159429753063348e-04
-6.417168979785930344e-04
-6.670967963431091285e-04
-6.926513852247392260e-04
-7.183772262519790355e-04
-7.442715210494789705e-04
-7.703319949494728206e-04
-7.965566644280150160e-04
-8.229441282060765469e-04
-8.494929851409969675e-04
-8.762024161428232961e-04
-9.030716020654345902e-04
-9.301004220440722186e-04
-9.572889877834297448e-04
-9.846372362120312839e-04
-1.012145918846389485e-03
-1.039815612483827034e-03
-1.067647010213603745e-03
-1.095641037994736109e-03
-1.123798854557048676e-03
-1.152121967810496765e-03
-1.180611769231932522e-03
-1.209269999325731770e-03
-1.238098398401554128e-03
-1.267099172115523269e-03
-1.296274293115727474e-03
-1.325625966641947673e-03
-1.355156514085258893e-03
-1.384868256666979157e-03
-1.414763864632388127e-03
-1.444846007939699743e-03
-1.475117472886777227e-03
-1.505581161812249557e-03
-1.536240093385414984e-03
-1.567097285958160514e-03
-1.598155990637932771e-03
-1.629419923631590921e-03
-1.660892102694920894e-03
-1.692576476320069431e-03
-1.724476876437530583e-03
-1.756597367453287999e-03
-1.788942246129957307e-03
-1.821515576214472951e-03
-1.854322119557717721e-03
-1.887366753947943270e-03
-1.920654240507393669e-03
-1.954189572813402886e-03
-1.987978442321713165e-03
-2.022026074669831634e-03
-2.056338509655749897e-03
-2.090921321177617847e-03
-2.125781479285234962e-03
-2.160924789880932628e-03
-2.196358454665600993e-03
-2.232089209634407091e-03
-2.268124721110658000e-03
-2.304472422162726769e-03
-2.341140443523814698e-03
-2.378137147888319865e-03
-2.415471596033166597e-03
-2.453152149173552961e-03
-2.491189030335017474e-03
-2.529591995912855960e-03
-2.568371965281519495e-03
-2.607538926339127757e-03
-2.647105193202845940e-03
-2.687083078846086177e-03
-2.727484197704722457e-03
-2.768322955364241854e-03
-2.809612825830408792e-03
-2.851368910864580334e-03
-2.893606543632869146e-03
-2.936342219646799652e-03
-2.979593131796336863e-03
-3.023377634144355786e-03
-3.067715243195275922e-03
-3.112626404953637745e-03
-3.158132726817668677e-03
-3.204257210141155197e-03
-3.251024251600911040e-03
-3.298460106038691303e-03
-3.346592190098778528e-03
-3.395449313843458203e-03
-3.445063774948385789e-03
-3.495468101503728005e-03
-3.546698308024595018e-03
-3.598792500519292642e-03
-3.651791573072057408e-03
-3.705738742838865160e-03
-3.760680712941045362e-03
-3.816667903915804769e-03
-3.873754686186672673e-03
-3.931998217903793884e-03
-3.991461698920908963e-03
-4.052211812967570874e-03
-4.114321983952669987e-03
-4.177870279458706371e-03
-4.242941273951558560e-03
-4.309626045104454455e-03
-4.378048228401935221e-03
-4.448270032128987667e-03
-4.520429956297984664e-03
-4.594654387060039501e-03
-4.671079463855612630e-03
-4.749855728568242071e-03
-4.831144867370074092e-03
-4.915124365830947015e-03
-5.001984242789665226e-03
-5.091932166848027984e-03
-5.185192986515600039e-03
-5.282012911669495964e-03
-5.382658576644419081e-03
-5.487420287175733512e-03
-5.596615281358919766e-03
-5.710584935718126566e-03
-5.829695209430879078e-03
-5.954347791583328858e-03
-6.084975920206709722e-03
-6.222051340824546681e-03
-6.366085209648086711e-03
-6.517629985829026529e-03
-6.677284964200597313e-03
-6.845707851311294383e-03
-7.023609649573555637e-03
-7.211773804613540173e-03
-7.411047588815925305e-03
-7.622352925949966648e-03
-7.846708112973863752e-03
-8.085245649553110536e-03
-8.339198935448851116e-03
-8.609923181035122886e-03
-8.898899440656424589e-03
-9.207770276750805102e-03
-9.538326846435980083e-03
-9.892544061108116474e-03
-1.027258014277357238e-02
-1.068083948622744646e-02
-1.111985036653345520e-02
-1.159247064749681887e-02
-1.179047029304798253e-02
-1.204209583013955871e-02
-1.235338618583426383e-02
-1.273023920615198694e-02
-1.317983470281431507e-02
-1.371199075029904541e-02
-1.397266294481834016e-02
-1.428761899534707405e-02
-1.466294999393915298e-02
-1.510612557768988874e-02
-1.562612300912642749e-02
-1.623417611474711753e-02
-1.694444239211820996e-02
-1.777524639782128435e-02
-1.819598910889018081e-02
-1.869703082238770991e-02
-1.928602677827939357e-02
-1.997407010623324791e-02
-2.077400037913345460e-02
-2.119489924220173752e-02
-2.168162935168084504e-02
-2.224238661019328073e-02
-2.288654586372134217e-02
-2.362490478707844968e-02
-2.402019682998525821e-02
-2.446921564211097452e-02
-2.497921725590646069e-02
-2.525643713840850998e-02
-2.556744204751277075e-02
-2.591697133537953709e-02
-2.630993007998113850e-02
-2.675179413736574266e-02
-2.724871908463240289e-02
-2.780765632056564352e-02
-2.843647056215006796e-02
-2.914409784094722233e-02
-2.994072691017134191e-02
-3.083802969886403553e-02
-3.184941752173953144e-02
-3.239479255497172694e-02
-3.300735121790200621e-02
-3.369576103471940559e-02
-3.446927847096032532e-02
-3.533840886993182273e-02
-3.631511976278016529e-02
-3.741308243931316946e-02
-3.864855642064227159e-02
-3.931774531980999909e-02
-4.006744307059838250e-02
-4.090779503250777105e-02
-4.184973115236066687e-02
-4.290560469001550997e-02
-4.408956654397040015e-02
-4.473453462703280009e-02
-4.545396076580579536e-02
-4.584839761777312339e-02
-4.628601762187033175e-02
-4.677207731806854590e-02
-4.731223850501185824e-02
-4.791276447322843218e-02
-4.858067508187826483e-02
-4.932386766331624262e-02
-5.015122392591745554e-02
-5.060426403190881189e-02
-5.110625340440943382e-02
-5.166321094796637314e-02
-5.228147416261717112e-02
-5.296811701825285268e-02
-5.373106798988237787e-02
-5.414912947437137969e-02
-5.461188150655740814e-02
-5.512454582918881879e-02
-5.569283199839940302e-02
-5.632306927104747951e-02
-5.702235413021948529e-02
-5.779865683527904419e-02
-5.866098612634543241e-02
-5.961955780108784547e-02
-6.068592610057911563e-02
-6.187317806111550939e-02
-6.319614662217720724e-02
-6.391971646672045537e-02
-6.472304672832610017e-02
-6.561585432544168872e-02
-6.660873670566204441e-02
-6.771362307983072593e-02
-6.894411610126444101e-02
-6.961849451261734045e-02
-7.036647322613215350e-02
-7.119700223621200363e-02
-7.211978213900030465e-02
-7.314574542675326974e-02
-7.428729284904503349e-02
-7.555850937294793235e-02
-7.625578299441351793e-02
-7.702902370013837985e-02
-7.788738494840966031e-02
-7.884090327352642757e-02
-7.990085130645989409e-02
-8.048297195226447598e-02
-8.112742228730368543e-02
-8.184156087794629275e-02
-8.263339232272144674e-02
-8.351188867564368623e-02
-8.448712408402059282e-02
-8.502287414613432515e-02
-8.561541326170052368e-02
-8.627135251150572226e-02
-8.699787315142398780e-02
-8.780298715479112337e-02
-8.869567233185200739e-02
-8.968604818952373436e-02
-9.078549279774555947e-02
-9.200678168988554728e-02
-9.267719258244593028e-02
-9.341916178823275740e-02
-9.424101723602267000e-02
-9.515183708534669105e-02
-9.616179440610649054e-02
-9.728229054284531774e-02
-9.789757065358563326e-02
-9.857786954641407917e-02
-9.933065531497892175e-02
-1.001640366488725231e-01
-1.010870269448460590e-01
-1.021097359122670606e-01
-1.032434123572993634e-01
-1.045006728767669535e-01
-1.051905168038720917e-01
-1.059531738969645559e-01
-1.067968257358293399e-01
-1.077304700544731153e-01
-1.087641075283343473e-01
-1.099088730976406497e-01
-1.105370409779352636e-01
-1.112308251532817677e-01
-1.119975023426760807e-01
-1.128450285175993939e-01
-1.137822023019912088e-01
-1.148188035404826834e-01
-1.153876752154805313e-01
-1.160154460809947885e-01
-1.167085934883970166e-01
-1.174741608104568624e-01
-1.183199741564580076e-01
-1.192547142717578640e-01
-1.202880397723133377e-01
-1.214306548192951862e-01
-1.226945618165046215e-01
-1.240930426663925806e-01
-1.256409691439357434e-01
-1.264885185460785655e-01
-1.274249306601403509e-01
-1.284598552654006576e-01
-1.296040702480213413e-01
-1.308695144272855604e-01
-1.322696706759221019e-01
-1.330369039507200701e-01
-1.338841109427820197e-01
-1.348199838037023313e-01
-1.358541848428671817e-01
-1.369974378814298177e-01
-1.382617625314851162e-01
-1.396606857297778836e-01
-1.412093016203548324e-01
-1.420575654337970228e-01
-1.429948924863024551e-01
-1.440309984027914603e-01
-1.451768677426920062e-01
-1.464447754836082638e-01
-1.471403492752246522e-01
-1.479084613630406719e-01
-1.487570747037459951e-01
-1.496950834726392399e-01
-1.507324663788828234e-01
-1.518803834318048496e-01
-1.531514340218133596e-01
-1.545599208831726079e-01
-1.561220589584050855e-01
-1.578563845357284778e-01
-1.597842647026359031e-01
-1.619302169705910954e-01
-1.631080391188405865e-01
-1.644153877363788707e-01
-1.658670303095327592e-01
-1.674805023264550607e-01
-1.692756563248636048e-01
-1.702625618452227596e-01
-1.713566668889024425e-01
-1.725701297145392221e-01
-1.739171614221500517e-01
-1.754137906592451168e-01
-1.770783522405165733e-01
-1.789318092364626800e-01
-1.809984680503335663e-01
-1.821355218614761906e-01
-1.833982348320029598e-01
-1.848010078265325817e-01
-1.863611060488699345e-01
-1.880979494272449482e-01
-1.890542838074821264e-01
-1.901147072244724068e-01
-1.912910835261695808e-01
-1.925972243551083707e-01
-1.940488224574781762e-01
-1.956637734448071209e-01
-1.974624153737552512e-01
-1.994683056875002913e-01
-2.005731384791920036e-01
-2.017998768687444267e-01
-2.031624946408045196e-01
-2.046775514371236282e-01
-2.063639084767440457e-01
-2.082436131468294593e-01
-2.092789786415866216e-01
-2.104278421897063378e-01
-2.117030288322727660e-01
-2.131197012902919519e-01
-2.146950799932976217e-01
-2.164490866457676466e-01
-2.174151600144315633e-01
-2.184862908904659229e-01
-2.196742004931271919e-01
-2.209927011059250324e-01
-2.224575061649043395e-01
-2.240864848197293702e-01
-2.259004191054327371e-01
-2.268996537311920025e-01
-2.280078241839274267e-01
-2.292371030071180815e-01
-2.306019710289749503e-01
-2.321187982481973111e-01
-2.329545087156896788e-01
-2.338800690290167295e-01
-2.349053554258048737e-01
-2.360419824934485156e-01
-2.361356596240399564e-01
