0.000000000000000000e+00
3.660319223053321025e-06
7.320656266740499518e-06
1.098101135854623323e-05
1.464138381634949582e-05
1.830177409500866048e-05
2.196218219430168261e-05
2.562261448113556384e-05
2.928315281403026660e-05
3.294457940372641502e-05
3.661170395818924561e-05
4.030270665777990757e-05
4.406583057792179403e-05
4.799984749292995900e-05
5.225887952786667512e-05
5.702043121269539938e-05
6.244041345360162865e-05
6.862978400323793693e-05
7.560857201582837916e-05
8.331785734116969877e-05
9.165324552262710256e-05
1.004842291891794304e-04
1.096906224504756722e-04
1.191925856975917242e-04
1.289353389340996969e-04
1.388738811886058855e-04
1.489703997804570079e-04
1.591959220866856484e-04
1.695343111374203460e-04
1.799719176737157866e-04
1.905012481673296065e-04
2.011169629594355968e-04
2.118142464492267507e-04
2.225882540306534096e-04
2.334344324074200117e-04
2.443485777690046490e-04
2.553268211618053840e-04
2.663656138728320855e-04
2.774623678415411021e-04
2.886151936460912282e-04
2.998228713890771502e-04
3.110845886885593714e-04
3.223997951099510928e-04
3.337683185734574565e-04
3.451900159993082084e-04
3.566650353808986651e-04
3.681934082350180049e-04
3.797751952064887249e-04
3.914103114172062803e-04
4.030985555786292807e-04
4.148397555574501183e-04
4.266337683642706935e-04
4.384806548110020685e-04
4.503805339297617394e-04
4.623337867921684108e-04
4.743407944609590032e-04
4.864019962673715725e-04
4.985178315781713110e-04
5.106888854126134802e-04
5.229155099202298373e-04
5.351982902882523874e-04
5.475379864871010582e-04
5.599353003435947329e-04
5.723909920160030751e-04
5.849058799787254515e-04
5.974808410039722517e-04
6.101167519406702766e-04
6.228146061874051398e-04
6.355753389889473581e-04
6.484001186202181799e-04
6.612899387091752956e-04
6.742460259817617541e-04
6.872696072359740782e-04
7.003618511283171699e-04
7.135241594183883151e-04
7.267577592264817810e-04
7.400639942967135454e-04
7.534441502530242474e-04
7.668995710732318116e-04
7.804316009010214827e-04
7.940417005394273531e-04
8.077310978821250487e-04
8.215014287825672668e-04
8.353540379477664146e-04
8.492905615561374688e-04
8.633125776469352530e-04
8.774217227014435849e-04
8.916197499120315229e-04
9.059082961540010359e-04
9.202891149420189265e-04
9.347642513962695077e-04
9.493353429460560378e-04
9.640044351563181735e-04
9.787734571944373130e-04
9.936445716345332357e-04
1.008619708185776176e-03
1.023701204696525480e-03
1.038891282752585354e-03
1.054192164254508235e-03
1.069606187938498820e-03
1.085136042490497665e-03
1.100784183865610721e-03
1.116553417975563178e-03
1.132446551173948990e-03
1.148466273598658383e-03
1.164615625497078533e-03
1.180897647548584395e-03
1.197315847159652336e-03
1.213873265902054577e-03
1.230573645299104513e-03
1.247420261132892172e-03
1.264417205672274669e-03
1.281568455348991442e-03
1.298877870632431097e-03
1.316350012015576887e-03
1.333989207711883118e-03
1.351800252991419704e-03
1.369787943986677803e-03
1.387957777145287785e-03
1.406314900266547596e-03
1.424865394784813333e-03
1.443615343345361346e-03
1.462570829769416214e-03
1.481738871922488876e-03
1.501126605686131654e-03
1.520741285025550837e-03
1.540591098392662950e-03
1.560684469225415150e-03
1.581030405931493910e-03
1.601638618544232173e-03
1.622519169525493687e-03
1.643683173101928574e-03
1.665141862932983940e-03
1.686908108157858521e-03
1.708994664547658360e-03
1.731416157378040666e-03
1.754187215862401672e-03
1.777332041846158006e-03
1.800854068437662825e-03
1.824779140199406235e-03
1.849127854556487094e-03
1.873922681486894781e-03
1.899188313799538008e-03
1.924951436506172620e-03
1.951239678414484757e-03
1.978083944615405265e-03
2.005517950919744052e-03
2.033579042684752203e-03
2.062307962168774544e-03
2.091750366768230229e-03
2.121955900759697755e-03
2.152977266623112840e-03
2.184871627107454195e-03
2.217702934780074742e-03
2.251541942597135026e-03
2.286467837457228924e-03
2.322565922492914048e-03
2.359931343062782183e-03
2.398666542562377657e-03
2.438881492029532083e-03
2.480699079046244648e-03
2.524260244943232756e-03
2.569702070274959560e-03
2.617200011761577905e-03
2.666943669995314181e-03
2.719137310277397468e-03
2.773995422280517431e-03
2.831779082953289617e-03
2.892752671658005426e-03
2.957228271389000795e-03
3.025528965539092674e-03
3.098052017046604156e-03
3.175177043988064440e-03
3.257395303691179578e-03
3.345164235760145210e-03
3.439071266746251965e-03
3.539694911048774095e-03
3.580985096321653849e-03
3.634034445653466783e-03
3.699896605159680441e-03
3.779603559532662693e-03
3.874523347345948387e-03
3.986605205327453660e-03
4.040829519212141285e-03
4.106666028926952983e-03
4.185264317566383951e-03
4.278042370651324866e-03
4.386793859268101059e-03
4.513773424126621414e-03
4.661840037594733310e-03
4.834684356971763464e-03
4.921725564941303865e-03
5.025472643211070789e-03
5.147522723397246480e-03
5.290008364761789039e-03
5.455502784997956489e-03
5.542357093128114087e-03
5.642882803368554079e-03
5.758659756074702152e-03
5.891596654260755628e-03
6.043888821884557672e-03
6.125326571115641272e-03
6.217930049263409309e-03
6.323045006730643181e-03
6.380098568325109909e-03
6.444197220996761288e-03
6.516219144481083525e-03
6.597154290224782613e-03
6.688120966071964268e-03
6.790379071397234512e-03
6.905351244478996620e-03
7.034643695507325489e-03
7.180078471158979347e-03
7.343721693884308621e-03
7.527938160599045858e-03
7.735413901507448564e-03
7.847409750057598998e-03
7.973220482573761814e-03
8.114432164054274921e-03
8.272943547330213754e-03
8.450905948493736553e-03
8.650761735412126896e-03
8.875271408936957762e-03
9.127658192541465709e-03
9.264726140703838375e-03
9.418218131241329338e-03
9.589974478757867793e-03
9.782202814031193405e-03
9.997411463916638930e-03
1.023840491431926569e-02
1.037005945435931498e-02
1.051683501540867649e-02
1.059734383222499243e-02
1.068667355415620079e-02
1.078578488632975230e-02
1.089580914058896344e-02
1.101800472779790319e-02
1.115378045911386007e-02
1.130469525555222177e-02
1.147248625541130718e-02
1.156454334275514029e-02
1.166651345986080557e-02
1.177947689061265013e-02
1.190468023256174845e-02
1.204351105411638478e-02
1.219752240922600262e-02
1.228207763147470821e-02
1.237561434955924966e-02
1.247907687361404783e-02
1.259357332652111250e-02
1.272033759110646756e-02
1.286075320285318124e-02
1.301637022758628248e-02
1.318892420887751715e-02
1.338031612043200091e-02
1.359267320512846933e-02
1.382842456450050772e-02
1.409035418976789522e-02
1.423433430311726866e-02
1.439359651238525384e-02
1.456992376656374155e-02
1.476529004333870798e-02
1.498186778458077129e-02
1.522215805407800548e-02
1.535436017806435238e-02
1.550040682538267323e-02
1.566193563042228565e-02
1.584073751373749062e-02
1.603881079268898446e-02
1.625832975063024044e-02
1.650180078284246843e-02
1.663581639327482709e-02
1.678376886876986607e-02
1.694731778569236180e-02
1.712825462318190439e-02
1.732855532532362464e-02
1.743884464620903962e-02
1.756050227554717402e-02
1.769484387285580329e-02
1.784329829208353146e-02
1.800745987586283015e-02
1.818910462323686250e-02
1.828916369942945597e-02
1.839950024685599317e-02
1.852127519257007471e-02
1.865575334177005384e-02
1.880433241436640923e-02
1.896855369046046569e-02
1.915011716595449442e-02
1.935089785916543903e-02
1.957304746959576125e-02
1.969540375204326121e-02
1.983025693753648344e-02
1.997906799102855402e-02
2.014338759914191535e-02
2.032492040721844972e-02
2.052555218604734666e-02
2.063604500437332678e-02
2.075775269240620613e-02
2.089197216030713733e-02
2.104008336837082105e-02
2.120360795760012351e-02
2.138424585634179920e-02
2.158386477701390582e-02
2.180452034304425357e-02
2.192607435971083429e-02
2.205992319171212745e-02
2.220751769860906943e-02
2.237036610237219669e-02
2.255013384189352710e-02
2.274864253540553882e-02
2.285803480300641066e-02
2.297842090388368952e-02
2.311108517515658711e-02
2.325737337998190490e-02
2.341875856052111349e-02
2.359686385284009980e-02
2.369501363236092839e-02
2.380299742440961097e-02
2.392193354142335693e-02
2.405302262584008144e-02
2.419756729047151111e-02
2.435702697301933561e-02
2.453300557620530231e-02
2.472727425746079621e-02
2.494179286900688464e-02
2.517873792566249769e-02
2.544039838750056237e-02
2.558469594260559532e-02
2.574325886049100287e-02
2.591790668703397582e-02
2.611039026797623563e-02
2.632258866033421185e-02
2.655654617800951023e-02
2.668551925443174433e-02
2.682713950745241327e-02
2.698296319125748077e-02
2.715452616001234887e-02
2.734346563047818091e-02
2.755153671007959382e-02
2.778065260905726586e-02
2.803295610032119356e-02
2.817204625822744557e-02
2.832458586943897849e-02
2.849228927384750421e-02
2.867680163066421706e-02
2.887986229841910113e-02
2.899180702415815603e-02
2.911465662027268309e-02
2.924972399619829577e-02
2.939833783429590675e-02
2.956192036810456614e-02
2.974203616175163933e-02
2.994042086611659048e-02
3.015902031288619778e-02
3.040002120275342445e-02
3.066587871036685620e-02
3.095915394699377821e-02
3.128264801835134445e-02
3.146156034551406133e-02
3.165756936810915079e-02
3.187324418755443922e-02
3.211096498261478693e-02
3.237319837485008733e-02
3.251831445701358625e-02
3.267749265817221360e-02
3.285275162016754180e-02
3.304591633249753801e-02
3.325894414138064192e-02
3.349400760441878511e-02
3.375363707665712809e-02
3.404063157704484421e-02
3.419974732774644366e-02
3.437423772513703568e-02
3.456652464511267286e-02
3.477869507323094744e-02
3.501304066024979456e-02
3.514289654204016955e-02
3.528538545893389333e-02
3.544236969916758628e-02
3.561552028988534957e-02
3.580662164485604038e-02
3.601762722893675495e-02
3.625070340410430081e-02
3.650820776158869574e-02
3.665112332125175509e-02
3.680771135995630772e-02
3.698015615898486708e-02
3.717039104350550183e-02
3.738045406661605341e-02
3.761270258962112756e-02
3.774167082378943050e-02
3.788306691206144716e-02
3.803884478865215968e-02
3.821069673939769817e-02
3.840042064137394462e-02
3.861005008365481217e-02
3.872645709893407506e-02
3.885404171878137358e-02
3.899450287343786403e-02
3.914936451322570399e-02
3.932027192862119769e-02
3.950904899360929701e-02
3.971776923079062271e-02
3.983383220198499775e-02
3.996100858335216444e-02
4.010103670965570188e-02
4.025543002111486857e-02
4.042580621403635277e-02
4.052036633469868754e-02
4.062404520164542010e-02
4.073816750544823062e-02
4.086391884682272213e-02
4.087459535622095519e-02
