0.000000000000000000e+00
-1.029509095695768650e-06
-2.058953336381286192e-06
-3.088333287215583312e-06
-4.117648604584633887e-06
-5.146898830521440260e-06
-6.176084643094714721e-06
-7.205208757021797084e-06
-8.234307356635994779e-06
-9.263738114828612424e-06
-1.029590905221589026e-05
-1.134027502813772514e-05
-1.241729305301308983e-05
-1.356109879080413805e-05
-1.482700995242280939e-05
-1.628647987539366682e-05
-1.801831056369440631e-05
-2.007714188162479374e-05
-2.248877209037880576e-05
-2.526213275716449047e-05
-2.838288214213058325e-05
-3.179569273337179425e-05
-3.543657890564544388e-05
-3.926551369493047616e-05
-4.324900254232266761e-05
-4.735289037388623612e-05
-5.154548318947460572e-05
-5.580107886515861537e-05
-6.010527520577957361e-05
-6.445116897502156661e-05
-6.883759562376079444e-05
-7.326347412711653462e-05
-7.772679045969788092e-05
-8.222570621380098643e-05
-8.675901560345478103e-05
-9.132519190691024136e-05
-9.592177776435173442e-05
-1.005460263661661635e-04
-1.051958754360038384e-04
-1.098702306411292184e-04
-1.145687598724798306e-04
-1.192912162165105094e-04
-1.240371189821232178e-04
-1.288057683838661482e-04
-1.335966602692417737e-04
-1.384096466486295363e-04
-1.432448254660156906e-04
-1.481024840764844086e-04
-1.529827334678102169e-04
-1.578856264610739579e-04
-1.628109223256735127e-04
-1.677583646347291513e-04
-1.727276536453437039e-04
-1.777185151345950231e-04
-1.827308204584987550e-04
-1.877644835531766532e-04
-1.928195476493810290e-04
-1.978961851329952282e-04
-2.029946677692961998e-04
-2.081153104976363188e-04
-2.132584401362547233e-04
-2.184243969010624120e-04
-2.236134738381467812e-04
-2.288258765180128940e-04
-2.340619243677566352e-04
-2.393218474703306953e-04
-2.446058453200450344e-04
-2.499142303118984110e-04
-2.552473131446353349e-04
-2.606054457578443895e-04
-2.659889775958879099e-04
-2.713984300894978219e-04
-2.768342354254604842e-04
-2.822969387045182188e-04
-2.877870216784206292e-04
-2.933050265481740304e-04
-2.988514289569144111e-04
-3.044267027900171563e-04
-3.100312886669120971e-04
-3.156656519459066779e-04
-3.213301986464967008e-04
-3.270254141246597968e-04
-3.327517505909427520e-04
-3.385097451526486445e-04
-3.442998716430833994e-04
-3.501227694619468700e-04
-3.559789906233956636e-04
-3.618691058550060902e-04
-3.677937728774893777e-04
-3.737536335391977715e-04
-3.797493058257384035e-04
-3.857814493749556206e-04
-3.918507519538039219e-04
-3.979579170285685308e-04
-4.041036155564281529e-04
-4.102886227946300757e-04
-4.165136184766105032e-04
-4.227794147626529053e-04
-4.290867365820405510e-04
-4.354364001458166378e-04
-4.418293058713884669e-04
-4.482662472981568946e-04
-4.547481355294813454e-04
-4.612759070869443256e-04
-4.678504596554167172e-04
-4.744728340443371550e-04
-4.811440304070546681e-04
-4.878651348854678993e-04
-4.946372036344071077e-04
-5.014614519045501595e-04
-5.083390098960527403e-04
-5.152712178856377889e-04
-5.222592124017877424e-04
-5.293043902401817213e-04
-5.364081190287750545e-04
-5.435718493429497755e-04
-5.507969938104984031e-04
-5.580852161455873706e-04
-5.654380158646166166e-04
-5.728571424195583184e-04
-5.803444156442516544e-04
-5.879015201671888846e-04
-5.955305120082243775e-04
-6.032334220169022210e-04
-6.110123876344464300e-04
-6.188696392295800486e-04
-6.268075607935297278e-04
-6.348285519833796187e-04
-6.429353097990309074e-04
-6.511303534382228975e-04
-6.594166756743735647e-04
-6.677970451207659863e-04
-6.762747356813259003e-04
-6.848528254841945717e-04
-6.935346851137391688e-04
-7.023238775911710974e-04
-7.112240868435981689e-04
-7.202388790612523906e-04
-7.293728022854661930e-04
-7.386298444364003402e-04
-7.480143610199552207e-04
-7.575309640023286661e-04
-7.671842325005506780e-04
-7.769791469929843153e-04
-7.869206733535083487e-04
-7.970143071056590145e-04
-8.072662753892956289e-04
-8.176833744300560092e-04
-8.282731115323294091e-04
-8.390432437950234856e-04
-8.500016269495369592e-04
-8.611561641324594341e-04
-8.725160957709920950e-04
-8.840919884400832984e-04
-8.958944663783885431e-04
-9.079376884100764933e-04
-9.202344580258037254e-04
-9.327994108219717084e-04
-9.456518002565195147e-04
-9.588091355913208602e-04
-9.722890890650481843e-04
-9.861158559473781615e-04
-1.000312763426602913e-03
-1.014912180172578005e-03
-1.029954579401193282e-03
-1.045473397498108969e-03
-1.061514695841814238e-03
-1.078142965140915788e-03
-1.095401851660793291e-03
-1.113349009495778752e-03
-1.132060028512293925e-03
-1.151610173026340611e-03
-1.172070922717149966e-03
-1.193508402651977107e-03
-1.215999003033430004e-03
-1.239581845759341050e-03
-1.264329405102904147e-03
-1.275541103167188162e-03
-1.288718352420614721e-03
-1.304341635123773546e-03
-1.322608859758711564e-03
-1.343629078229047202e-03
-1.367478105219865903e-03
-1.380679141814278310e-03
-1.394868226262113708e-03
-1.410782836539836715e-03
-1.428607395351833009e-03
-1.448403805179521164e-03
-1.470075870102505178e-03
-1.493412915924807738e-03
-1.517907070550827964e-03
-1.533790206867169381e-03
-1.548160383094354664e-03
-1.562641984339308010e-03
-1.577097582256437036e-03
-1.591073138451970514e-03
-1.601252743653136523e-03
-1.609428414519886719e-03
-1.616552902794610169e-03
-1.622450600632818762e-03
-1.626620196343686597e-03
-1.631028256376565455e-03
-1.633341147985301056e-03
-1.634111277650451832e-03
-1.635350650463440747e-03
-1.635589604943976649e-03
-1.634960740731161710e-03
-1.633315374034050027e-03
-1.630419419176354356e-03
-1.625954774928217716e-03
-1.619502553379448262e-03
-1.610523766465588036e-03
-1.598331644392381179e-03
-1.582035875742571207e-03
-1.560478882880467211e-03
-1.532138357184464894e-03
-1.520156431692676335e-03
-1.502387369657798288e-03
-1.479522816159373200e-03
-1.450874424040904387e-03
-1.415390666240079476e-03
-1.371619786103672745e-03
-1.317728254630501361e-03
-1.251252769850053070e-03
-1.219423976300260115e-03
-1.177818489613846609e-03
-1.127196453118428643e-03
-1.066303727744299934e-03
-9.933617308869324702e-04
-9.059858721318647667e-04
-8.618048792587429396e-04
-8.073845256857947739e-04
-7.783376394515650887e-04
-7.442739039539292278e-04
-7.050087548829964135e-04
-6.598400239972157522e-04
-6.079124055163864782e-04
-5.481964846838494054e-04
-4.794365354445773164e-04
-4.001221633723739401e-04
-3.582390329035511911e-04
-3.095891068282119463e-04
-2.539542392425708783e-04
-1.903986657794121129e-04
-1.177743130008623851e-04
-3.469173343406684040e-05
9.573132821349972232e-06
6.042371314218808465e-05
1.181504549282452743e-04
1.836604457733370666e-04
2.580431921069825663e-04
3.425903872936730821e-04
4.388326007691567554e-04
5.486159414167524062e-04
6.742109546685748356e-04
8.182896871464784283e-04
9.839880603184081309e-04
1.175044920181833596e-03
1.275922459210265814e-03
1.393902610844488521e-03
1.529025264848993260e-03
1.683675804489359606e-03
1.860809235485927360e-03
2.063993751539650034e-03
2.172544457291758491e-03
2.298039123708184306e-03
2.440905206247734327e-03
2.603469040745043372e-03
2.788647734809024392e-03
2.999920341018258441e-03
3.241480165931065471e-03
3.371154995699399137e-03
3.520322643066675639e-03
3.689573403709123234e-03
3.881603245080134101e-03
4.099684725848540268e-03
4.217641354108847551e-03
4.351805649427609168e-03
4.502979892369252113e-03
4.673323929906603169e-03
4.865415736995615248e-03
5.082302797904669767e-03
5.199900012249791814e-03
5.332866283484394287e-03
5.482098634970400397e-03
5.649617594294165102e-03
5.837794580383803833e-03
6.049401016076982884e-03
6.287724390459326074e-03
6.556576671719938076e-03
6.860347212673367778e-03
7.024649447620157083e-03
7.211010128760797500e-03
7.420408143313905747e-03
7.655720999186543807e-03
7.920390620420159067e-03
8.218431722593955158e-03
8.380094361202683473e-03
8.562558975596656907e-03
8.766930755140123210e-03
8.995868306479692933e-03
9.252490170479577003e-03
9.540412127549413590e-03
9.863778672937195680e-03
1.022741724182552048e-02
1.042441110364011880e-02
1.064677803652724908e-02
1.089563639758961422e-02
1.117421866104795214e-02
1.148630387937144004e-02
1.183622306010656544e-02
1.202614711382210544e-02
1.223966573374690725e-02
1.247800522798958589e-02
1.274405734325645412e-02
1.304117889198319613e-02
1.337323861400718794e-02
1.355377657477574438e-02
1.375601632988043832e-02
1.398128198772707886e-02
1.423224093781927380e-02
1.451199416472459536e-02
1.482408650533761918e-02
1.517255423978158824e-02
1.556201542585378128e-02
1.599783611395577676e-02
1.648609845710846677e-02
1.703404578261169533e-02
1.733039702890315503e-02
1.766503222833670783e-02
1.803934329879897103e-02
1.845810070856046536e-02
1.892698854539265341e-02
1.945268070806793759e-02
1.973788276848620349e-02
2.005879619820627457e-02
2.041710261103713009e-02
2.081727013084988531e-02
2.126447944852705163e-02
2.176486439839142584e-02
2.232564239464973621e-02
2.295486753427244953e-02
2.329601237785050571e-02
2.368050457473980241e-02
2.411031154574527768e-02
2.459095243870068614e-02
2.512898082153114387e-02
2.542197967259396396e-02
2.575053152528261613e-02
2.611686501841481434e-02
2.652552680816899766e-02
2.698184594815367099e-02
2.749200898663861636e-02
2.806320806466389151e-02
2.870391352003076602e-02
2.942399424861630308e-02
3.023517431488853546e-02
3.115131125873993323e-02
3.218910089871118707e-02
3.275380300322383587e-02
3.339602884756409651e-02
3.411915592142000797e-02
3.493414022164853527e-02
3.585413476056253934e-02
3.635678482971793635e-02
3.692460403647368494e-02
3.756135504705770956e-02
3.827616564405145194e-02
3.907977017317576518e-02
3.998486194113581860e-02
4.100637472085333357e-02
4.216225135393170120e-02
4.279430574684994770e-02
4.351016444019184526e-02
4.431434125297495363e-02
4.521894520098568293e-02
4.623810133845007719e-02
4.679684148692242474e-02
4.742586274833593407e-02
4.812985366172806145e-02
4.891856456330445635e-02
4.980350962505131207e-02
5.079812657439541912e-02
5.191804648541475942e-02
5.318198062154078087e-02
5.387489956733315655e-02
5.465667163535470330e-02
5.553285462528090299e-02
5.651608475181713054e-02
5.762123134833396776e-02
5.886610973493322518e-02
5.954900376180716215e-02
6.031729973006527690e-02
6.117671338759289590e-02
6.213903978742374434e-02
6.321813351381755375e-02
6.443040287243018138e-02
6.509566212480222269e-02
6.584213315872378125e-02
6.667558786383454006e-02
6.760708760210720758e-02
6.864961478232434189e-02
6.981827778016147512e-02
7.113097972291271276e-02
7.185159082358283378e-02
7.266017876016750421e-02
7.356307825979491177e-02
7.457238653338960077e-02
7.570215745032027321e-02
7.632297218796124660e-02
7.701691463556437078e-02
7.778968137851616227e-02
7.865105782485137809e-02
7.872008680282238657e-02
