0.000000000000000000e+00
9.549240008712522691e-06
1.909850492907049830e-05
2.864779988690790855e-05
3.819711767274664886e-05
4.774646225120722124e-05
5.729583997298083207e-05
6.684530577196785969e-05
7.639574227563614161e-05
8.595533194146418325e-05
9.557392755544899434e-05
1.054290569043202279e-04
1.159205168265193945e-04
1.276360944778849160e-04
1.410463706886632546e-04
1.563633797429820889e-04
1.735528676416872780e-04
1.924862391902539883e-04
2.130059439580476847e-04
2.349176368739962900e-04
2.580145600066776810e-04
2.821019047382413987e-04
3.070219948909778018e-04
3.326685826192438047e-04
3.589616229950154738e-04
3.858337417090475642e-04
4.132292907605951632e-04
4.410980338932385955e-04
4.694090556354464498e-04
4.981225767341911515e-04
5.272082227261751068e-04
5.566369670659984626e-04
5.863840238162542143e-04
6.164282788285889349e-04
6.467521940066012611e-04
6.773413304745494511e-04
7.081831760864233617e-04
7.392664546833188069e-04
7.705815075441156767e-04
8.021200948552280807e-04
8.338758844680028330e-04
8.658441672776766816e-04
8.980211016826294794e-04
9.304035523431068017e-04
9.629889151853189295e-04
9.957749671310113949e-04
1.028760060440030676e-03
1.061942586601492388e-03
1.095321533450609001e-03
1.128895903930249430e-03
1.162665481604622511e-03
1.196630354435930868e-03
1.230790506860122936e-03
1.265146807085639185e-03
1.299700018912517156e-03
1.334451022661114691e-03
1.369400962336282277e-03
1.404551255258368672e-03
1.439903743252038447e-03
1.475460111148087098e-03
1.511222488498242074e-03
1.547193062657278330e-03
1.583374499303732063e-03
1.619769259567513820e-03
1.656380049895069245e-03
1.693209753577142734e-03
1.730261232398912479e-03
1.767537768316411158e-03
1.805042652766383022e-03
1.842779352926982245e-03
1.880751428564659405e-03
1.918962634308218982e-03
1.957416731401231697e-03
1.996117706380005647e-03
2.035070127201934684e-03
2.074277775625668098e-03
2.113745443694358805e-03
2.153477808842924925e-03
2.193479802191916107e-03
2.233756623221970928e-03
2.274313240879730687e-03
2.315155335040406607e-03
2.356288807117370553e-03
2.397719401006396470e-03
2.439453162397573968e-03
2.481496909380135566e-03
2.523856976593532274e-03
2.566540618745181360e-03
2.609554590832931231e-03
2.652907165835585203e-03
2.696605470223057462e-03
2.740658050509106429e-03
2.785073063816942505e-03
2.829859650429185011e-03
2.875026775270394901e-03
2.920584133309159659e-03
2.966541765975287594e-03
3.012910457452926388e-03
3.059700288064086740e-03
3.106923343646771779e-03
3.154591375028510409e-03
3.202717299434538686e-03
3.251313173673450654e-03
3.300393577240174053e-03
3.349973088886363994e-03
3.400065680969550138e-03
3.450688300977753070e-03
3.501857098399623232e-03
3.553589884341649616e-03
3.605904930982513357e-03
3.658821669236546423e-03
3.712360577170927423e-03
3.766543316421845991e-03
3.821392936816115846e-03
3.876933595852930306e-03
3.933190785867125318e-03
3.990191677494058821e-03
4.047964958584144603e-03
4.106541608237589645e-03
4.165953828274507158e-03
4.226235684046694349e-03
4.287425040167926367e-03
4.349560123274158821e-03
4.412683291219778037e-03
4.476839264455218827e-03
4.542075968650652329e-03
4.608444153902179798e-03
4.675998595765983208e-03
4.744798332524940467e-03
4.814907041354192854e-03
4.886391706698493473e-03
4.959326196313610345e-03
5.033788525533838647e-03
5.109864464914680958e-03
5.187645193386584801e-03
5.267229541832795653e-03
5.348723764580972859e-03
5.432272779742542378e-03
5.517948091525120766e-03
5.605911775583178290e-03
5.696311253674199611e-03
5.789305570105529423e-03
5.885070369473542964e-03
5.983794545231986041e-03
6.085684823282676466e-03
6.190963060960993913e-03
6.299871785551466180e-03
6.412673914184022564e-03
6.529657355958879035e-03
6.651134605098646922e-03
6.777445900514222216e-03
6.908962569928285384e-03
7.046084626591907034e-03
7.189242412668409195e-03
7.338908264399170850e-03
7.495593077068701295e-03
7.659852780577861876e-03
7.832291301925657992e-03
8.013560801082513993e-03
8.204368872798231335e-03
8.405492264780899114e-03
8.617775206342876207e-03
8.842141622952617852e-03
9.079600951192055847e-03
9.331248520204711225e-03
9.598294959542924554e-03
9.882080296556058907e-03
1.018407583462390548e-02
1.050588385499098484e-02
1.084927056553744960e-02
1.121617756060215576e-02
1.160874649281661876e-02
1.202931037303336774e-02
1.248045028284520443e-02
1.296499453049920585e-02
1.348597605901020145e-02
1.404674560716836357e-02
1.428150366547608317e-02
1.457992705488359887e-02
1.494918635090307195e-02
1.539621383310731985e-02
1.592947875383812772e-02
1.656057784711768496e-02
1.686959759968171407e-02
1.724295442035505069e-02
1.768790119546299541e-02
1.821323801120514757e-02
1.882956488565005332e-02
1.955014306315374512e-02
2.039168067958458883e-02
2.137579830773714967e-02
2.187413680911743860e-02
2.246737567965685287e-02
2.316471668207723683e-02
2.397920289653973636e-02
2.492596267779175617e-02
2.542410982617950010e-02
2.599999931217879950e-02
2.666341179369267206e-02
2.742539442589263937e-02
2.829866808679612489e-02
2.876619421237742308e-02
2.929713225035929583e-02
2.990011791738714578e-02
3.022787476723665101e-02
3.059552418343318078e-02
3.100868863246110038e-02
3.147315152335152660e-02
3.199536960485842296e-02
3.258260049568061090e-02
3.324303641082806959e-02
3.398594256894812288e-02
3.482184118634587544e-02
3.576272076105030395e-02
3.682230883372143715e-02
3.801636598929209604e-02
3.866029913822779246e-02
3.938329638121436382e-02
4.019570845877327991e-02
4.110841751006717032e-02
4.213376947908414882e-02
4.328582127087839126e-02
4.458061914472871007e-02
4.603722735451568765e-02
4.682629642051500812e-02
4.770991130010149989e-02
4.870020773557821869e-02
4.981000179630034469e-02
5.105378449138074648e-02
5.244813887300038557e-02
5.320781207503768456e-02
5.405485013708330455e-02
5.451927724896205724e-02
5.503443408132217829e-02
5.560656484636120750e-02
5.624231415755306940e-02
5.694903235637130412e-02
5.773495537307047482e-02
5.860934266789537966e-02
5.958260129393713744e-02
6.011556963895205857e-02
6.070596739178070467e-02
6.136094485377439206e-02
6.208792803457476722e-02
6.289520426125569386e-02
6.379206080377047838e-02
6.428352561234895735e-02
6.482739279411731115e-02
6.542986254355312448e-02
6.609762154336067119e-02
6.683808358451673315e-02
6.765955888016732256e-02
6.857137810504425335e-02
6.958408165448339011e-02
7.070960812313471788e-02
7.196145530901781884e-02
7.335490477806323739e-02
7.490727531125866701e-02
7.575642220973512198e-02
7.669876591904579988e-02
7.774590572301560976e-02
7.891021524744101789e-02
8.020561301997698733e-02
8.164797002678621241e-02
8.243853148065195813e-02
8.331503775456981786e-02
8.428815019262650421e-02
8.536918729737670575e-02
8.657091220502613482e-02
8.790778520827044473e-02
8.939623141013897101e-02
9.021271477850867360e-02
9.111781821711700813e-02
9.212244253574825015e-02
9.323828981908763303e-02
9.447850268301465071e-02
9.515965820844810019e-02
9.591352874272264517e-02
9.674885302650018670e-02
9.767496513780249412e-02
9.870233175723622243e-02
9.984270943141460020e-02
1.004692124207962056e-01
1.011619574270665317e-01
1.019287842602887018e-01
1.027780670334037944e-01
1.037191485238498634e-01
1.047624962266058418e-01
1.059199110666120408e-01
1.072046541152427701e-01
1.086316143428126824e-01
1.094149588051134964e-01
1.102816856174461541e-01
1.112416854029982249e-01
1.123055390118959523e-01
1.134851052821524708e-01
1.147936722513903107e-01
1.155122449044622829e-01
1.163065761002982229e-01
1.171855228084528883e-01
1.181585333093073398e-01
1.192361173631721200e-01
1.204300623937438197e-01
1.217534811033793157e-01
1.232210754062236235e-01
1.240263561833342687e-01
1.249164390505318328e-01
1.259010392911134868e-01
1.269906466757066144e-01
1.281969287694113002e-01
1.295328721809043127e-01
1.302659736772929511e-01
1.310755127313610047e-01
1.319701208844924201e-01
1.329590738370912406e-01
1.340526348600531159e-01
1.352622132332111093e-01
1.359260346966183752e-01
1.366584853749948092e-01
1.374672383323380376e-01
1.383605112806211013e-01
1.393474387118092406e-01
1.404381589329661839e-01
1.416439506183957142e-01
1.429773176060021855e-01
1.444522879236412594e-01
1.460843847345169033e-01
1.478910018882788335e-01
1.488802409924345205e-01
1.499730683277947507e-01
1.511809846402184521e-01
1.525165808025170100e-01
1.539938248988357572e-01
1.556284953548545402e-01
1.565242699841655760e-01
1.575133510019731398e-01
1.586060676839462225e-01
1.598137179147347264e-01
1.611488491856303551e-01
1.626255466388549509e-01
1.642596759553972552e-01
1.660689331247694467e-01
1.670599937472715957e-01
1.681550918967430475e-01
1.693657907582893640e-01
1.707049616670976988e-01
1.721870115239184929e-01
1.730000965635976329e-01
1.738979876115883949e-01
1.748901413381559189e-01
1.759869891016402343e-01
1.772002477064418546e-01
1.785430367979847222e-01
1.800301835861715938e-01
1.816785473864196421e-01
1.835072659505294912e-01
1.855382499717171951e-01
1.877967609729804532e-01
1.903118464464982895e-01
1.916924661323279322e-01
1.932252463871929615e-01
1.949278785932271885e-01
1.968210977071903900e-01
1.989284378083594207e-01
2.000871425477079857e-01
2.013720129018787552e-01
2.027975899873674104e-01
2.043807054140529267e-01
2.061403867594178430e-01
2.080984406751592020e-01
2.102798473884990860e-01
2.127136477567655726e-01
2.140529354044895805e-01
2.155408146137489100e-01
2.171945504986685371e-01
2.190347164883590381e-01
2.210845130805842162e-01
2.222133666784095185e-01
2.234655331803809541e-01
2.248552395599176523e-01
2.263989612687166697e-01
2.281154666899063155e-01
2.300261990329849904e-01
2.321555720416084434e-01
2.345319378429319146e-01
2.358410894891427578e-01
2.372954031778865824e-01
2.389116888294908481e-01
2.407098413759963806e-01
2.427125846507601215e-01
2.449465392370161199e-01
2.461772732751943416e-01
2.475436127182042423e-01
2.490610137484823017e-01
2.507477303071001251e-01
2.526245544003903887e-01
2.547156016902843989e-01
2.558675179774784203e-01
2.571453370276766681e-01
2.585632142841851611e-01
2.601378378153577087e-01
2.618882494167891206e-01
2.638361573227283596e-01
2.660068660313040789e-01
2.672028601488413146e-01
2.685300105196265497e-01
2.700030633805135527e-01
2.716396012758904299e-01
2.734595613420049420e-01
2.744624527063939667e-01
2.755737215797733342e-01
2.768053431347614057e-01
2.781714365178944437e-01
2.782839996443918218e-01
