0.000000000000000000e+00
-9.514094758689140008e-07
-1.903018188142979739e-06
-2.854826307407964947e-06
-3.806833549335753020e-06
-4.759039459067970768e-06
-5.711445628164835142e-06
-6.664054102378802469e-06
-7.616911258168101995e-06
-8.570439018307229873e-06
-9.527024226629876580e-06
-1.049531426444705318e-05
-1.150292116408602183e-05
-1.261413157432889065e-05
-1.392735297900404845e-05
-1.554828087724224872e-05
-1.755374835926692967e-05
-1.999985299938611405e-05
-2.288062337729712681e-05
-2.612804083812481082e-05
-2.965195081200411309e-05
-3.337709269563005066e-05
-3.724720296072181469e-05
-4.122238631820707155e-05
-4.528128538211495524e-05
-4.941296974880771131e-05
-5.361126474456856528e-05
-5.787307417060016945e-05
-6.219606592483550855e-05
-6.657371506152420793e-05
-7.099961344314564826e-05
-7.546950326170476231e-05
-7.998046523405299979e-05
-8.452947087284057304e-05
-8.911314276227599862e-05
-9.372875856128448646e-05
-9.837481818875115636e-05
-1.030505197656683691e-04
-1.077552430147066254e-04
-1.124881782447184619e-04
-1.172483774541932533e-04
-1.220351982774148247e-04
-1.268486241921551461e-04
-1.316889661326370309e-04
-1.365566442422250226e-04
-1.414518604005987612e-04
-1.463744964300683904e-04
-1.513242886178045588e-04
-1.563009295798001297e-04
-1.613041991789243568e-04
-1.663339935584762230e-04
-1.713904270248534090e-04
-1.764737592404030941e-04
-1.815843662519855961e-04
-1.867226676773858784e-04
-1.918890976658760295e-04
-1.970839302757876332e-04
-2.023073812710274311e-04
-2.075595935882579290e-04
-2.128406809916993936e-04
-2.181508153868971789e-04
-2.234902559011819889e-04
-2.288593489856993735e-04
-2.342585282152365167e-04
-2.396882709216896501e-04
-2.451491269050420918e-04
-2.506416605506101014e-04
-2.561664215623427054e-04
-2.617240468067993930e-04
-2.673150857268047353e-04
-2.729402041041217863e-04
-2.785999803229244343e-04
-2.842950799080146140e-04
-2.900260519831387995e-04
-2.957935909286835141e-04
-3.015983619695794538e-04
-3.074410884990053106e-04
-3.133224645776588879e-04
-3.192432132962941260e-04
-3.252041449269826856e-04
-3.312060696759044909e-04
-3.372497393393514287e-04
-3.433359929232437935e-04
-3.494656691572783913e-04
-3.556396067287415086e-04
-3.618586731268802481e-04
-3.681237356623068280e-04
-3.744357196029945989e-04
-3.807955791151895752e-04
-3.872042390258290112e-04
-3.936626529523756801e-04
-4.001718906582185653e-04
-4.067329343509507034e-04
-4.133468532250827998e-04
-4.200147453147229371e-04
-4.267377373353142822e-04
-4.335170721398995397e-04
-4.403538175950516553e-04
-4.472493903589502828e-04
-4.542049741013687303e-04
-4.612219845219756031e-04
-4.683018372407254937e-04
-4.754459180511538818e-04
-4.826557287268551377e-04
-4.899329160388821158e-04
-4.972789804349453391e-04
-5.046956551023051851e-04
-5.121846138340657717e-04
-5.197476462241445994e-04
-5.273866576448460464e-04
-5.351036110470830387e-04
-5.429003513938157610e-04
-5.507791312147070073e-04
-5.587421427548644459e-04
-5.667915781507049111e-04
-5.749298606675390388e-04
-5.831596450176501634e-04
-5.914833524627294281e-04
-5.999039259245719791e-04
-6.084242492816471781e-04
-6.170474367600542465e-04
-6.257767757985588375e-04
-6.346155521820828760e-04
-6.435674562536020105e-04
-6.526361764866983606e-04
-6.618257476407318762e-04
-6.711403768860924046e-04
-6.805845002719190795e-04
-6.901630172825301557e-04
-6.998812302718149247e-04
-7.097444380392836649e-04
-7.197586924800325470e-04
-7.299302725083944843e-04
-7.402658023155095357e-04
-7.507727139998143784e-04
-7.614586091499453424e-04
-7.723319550593799043e-04
-7.834023020872882270e-04
-7.946789443804558317e-04
-8.061727559356968165e-04
-8.178956032185991099e-04
-8.298604453164659667e-04
-8.420817421759263510e-04
-8.545752785082405545e-04
-8.673572346364899488e-04
-8.804456365033019871e-04
-8.938600615925329507e-04
-9.076219291618281559e-04
-9.217549040724803966e-04
-9.362852971086521592e-04
-9.512429435830083158e-04
-9.666593398967027184e-04
-9.825671134390256967e-04
-9.990026216725178543e-04
-1.016007535750429458e-03
-1.033626143743804349e-03
-1.051906877328812051e-03
-1.070904604763445178e-03
-1.090673452807056076e-03
-1.111272347707914498e-03
-1.132770036278651915e-03
-1.155241281319052682e-03
-1.178752742471200765e-03
-1.203393667751906371e-03
-1.229252999766450305e-03
-1.256432736234991410e-03
-1.285022062795238007e-03
-1.315127175626040756e-03
-1.346865432322097433e-03
-1.380373533566736644e-03
-1.415762244163232264e-03
-1.453197457591703934e-03
-1.492806499516885488e-03
-1.534806013780143363e-03
-1.579335952886118388e-03
-1.626666879583127390e-03
-1.676984953662807865e-03
-1.696531217194818808e-03
-1.722143213976068399e-03
-1.754469814116810245e-03
-1.793763362759270841e-03
-1.840527553631898794e-03
-1.895592859906591876e-03
-1.920616612949177515e-03
-1.951756230494039457e-03
-1.989487617963137112e-03
-2.034253613516723291e-03
-2.086757717991050143e-03
-2.148007215223957100e-03
-2.219289603464014160e-03
-2.302378017520256837e-03
-2.341097410043735394e-03
-2.388902330082098846e-03
-2.446260211780737492e-03
-2.513760309423074268e-03
-2.592358938434624616e-03
-2.631158586984483350e-03
-2.677046848752029362e-03
-2.730913982320004596e-03
-2.793355003313735541e-03
-2.865234164369623304e-03
-2.901819388559656598e-03
-2.943939868070344357e-03
-2.992518620114958949e-03
-3.018181522655649651e-03
-3.047165449347744026e-03
-3.080120549368903227e-03
-3.117446305063609202e-03
-3.159625602457749594e-03
-3.207217835169362541e-03
-3.260855035363108279e-03
-3.321245619226753654e-03
-3.389178844276197200e-03
-3.465539383325610956e-03
-3.551337403469578824e-03
-3.647719293094153770e-03
-3.697137847113673992e-03
-3.752844751369444065e-03
-3.816224599618167623e-03
-3.887778248707285389e-03
-3.968221902598378925e-03
-4.058455968676322190e-03
-4.159456635851599415e-03
-4.272415636888793333e-03
-4.330667254880626871e-03
-4.395676068124576563e-03
-4.469336689780945004e-03
-4.552106252995569147e-03
-4.644701749827784276e-03
-4.748012210675833789e-03
-4.802022374442938002e-03
-4.861719347582893480e-03
-4.893962178932453888e-03
-4.929537951611495661e-03
-4.969389445002747596e-03
-5.013885127916228868e-03
-5.063451443206967717e-03
-5.118565730195479002e-03
-5.179761673231919605e-03
-5.247613025678499188e-03
-5.283751849623152808e-03
-5.323291757975967542e-03
-5.367368473680411700e-03
-5.416321005525803756e-03
-5.470563003387718393e-03
-5.530571043528720310e-03
-5.562639639541844261e-03
-5.597660886269562042e-03
-5.636590915443273619e-03
-5.679742665294640336e-03
-5.727479013738989710e-03
-5.780208558438859612e-03
-5.838382389965646180e-03
-5.902505893654097502e-03
-5.973141338170950831e-03
-6.050845333195831177e-03
-6.136167816992221802e-03
-6.229696050016941822e-03
-6.278853084088598102e-03
-6.331914812283956362e-03
-6.390957615024395189e-03
-6.456227230533295725e-03
-6.528071993885775637e-03
-6.606888756130802065e-03
-6.648555553605328683e-03
-6.693334625104796487e-03
-6.743127326867714988e-03
-6.798129872452374212e-03
-6.858699861497785655e-03
-6.925134924524900537e-03
-6.997827640366827140e-03
-7.036164657751753371e-03
-7.077052451261778288e-03
-7.122427985022716790e-03
-7.172398483193342944e-03
-7.227169583976178480e-03
-7.256276815842621630e-03
-7.287265817365218279e-03
-7.321569176169606674e-03
-7.359278562533544399e-03
-7.400542697698520023e-03
-7.445537046433858830e-03
-7.469439812848810423e-03
-7.494765083728593957e-03
-7.522725687850395637e-03
-7.553383087224418979e-03
-7.586820559196016944e-03
-7.623113520545121702e-03
-7.662339888276081812e-03
-7.704506796492760490e-03
-7.749561791341452732e-03
-7.772992644654475036e-03
-7.797126177183810736e-03
-7.823549170336230318e-03
-7.852135056677811420e-03
-7.882794365734746567e-03
-7.915391280399530771e-03
-7.932231866044803237e-03
-7.949292347820491322e-03
-7.967904039533957317e-03
-7.987922866045160664e-03
-8.009230076424511680e-03
-8.031662628460722875e-03
-8.054957101423843024e-03
-8.078755974657070293e-03
-8.090528606282065827e-03
-8.101567184304270253e-03
-8.113347039912344183e-03
-8.125580984321534306e-03
-8.137993622097050572e-03
-8.150202148718366235e-03
-8.155888556504620190e-03
-8.160540364347823594e-03
-8.165353070684888692e-03
-8.170017513445482216e-03
-8.174222173058964813e-03
-8.177605894182149449e-03
-8.178665870643198055e-03
-8.178483020963633887e-03
-8.178043164091930439e-03
-8.177102294138760552e-03
-8.175421831213280921e-03
-8.172724595279068360e-03
-8.168656183155098560e-03
-8.162781293615473110e-03
-8.154578434093451289e-03
-8.143359708117692275e-03
-8.128347997854834528e-03
-8.118559139317083062e-03
-8.105183810308724812e-03
-8.090050545611071620e-03
-8.072449442419193932e-03
-8.051749293264409690e-03
-8.027186000732711157e-03
-8.012494732703878686e-03
-7.994238937958419999e-03
-7.973827395483468194e-03
-7.950657540130356971e-03
-7.924064584867496208e-03
-7.893345094041270826e-03
-7.857733608014283444e-03
-7.816096974887998261e-03
-7.791687508498124082e-03
-7.762368530155272506e-03
-7.729686826118076226e-03
-7.692788289875684971e-03
-7.650831050229289776e-03
-7.626858161209115750e-03
-7.598810147435797191e-03
-7.567738042214500194e-03
-7.533039466154134445e-03
-7.494102738735852753e-03
-7.450260629978000537e-03
-7.400754872760095804e-03
-7.344761998617221899e-03
-7.281301553497487866e-03
-7.209291515450133581e-03
-7.127165565964599381e-03
-7.033227986975421064e-03
-6.979974245058362392e-03
-6.917294919885963456e-03
-6.847751986321704010e-03
-6.769793430135895296e-03
-6.681831124441761638e-03
-6.632536975834768533e-03
-6.575369910229555970e-03
-6.512105624073116772e-03
-6.441604779943876924e-03
-6.362645112556408744e-03
-6.273856316414638812e-03
-6.173682229794141829e-03
-6.060316843089053052e-03
-5.996888577354031469e-03
-5.923254471631222984e-03
-5.841478730653715257e-03
-5.749989599033611398e-03
-5.647119620585172584e-03
-5.589968517993093577e-03
-5.524152730856046745e-03
-5.451113623725745150e-03
-5.369605273919275668e-03
-5.278299480537596011e-03
-5.175597612630811195e-03
-5.059578287450350320e-03
-4.928014599893282277e-03
-4.854839419311696158e-03
-4.770201108604654738e-03
-4.675778493208326836e-03
-4.569941653906672840e-03
-4.450859364281412045e-03
-4.316409809862142843e-03
-4.241828908913114482e-03
-4.156043131795572609e-03
-4.060435295914432974e-03
-3.953337321017214023e-03
-3.832915783606727356e-03
-3.697033032512675454e-03
-3.621750076859109324e-03
-3.535503758239799676e-03
-3.439401098630279208e-03
-3.331917159808739370e-03
-3.211398496945183645e-03
-3.075941496673229025e-03
-2.923291491377266738e-03
-2.838862182833301606e-03
-2.742365892964948593e-03
-2.634902714731768292e-03
-2.514759615170780727e-03
-2.380039902904085292e-03
-2.305607139995446975e-03
-2.221096062863303633e-03
-2.127137075528251486e-03
-2.022382757150387178e-03
-2.014866428195594139e-03
