0.000000000000000000e+00
1.435818288436057364e-06
2.871617074381495230e-06
4.307396925959902000e-06
5.743157047037242410e-06
7.178897664672340016e-06
8.614620142819384179e-06
1.005033403117857025e-05
1.148619576818897742e-05
1.292367788628866382e-05
1.437195488492683957e-05
1.586386036762618327e-05
1.746467944120545389e-05
1.925443948805450565e-05
2.129180694358821303e-05
2.358873530671599944e-05
2.610287982811331403e-05
2.877966786040281479e-05
3.159391614284429313e-05
3.453263623578085064e-05
3.759698687410266443e-05
4.078910733600378541e-05
4.410311718990515383e-05
4.753885964437386464e-05
5.110019152828006774e-05
5.478579584461137442e-05
5.858969451431190990e-05
6.250333685689693074e-05
6.651912928674175813e-05
7.062565005259258772e-05
7.481263431918772598e-05
7.907064653711640644e-05
8.339262321280814570e-05
8.777308700947327683e-05
9.220684415308265847e-05
9.668893350908763708e-05
1.012152670434211343e-04
1.057829719326663866e-04
1.103902597017397192e-04
1.150361715413811308e-04
1.197200616176159700e-04
1.244412113256290980e-04
1.291986254832513123e-04
1.339912652447715661e-04
1.388180407799107234e-04
1.436779932724191889e-04
1.485701929726931589e-04
1.534938702354236417e-04
1.584483718286516611e-04
1.634331900568660432e-04
1.684480355805057969e-04
1.734927500804970884e-04
1.785673645308848069e-04
1.836718953698909384e-04
1.888064318908654862e-04
1.939710488497734594e-04
1.991658501530386061e-04
2.043910270857557865e-04
2.096468292289908842e-04
2.149335498266154404e-04
2.202514967652224388e-04
2.256010071282701121e-04
2.309823306686968158e-04
2.363958482334741851e-04
2.418417660048456988e-04
2.473205231883981873e-04
2.528324571168620301e-04
2.583779780059593223e-04
2.639575543555564615e-04
2.695717130307524680e-04
2.752209517915350291e-04
2.809057976479504247e-04
2.866268359264539283e-04
2.923845937606744418e-04
2.981797149209884363e-04
3.040128140811421131e-04
3.098844477769343631e-04
3.157952891060533413e-04
3.217459821418207962e-04
3.277371710414379402e-04
3.337694709589006576e-04
3.398435844382913739e-04
3.459601851241754576e-04
3.521200631680888524e-04
3.583239506660502397e-04
3.645726963112367160e-04
3.708671780567687499e-04
3.772083322727526854e-04
3.835971245362463939e-04
3.900345788525888947e-04
3.965218068652286501e-04
4.030599493292180376e-04
4.096502055673909731e-04
4.162938332722230660e-04
4.229921195233581890e-04
4.297464679995090481e-04
4.365582827266243694e-04
4.434290843985345607e-04
4.503604230335617577e-04
4.573538488979739659e-04
4.644111457042954401e-04
4.715339807408010708e-04
4.787242547717917500e-04
4.859838979454069938e-04
4.933148988800302101e-04
5.007195088658376522e-04
5.081997755155023789e-04
5.157581549042386916e-04
5.233971614698035551e-04
5.311193686230726400e-04
5.389274081595003645e-04
5.468244372015299785e-04
5.548132052513516429e-04
5.628971615403521953e-04
5.710795230104367699e-04
5.793639149304187020e-04
5.877541964834255691e-04
5.962542273914942523e-04
6.048683346563254884e-04
6.136008456869352550e-04
6.224566719997230843e-04
6.314408424087896831e-04
6.405586196395234499e-04
6.498158507361285552e-04
6.592186168745417258e-04
6.687735248936720403e-04
6.784874164426879213e-04
6.883679505806004038e-04
6.984228462487997429e-04
7.086606986332927727e-04
7.190906292647502532e-04
7.297220534290058255e-04
7.405654958737361649e-04
7.516318341454962743e-04
7.629331137439463719e-04
7.744819667550596190e-04
7.862920771115181930e-04
7.983828532811620233e-04
8.107613865950901539e-04
8.234487252095014538e-04
8.364630011583062703e-04
8.498243344316596662e-04
8.635542506194086821e-04
8.776759144910747327e-04
8.922134880834832341e-04
9.071930080743390891e-04
9.226429693474794483e-04
9.385940933030807081e-04
9.550797952019883042e-04
9.721374699444183202e-04
9.898062760476640867e-04
1.008127310878102929e-03
1.027144779983150350e-03
1.046909618023355096e-03
1.067475232679932200e-03
1.088901825748748000e-03
1.111251843108630169e-03
1.134596399350879491e-03
1.159006760551249769e-03
1.184562282896710946e-03
1.211344355347201800e-03
1.239452049642238282e-03
1.268985762128743830e-03
1.300069565202073129e-03
1.332822359949088764e-03
1.367380178915116734e-03
1.403881250725821017e-03
1.442514510950619481e-03
1.483437377782886131e-03
1.526865492158242625e-03
1.572995869656575695e-03
1.622108491441562935e-03
1.674426778215535542e-03
1.730304679117637993e-03
1.789956940802743318e-03
1.853862732493014986e-03
1.922193134182334940e-03
1.950751064154471583e-03
1.986925863473289894e-03
2.031560925406496187e-03
2.085338994009747291e-03
2.149166011542323184e-03
2.224264892883391458e-03
2.260996990039108780e-03
2.305134089821249746e-03
2.357545475392755930e-03
2.419092803370950350e-03
2.490900062379379325e-03
2.574335648124489485e-03
2.671072683977484923e-03
2.783281423330269139e-03
2.840089382246505784e-03
2.907113418820712718e-03
2.985503130783110932e-03
3.076442572635566114e-03
3.181407689804035752e-03
3.236595100311649709e-03
3.299942465638579497e-03
3.372562383053204996e-03
3.455494634282989773e-03
3.549945365064282286e-03
3.600502110781362598e-03
3.657575809002822781e-03
3.722118479947399052e-03
3.757180012478622023e-03
3.796370653904544527e-03
3.840283938869040563e-03
3.889493957755838557e-03
3.944634280074403587e-03
4.006408491597589390e-03
4.075596356397322151e-03
4.153072695589309082e-03
4.239818890630326666e-03
4.336932827130783943e-03
4.445646108280458531e-03
4.567335195630253808e-03
4.633054660075966273e-03
4.706272090182254952e-03
4.788143520569091219e-03
4.879642404799549790e-03
4.981835250215324584e-03
5.095907743342377449e-03
5.223173602270092530e-03
5.365148600320520864e-03
5.442203453714823148e-03
5.527656679335871126e-03
5.622826706729974061e-03
5.728774612371916042e-03
5.846687331611441149e-03
5.977887338924810397e-03
6.049486340177065956e-03
6.128622823371808470e-03
6.172016838955959178e-03
6.219912965834888813e-03
6.272921772375462945e-03
6.331609447601149916e-03
6.396594149387228520e-03
6.468560473504832500e-03
6.548270534997137002e-03
6.636570581237344335e-03
6.684974847876681836e-03
6.738306985365288826e-03
6.797260518465924120e-03
6.862440962522368265e-03
6.934512311312965305e-03
7.014209225527336805e-03
7.057912701269688539e-03
7.106037160048102319e-03
7.159169413791745609e-03
7.217853324978096285e-03
7.282685357930280580e-03
7.354325319457797987e-03
7.433502855166475645e-03
7.521014584657868471e-03
7.617733278952713155e-03
7.724656873629748288e-03
7.842861479154271398e-03
7.973540719172545616e-03
8.045149322715501594e-03
8.123862134906571081e-03
8.210808691740390658e-03
8.306869852461783166e-03
8.412960542135647715e-03
8.530128669959440024e-03
8.594397877091881910e-03
8.664996447846221375e-03
8.742919225530061678e-03
8.828944599710980556e-03
8.923921687922962975e-03
9.028780896793431321e-03
9.144573694033337335e-03
9.208154995189584899e-03
9.277951076799307792e-03
9.354971327723352048e-03
9.439986527689632478e-03
9.533812579844641935e-03
9.585353721329958887e-03
9.641933130979715022e-03
9.704316780698267475e-03
9.773110731859633443e-03
9.848998622406547609e-03
9.932765810834527642e-03
9.978810118890318881e-03
1.002936670287758042e-02
1.008511888436035113e-02
1.014661908446536781e-02
1.021446746455860477e-02
1.028932172574874813e-02
1.037190984447761491e-02
1.046304196442359932e-02
1.056363462967940293e-02
1.061889800610939412e-02
1.067952645316369575e-02
1.074639623897578194e-02
1.082016740714295336e-02
1.090158083419845089e-02
1.099143697622606379e-02
1.104084916528358384e-02
1.109504487009142955e-02
1.115480692905634723e-02
1.122073095088662806e-02
1.129346931302582790e-02
1.137373466629727076e-02
1.146230963973094222e-02
1.156006552643065212e-02
1.161384852266476517e-02
1.167279990494039452e-02
1.173781966340751992e-02
1.180956794938049607e-02
1.188876887936779828e-02
1.197624702449391620e-02
1.202438914749232209e-02
1.207718663719603222e-02
1.213542285193856471e-02
1.219969236981124396e-02
1.227064276311895519e-02
1.234899416592391899e-02
1.239211256010835233e-02
1.243942719299765028e-02
1.249161312556141580e-02
1.254919372909932100e-02
1.261273921080159101e-02
1.268287698232485258e-02
1.276030321013143023e-02
1.284577764478149475e-02
1.294013183868894523e-02
1.304435301859641072e-02
1.315950502991169654e-02
1.322276944876034886e-02
1.329216472708590752e-02
1.336880441003540122e-02
1.345347928513812054e-02
1.354705521747429434e-02
1.365053995064302063e-02
1.370751457368343459e-02
1.377008630395731500e-02
1.383923425366455004e-02
1.391570167995816176e-02
1.400030153349378359e-02
1.409393608765515879e-02
1.419761228205660211e-02
1.431253411242427130e-02
1.437586422049687979e-02
1.444547079017462210e-02
1.452249125910884398e-02
1.460780165432099681e-02
1.470237586607437037e-02
1.475453929718929282e-02
1.481192866311879103e-02
1.487539584096136090e-02
1.494563892407161677e-02
1.502343513421696732e-02
1.510965327921683088e-02
1.520528614815391463e-02
1.531147453588991084e-02
1.542954088735761647e-02
1.556095883900161098e-02
1.570739766778690705e-02
1.587083113247779106e-02
1.596099814026917529e-02
1.606052092361829470e-02
1.617116851957705811e-02
1.629429050317993122e-02
1.643148452260247139e-02
1.650716877884639278e-02
1.659070714122272416e-02
1.668342089072792633e-02
1.678643489977124648e-02
1.690100732683674778e-02
1.702856040045891417e-02
1.717075094200182228e-02
1.732939854342557817e-02
1.741697366116936457e-02
1.751379535507659180e-02
1.762139515606139101e-02
1.774104271255023957e-02
1.787423967928959689e-02
1.794766681397205049e-02
1.802876801064108581e-02
1.811874351307146691e-02
1.821867330625842607e-02
1.832977827811520244e-02
1.845349299616445837e-02
1.859144217012149991e-02
1.874535805398636068e-02
1.883021372113740516e-02
1.892413049285456700e-02
1.902852721211853448e-02
1.914469234904687955e-02
1.927408111832354387e-02
1.941840321694987548e-02
1.949795641107911898e-02
1.958599619170553474e-02
1.968384624468342420e-02
1.979271048780539138e-02
1.991396722801297425e-02
2.004925329018147906e-02
2.012387404451291412e-02
2.020650996024661583e-02
2.029836147723129702e-02
2.040055274891670878e-02
2.051436118872346226e-02
2.064127130493610685e-02
2.078302122243938510e-02
2.086121029658949411e-02
2.094786755461362782e-02
2.104424909700812474e-02
2.115156278736318729e-02
2.127120851231210225e-02
2.133722998933046400e-02
2.141034488398178837e-02
2.149156088422399247e-02
2.158185754783659149e-02
2.158940819009401435e-02
