0.000000000000000000e+00
6.508404459885375794e-07
1.301675345102983108e-06
1.952504924394345097e-06
2.603328956168109494e-06
3.254147781163222723e-06
3.904961399055568896e-06
4.555775721182869316e-06
5.206672373486047094e-06
5.858405772047254985e-06
6.515112691398175020e-06
7.189536282259272181e-06
7.911570565650132133e-06
8.737573364425124501e-06
9.734969368235858676e-06
1.095294144424023948e-05
1.238652208989854006e-05
1.402156678468027369e-05
1.586629390185132892e-05
1.790468672530230848e-05
2.008957664694074199e-05
2.236636783090443663e-05
2.469390027482184976e-05
2.704641338272550615e-05
2.941223455824785752e-05
3.178873347810156681e-05
3.417566648359309086e-05
3.657148585454152780e-05
3.897382702108219941e-05
4.137791709411671291e-05
4.377794996730841428e-05
4.616955290285017005e-05
4.855065959641186680e-05
5.092101171910818290e-05
5.328223887872175779e-05
5.563719657031542058e-05
5.798933687666947377e-05
6.034227918752121147e-05
6.269951549172455999e-05
6.506422483634371524e-05
6.743917512142266898e-05
6.982668677178854584e-05
7.222861458157648067e-05
7.464621677642340738e-05
7.708021319807719437e-05
7.953100355045622895e-05
8.199882745989014077e-05
8.448389542848832559e-05
8.698650526139176380e-05
8.950704205625708600e-05
9.204594912408881546e-05
9.460368431687074954e-05
9.718060363514741573e-05
9.977695394920043682e-05
1.023928729895005993e-04
1.050283893582818742e-04
1.076835316404181771e-04
1.103583284016695221e-04
1.130528591114084928e-04
1.157672832442774161e-04
1.185018548296092478e-04
1.212568497051399276e-04
1.240326091691395236e-04
1.268295254361100012e-04
1.296479979646806885e-04
1.324883898374507550e-04
1.353510641259001183e-04
1.382363547740775701e-04
1.411446102583962007e-04
1.440761208404563285e-04
1.470311767661586721e-04
1.500101118830015972e-04
1.530132163892395823e-04
1.560407949953199040e-04
1.590931669492604765e-04
1.621706514704214193e-04
1.652735968625615329e-04
1.684023805038308680e-04
1.715573652087090835e-04
1.747389865018041750e-04
1.779477235362220610e-04
1.811840263312479242e-04
1.844484176217309050e-04
1.877414055528892891e-04
1.910635709875079771e-04
1.944154510853940009e-04
1.977976266328720467e-04
2.012107220190454424e-04
2.046554052215718853e-04
2.081322859970670175e-04
2.116421195360866810e-04
2.151856027934684139e-04
2.187635635937936970e-04
2.223767424364533668e-04
2.260260397903658203e-04
2.297123269599924452e-04
2.334365334050862197e-04
2.371996175931810266e-04
2.410026106876677330e-04
2.448465874054338168e-04
2.487326805647425173e-04
2.526620811246574078e-04
2.566360090411647088e-04
2.606558005478585172e-04
2.647227918134222881e-04
2.688384352522518598e-04
2.730042413769024918e-04
2.772218369485721003e-04
2.814928195491997660e-04
2.858189611520172628e-04
2.902020627344176337e-04
2.946440123669111450e-04
2.991468725887081294e-04
3.037127639096970366e-04
3.083438648887860088e-04
3.130425575295311979e-04
3.178113400419174586e-04
3.226528558275344781e-04
3.275698645099926667e-04
3.325653581396757915e-04
3.376424739730516473e-04
3.428045817770493798e-04
3.480552254821760627e-04
3.533982105390592703e-04
3.588375747725637251e-04
3.643775883603237700e-04
3.700228701279752218e-04
3.757783293937872631e-04
3.816492240006890552e-04
3.876411022911263452e-04
3.937600936694623209e-04
4.000126179665826820e-04
4.064055887124463418e-04
4.129463842584197610e-04
4.196428766247354940e-04
4.265035768781960971e-04
4.335376060081964846e-04
4.407578065033517412e-04
4.481691970134062380e-04
4.557862174392059260e-04
4.636211835512804558e-04
4.716873694443056452e-04
4.799988911777276768e-04
4.885717242550893140e-04
4.974239652841857921e-04
5.065752208333882452e-04
5.160465779549161698e-04
5.258611564882811808e-04
5.360437596707915949e-04
5.466209903595640454e-04
5.576227045755862647e-04
5.690831159141138780e-04
5.810406197403878131e-04
5.935349429775557944e-04
6.066103424166209308e-04
6.203140316688091332e-04
6.347008350293182385e-04
6.498279507431228581e-04
6.657616348605127502e-04
6.825730748612555531e-04
7.003432125810516926e-04
7.191597137299359692e-04
7.391222608649286596e-04
7.603339956607914167e-04
7.829104689637833309e-04
8.069905188330307342e-04
8.327268872128006181e-04
8.602613239363837618e-04
8.897589711903401049e-04
9.214079162029371493e-04
9.553950463084207988e-04
9.919284903777297359e-04
1.031267945488442955e-03
1.073624151973161288e-03
1.119321257913889625e-03
1.168572364113153140e-03
1.221739449474097596e-03
1.244125311640474282e-03
1.272435892784219529e-03
1.307434345984182390e-03
1.349848818322265265e-03
1.400461025054984326e-03
1.460347479652211256e-03
1.489816695467811088e-03
1.525230315270064861e-03
1.567342525417731022e-03
1.617054708976784329e-03
1.675340462701627219e-03
1.743415639840854023e-03
1.822834771258061062e-03
1.915579897464348650e-03
1.962803466201824484e-03
2.018633623641992794e-03
2.084125214652814660e-03
2.160579870061606240e-03
2.249396426541813449e-03
2.296377057430663577e-03
2.350416728661238255e-03
2.412564978470032283e-03
2.483891784040797787e-03
2.565573177818370951e-03
2.609487206784945681e-03
2.659153154525130576e-03
2.715469116140257003e-03
2.746161889587980104e-03
2.780492925125343812e-03
2.819024910575711890e-03
2.862296748158332012e-03
2.910901048431452018e-03
2.965505326861401017e-03
3.026859746923226194e-03
3.095807839264979894e-03
3.173299257176855417e-03
3.260402296719694306e-03
3.358339522951376763e-03
3.468519404902726134e-03
3.528230862257604981e-03
3.594914357072562759e-03
3.669670842811784649e-03
3.753492932886526908e-03
3.847487297339258813e-03
3.952885540080594562e-03
4.071112397031782446e-03
4.203823008564267980e-03
4.276118787195247115e-03
4.356531404820757070e-03
4.446364028549108782e-03
4.546734888853629780e-03
4.658884717771166577e-03
4.784198287469006855e-03
4.852822188431865288e-03
4.928823213499219751e-03
4.970596389072026201e-03
5.016716748894175029e-03
5.067804561023137207e-03
5.124423653353330985e-03
5.187192264131208416e-03
5.256796199306466508e-03
5.333994243216634221e-03
5.419624770318253251e-03
5.466666870358006386e-03
5.518512928971116768e-03
5.575833542604990978e-03
5.639245414774855282e-03
5.709421284541348063e-03
5.787108620519333842e-03
5.829815744265443023e-03
5.876821630874990224e-03
5.928723570850841749e-03
5.986052048687879636e-03
6.049398779711320784e-03
6.119412199884776554e-03
6.196810624406551282e-03
6.282397327259850624e-03
6.377057201969417097e-03
6.481773318361014335e-03
6.597654789464832588e-03
6.725918579654510156e-03
6.796400572061630889e-03
6.873942609692093759e-03
6.959649594770718831e-03
7.054460943852722786e-03
7.159407220670316666e-03
7.275590768069746875e-03
7.339511074279598049e-03
7.409836271933459631e-03
7.487496842694085254e-03
7.573292357088743688e-03
7.668115101054299998e-03
7.772970202693137154e-03
7.888878173510381620e-03
7.952662053339809231e-03
8.022761535114251302e-03
8.100089782677399874e-03
8.185448283770747901e-03
8.279710230107281341e-03
8.331624056265847164e-03
8.388684066318700949e-03
8.451600087549825113e-03
8.521010480345134197e-03
8.597603590037415297e-03
8.682128244183535265e-03
8.728693801853870671e-03
8.779865260055827111e-03
8.836250036338307717e-03
8.898401423123026427e-03
8.966922768824346635e-03
9.042485405414885102e-03
9.125862561837772696e-03
9.217886709822395094e-03
9.319403319540833439e-03
9.375324889955388014e-03
9.436732589270626845e-03
9.504356082375705478e-03
9.578882776215611253e-03
9.661020027960442319e-03
9.751539928589444961e-03
9.801354969809538201e-03
9.856061333440753469e-03
9.916264459535646669e-03
9.982516398873153562e-03
1.005542701744358350e-02
1.013566102201157726e-02
1.022394270361335830e-02
1.032101764713925021e-02
1.037441648916618414e-02
1.043290964105958452e-02
1.049712096271588312e-02
1.056764189690566173e-02
1.064511180517722228e-02
1.073017881878737118e-02
1.077697831329848047e-02
1.082821608607491964e-02
1.088444834836385829e-02
1.094617094675643179e-02
1.101390687059220982e-02
1.108819431758720914e-02
1.112905826191709635e-02
1.117377629771410322e-02
1.122281427967859041e-02
1.127658466778833427e-02
1.133552377270474754e-02
1.140011477126015235e-02
1.147085744982781139e-02
1.154829548965997932e-02
1.163305159330827593e-02
1.172567624390413038e-02
1.182680725239366321e-02
1.188243628118091505e-02
1.194291333637898488e-02
1.200896408030216293e-02
1.208113165745551380e-02
1.215993493822844704e-02
1.224586942977463899e-02
1.229311482772514098e-02
1.234447623117164786e-02
1.240049671364629007e-02
1.246156622921760701e-02
1.252809997850663770e-02
1.260058992505671757e-02
1.267951930423968920e-02
1.276532179861003882e-02
1.281256965718052809e-02
1.286371984494135388e-02
1.291938826558594600e-02
1.297999607986433449e-02
1.304595562410057301e-02
1.308231294455761140e-02
1.312176193922460522e-02
1.316476397457105180e-02
1.321164295382640935e-02
1.326271860506605949e-02
1.331831583543853156e-02
1.337875610758065305e-02
1.344436193246777850e-02
1.351544393917494813e-02
1.359226736198355066e-02
1.367514453860990860e-02
1.376411549690658570e-02
1.381362386305327525e-02
1.386611262414315544e-02
1.392259865688702004e-02
1.398340153914245237e-02
1.404863855724738583e-02
1.408501818073881924e-02
1.412366865782944611e-02
1.416528143971729908e-02
1.421001952322180698e-02
1.425802855473606856e-02
1.430939747507631137e-02
1.436402281343385212e-02
1.442190429389826958e-02
1.445426010482714352e-02
1.448794381894737832e-02
1.452376293686857833e-02
1.456186536670716486e-02
1.460216733920394715e-02
1.462479103024131449e-02
1.464841475307360023e-02
1.467355959705659608e-02
1.470023400779229411e-02
1.472837804876990855e-02
1.475788207137044769e-02
1.478853922363518314e-02
1.482018389184274268e-02
1.483822254471882027e-02
1.485624534728330684e-02
1.487489100110283430e-02
1.489404301085139187e-02
1.491355380772963271e-02
1.493308698429994530e-02
1.494441290304660518e-02
1.495526262608820947e-02
1.496604673167566645e-02
1.497656315441829415e-02
1.498647786489480833e-02
1.499535718921992007e-02
1.500066317113766395e-02
1.500498993260941660e-02
1.500862873410835699e-02
1.501134751168559101e-02
1.501279102507292740e-02
1.501246188089938594e-02
1.500973358754215115e-02
1.500855805305121443e-02
1.500558532895595459e-02
1.500102284388674795e-02
1.499450890641209483e-02
1.498553063078812697e-02
1.498078541919263887e-02
1.497439679643676469e-02
1.496643397229081157e-02
1.495657728373197756e-02
1.495602710548146752e-02
