0.000000000000000000e+00
-5.909443367272615433e-03
-1.181875169277191162e-02
-1.772792823612689972e-02
-2.363697253167629242e-02
-2.954588271677494049e-02
-3.545465320348739624e-02
-4.136329144239425659e-02
-4.727179184556007385e-02
-5.318016558885574341e-02
-5.908840149641036987e-02
-6.499648094177246094e-02
-7.090436667203903198e-02
-7.681196928024291992e-02
-8.271916210651397705e-02
-8.862584084272384644e-02
-9.453190863132476807e-02
-1.004373505711555481e-01
-1.063420623540878296e-01
-1.122460216283798218e-01
-1.181492656469345093e-01
-1.240518167614936829e-01
-1.299537867307662964e-01
-1.358551830053329468e-01
-1.417560577392578125e-01
-1.476563662290573120e-01
-1.535561829805374146e-01
-1.594554483890533447e-01
-1.653541773557662964e-01
-1.712524145841598511e-01
-1.771501600742340088e-01
-1.830474138259887695e-01
-1.889441758394241333e-01
-1.948404759168624878e-01
-2.007362842559814453e-01
-2.066316157579421997e-01
-2.125264704227447510e-01
-2.184208184480667114e-01
-2.243146449327468872e-01
-2.302079349756240845e-01
-2.361007034778594971e-01
-2.419929057359695435e-01
-2.478845417499542236e-01
-2.537755966186523438e-01
-2.596660256385803223e-01
-2.655559182167053223e-01
-2.714451849460601807e-01
-2.773338854312896729e-01
-2.832219302654266357e-01
-2.891093790531158447e-01
-2.949962019920349121e-01
-3.008823990821838379e-01
-3.067679405212402344e-01
-3.126528561115264893e-01
-3.185371160507202148e-01
-3.244206905364990234e-01
-3.303036391735076904e-01
-3.361858725547790527e-01
-3.420674800872802734e-01
-3.479483425617218018e-01
-3.538285493850708008e-01
-3.597080707550048828e-01
-3.655868470668792725e-01
-3.714649081230163574e-01
-3.773422837257385254e-01
-3.832188844680786133e-01
-3.890947401523590088e-01
-3.949698209762573242e-01
-4.008441567420959473e-01
-4.067177474498748779e-01
-4.125905632972717285e-01
-4.184625446796417236e-01
-4.243336915969848633e-01
-4.302040934562683105e-01
-4.360736906528472900e-01
-4.419424235820770264e-01
-4.478103518486022949e-01
-4.536773860454559326e-01
-4.595435857772827148e-01
-4.654088914394378662e-01
-4.712733626365661621e-01
-4.771368503570556641e-01
-4.829995036125183105e-01
-4.888612031936645508e-01
-4.947219789028167725e-01
-5.005818009376525879e-01
-5.064406394958496094e-01
-5.122984647750854492e-01
-5.181553363800048828e-01
-5.240111947059631348e-01
-5.298660397529602051e-01
-5.357198715209960938e-01
-5.415726304054260254e-01
-5.474241971969604492e-01
-5.532747507095336914e-01
-5.591242313385009766e-01
-5.649725198745727539e-01
-5.708196759223937988e-01
-5.766655802726745605e-01
-5.825104117393493652e-01
-5.883539319038391113e-01
-5.941962599754333496e-01
-6.000372767448425293e-01
-6.058769822120666504e-01
-6.117153763771057129e-01
-6.175523400306701660e-01
-6.233879923820495605e-01
-6.292222142219543457e-01
-6.350549459457397461e-01
-6.408862471580505371e-01
-6.467159390449523926e-01
-6.525440812110900879e-01
-6.583706736564636230e-01
-6.641955971717834473e-01
-6.700188517570495605e-01
-6.758402585983276367e-01
-6.816599965095520020e-01
-6.874778866767883301e-01
-6.932938098907470703e-01
-6.991078853607177734e-01
-7.049198746681213379e-01
-7.107297778129577637e-01
-7.165375351905822754e-01
-7.223430871963500977e-01
-7.281463742256164551e-01
-7.339472770690917969e-01
-7.397456765174865723e-01
-7.455415725708007812e-01
-7.513347864151000977e-01
-7.571253180503845215e-01
-7.629128694534301758e-01
-7.686975002288818359e-01
-7.744789123535156250e-01
-7.802571654319763184e-01
-7.860320210456848145e-01
-7.918032407760620117e-01
-7.975707054138183594e-01
-8.033342957496643066e-01
-8.090937137603759766e-01
-8.148488402366638184e-01
-8.205993771553039551e-01
-8.263451457023620605e-01
-8.320857286453247070e-01
-8.378210663795471191e-01
-8.435505628585815430e-01
-8.492741584777832031e-01
-8.549911975860595703e-01
-8.607013821601867676e-01
-8.664042353630065918e-01
-8.720992207527160645e-01
-8.777858614921569824e-01
-8.834633827209472656e-01
-8.891313672065734863e-01
-8.947888016700744629e-01
-9.004349112510681152e-01
-9.060688614845275879e-01
-9.116895794868469238e-01
-9.172961711883544922e-01
-9.228871464729309082e-01
-9.284613728523254395e-01
-9.340171813964843750e-01
-9.395528435707092285e-01
-9.450667500495910645e-01
-9.505566358566284180e-01
-9.560204744338989258e-01
-9.614554047584533691e-01
-9.668586254119873047e-01
-9.722272753715515137e-01
-9.775581359863281250e-01
-9.828472733497619629e-01
-9.880911111831665039e-01
-9.932851791381835938e-01
-9.984244704246520996e-01
-1.003504276275634766e+00
-1.008518457412719727e+00
-1.013461709022521973e+00
-1.018326878547668457e+00
-1.020827651023864746e+00
-1.023512005805969238e+00
-1.026393651962280273e+00
-1.029489636421203613e+00
-1.032818317413330078e+00
-1.036396384239196777e+00
-1.038420200347900391e+00
-1.040590763092041016e+00
-1.042918086051940918e+00
-1.045411825180053711e+00
-1.048083066940307617e+00
-1.050940632820129395e+00
-1.053990006446838379e+00
-1.057231068611145020e+00
-1.059071302413940430e+00
-1.061022043228149414e+00
-1.063086748123168945e+00
-1.065267682075500488e+00
-1.067567706108093262e+00
-1.068858027458190918e+00
-1.070231676101684570e+00
-1.071687579154968262e+00
-1.073227167129516602e+00
-1.074851870536804199e+00
-1.075757145881652832e+00
-1.076725840568542480e+00
-1.077756404876708984e+00
-1.078325271606445312e+00
-1.078939437866210938e+00
-1.079599261283874512e+00
-1.080305933952331543e+00
-1.081061363220214844e+00
-1.081867575645446777e+00
-1.082725524902343750e+00
-1.083636045455932617e+00
-1.084599137306213379e+00
-1.085614800453186035e+00
-1.086680650711059570e+00
-1.087792873382568359e+00
-1.088410496711730957e+00
-1.089068651199340820e+00
-1.089760422706604004e+00
-1.090484023094177246e+00
-1.091236114501953125e+00
-1.092013478279113770e+00
-1.092809557914733887e+00
-1.093616008758544922e+00
-1.094058036804199219e+00
-1.094524383544921875e+00
-1.095003485679626465e+00
-1.095490694046020508e+00
-1.095980525016784668e+00
-1.096465706825256348e+00
-1.096725583076477051e+00
-1.096998691558837891e+00
-1.097145557403564453e+00
-1.097302436828613281e+00
-1.097466111183166504e+00
-1.097634911537170410e+00
-1.097807288169860840e+00
-1.097981572151184082e+00
-1.098155021667480469e+00
-1.098324656486511230e+00
-1.098412752151489258e+00
-1.098506808280944824e+00
-1.098601698875427246e+00
-1.098695397377014160e+00
-1.098785519599914551e+00
-1.098868966102600098e+00
-1.098910331726074219e+00
-1.098954319953918457e+00
-1.098996520042419434e+00
-1.099035501480102539e+00
-1.099068760871887207e+00
-1.099094271659851074e+00
-1.099108934402465820e+00
-1.099108815193176270e+00
-1.099090099334716797e+00
-1.099047064781188965e+00
-1.098972678184509277e+00
-1.098859071731567383e+00
-1.098783373832702637e+00
-1.098698496818542480e+00
-1.098590850830078125e+00
-1.098453760147094727e+00
-1.098279595375061035e+00
-1.098060011863708496e+00
-1.097926735877990723e+00
-1.097779273986816406e+00
-1.097605824470520020e+00
-1.097401022911071777e+00
-1.097158432006835938e+00
-1.096869826316833496e+00
-1.096527814865112305e+00
-1.096326589584350586e+00
-1.096105813980102539e+00
-1.095853805541992188e+00
-1.095563650131225586e+00
-1.095228552818298340e+00
-1.095034599304199219e+00
-1.094821214675903320e+00
-1.094580531120300293e+00
-1.094307184219360352e+00
-1.093995571136474609e+00
-1.093640089035034180e+00
-1.093435883522033691e+00
-1.093211889266967773e+00
-1.092960953712463379e+00
-1.092678308486938477e+00
-1.092359662055969238e+00
-1.091999292373657227e+00
-1.091590285301208496e+00
-1.091124653816223145e+00
-1.090595364570617676e+00
-1.090291738510131836e+00
-1.089959383010864258e+00
-1.089588165283203125e+00
-1.089171171188354492e+00
-1.088702201843261719e+00
-1.088173747062683105e+00
-1.087873339653015137e+00
-1.087544798851013184e+00
-1.087179541587829590e+00
-1.086772561073303223e+00
-1.086318135261535645e+00
-1.085810422897338867e+00
-1.085242271423339844e+00
-1.084606528282165527e+00
-1.084245681762695312e+00
-1.083853960037231445e+00
-1.083421587944030762e+00
-1.082942843437194824e+00
-1.082411289215087891e+00
-1.081821084022521973e+00
-1.081486821174621582e+00
-1.081124782562255859e+00
-1.080725908279418945e+00
-1.080285429954528809e+00
-1.079798698425292969e+00
-1.079260945320129395e+00
-1.078957557678222656e+00
-1.078629255294799805e+00
-1.078268766403198242e+00
-1.077872514724731445e+00
-1.077436685562133789e+00
-1.076957106590270996e+00
-1.076429724693298340e+00
-1.075849533081054688e+00
-1.075210332870483398e+00
-1.074508309364318848e+00
-1.073738336563110352e+00
-1.073298454284667969e+00
-1.072832584381103516e+00
-1.072325229644775391e+00
-1.071771264076232910e+00
-1.071166157722473145e+00
-1.070506572723388672e+00
-1.070131659507751465e+00
-1.069734454154968262e+00
-1.069304585456848145e+00
-1.068838953971862793e+00
-1.068334460258483887e+00
-1.067787170410156250e+00
-1.067193627357482910e+00
-1.066551566123962402e+00
-1.066181898117065430e+00
-1.065796613693237305e+00
-1.065382361412048340e+00
-1.064934968948364258e+00
-1.064452052116394043e+00
-1.064174771308898926e+00
-1.063883781433105469e+00
-1.063570141792297363e+00
-1.063231348991394043e+00
-1.062865614891052246e+00
-1.062471032142639160e+00
-1.062046051025390625e+00
-1.061590671539306641e+00
-1.061104059219360352e+00
-1.060587763786315918e+00
-1.060042381286621094e+00
-1.059474468231201172e+00
-1.059122800827026367e+00
-1.058789253234863281e+00
-1.058445572853088379e+00
-1.058089375495910645e+00
-1.057724475860595703e+00
-1.057494282722473145e+00
-1.057278513908386230e+00
-1.057058334350585938e+00
-1.056834578514099121e+00
-1.056609392166137695e+00
-1.056386113166809082e+00
-1.056172847747802734e+00
-1.055975794792175293e+00
-1.055832147598266602e+00
-1.055727124214172363e+00
-1.055636048316955566e+00
-1.055559277534484863e+00
-1.055503726005554199e+00
-1.055446386337280273e+00
-1.055419325828552246e+00
-1.055405855178833008e+00
-1.055409789085388184e+00
-1.055436134338378906e+00
-1.055491924285888672e+00
-1.055585861206054688e+00
-1.055726170539855957e+00
-1.055768013000488281e+00
-1.055865406990051270e+00
-1.055996298789978027e+00
-1.056166768074035645e+00
-1.056383371353149414e+00
-1.056657791137695312e+00
-1.056777119636535645e+00
-1.056954026222229004e+00
-1.057172775268554688e+00
-1.057440161705017090e+00
-1.057767271995544434e+00
-1.058166742324829102e+00
-1.058361411094665527e+00
-1.058617830276489258e+00
-1.058924198150634766e+00
-1.059287667274475098e+00
-1.059719204902648926e+00
-1.060233354568481445e+00
-1.060847520828247070e+00
-1.061161637306213379e+00
-1.061554908752441406e+00
-1.062016010284423828e+00
-1.062555551528930664e+00
-1.063187479972839355e+00
-1.063519597053527832e+00
-1.063918232917785645e+00
-1.064377546310424805e+00
-1.064906716346740723e+00
-1.064939618110656738e+00
