0.000000000000000000e+00
8.746113181114196777e-01
1.749230265617370605e+00
2.623857021331787109e+00
3.498491048812866211e+00
4.373132705688476562e+00
5.247782707214355469e+00
6.122439384460449219e+00
6.997104644775390625e+00
7.871777057647705078e+00
8.746457099914550781e+00
9.621145248413085938e+00
1.049584102630615234e+01
1.137055110931396484e+01
1.224527263641357422e+01
1.312001228332519531e+01
1.399477100372314453e+01
1.486955642700195312e+01
1.574436950683593750e+01
1.661920738220214844e+01
1.749407196044921875e+01
1.836896705627441406e+01
1.924389076232910156e+01
2.011883354187011719e+01
2.099380874633789062e+01
2.186880874633789062e+01
2.274382972717285156e+01
2.361887931823730469e+01
2.449395179748535156e+01
2.536905288696289062e+01
2.624418067932128906e+01
2.711932563781738281e+01
2.799449920654296875e+01
2.886970138549804688e+01
2.974492835998535156e+01
3.062017631530761719e+01
3.149545860290527344e+01
3.237075805664062500e+01
3.324608993530273438e+01
3.412144088745117188e+01
3.499682235717773438e+01
3.587223052978515625e+01
3.674766159057617188e+01
3.762311935424804688e+01
3.849860763549804688e+01
3.937411880493164062e+01
4.024965286254882812e+01
4.112522506713867188e+01
4.200081634521484375e+01
4.287643814086914062e+01
4.375208663940429688e+01
4.462776565551757812e+01
4.550346755981445312e+01
4.637920379638671875e+01
4.725496292114257812e+01
4.813075637817382812e+01
4.900657272338867188e+01
4.988241958618164062e+01
5.075829315185546875e+01
5.163420486450195312e+01
5.251013946533203125e+01
5.338610076904296875e+01
5.426209640502929688e+01
5.513812637329101562e+01
5.601417541503906250e+01
5.689026641845703125e+01
5.776638793945312500e+01
5.864253234863281250e+01
5.951871490478515625e+01
6.039492416381835938e+01
6.127116394042968750e+01
6.214744949340820312e+01
6.302376174926757812e+01
6.390009689331054688e+01
6.477648162841796875e+01
6.565289306640625000e+01
6.652933502197265625e+01
6.740581512451171875e+01
6.828232574462890625e+01
6.915888214111328125e+01
7.003546142578125000e+01
7.091208648681640625e+01
7.178874206542968750e+01
7.266542816162109375e+01
7.354216766357421875e+01
7.441893768310546875e+01
7.529573822021484375e+01
7.617258453369140625e+01
7.704946899414062500e+01
7.792639160156250000e+01
7.880335235595703125e+01
7.968035888671875000e+01
8.055739593505859375e+01
8.143447875976562500e+01
8.231161499023437500e+01
8.318878936767578125e+01
8.406600189208984375e+01
8.494326019287109375e+01
8.582055664062500000e+01
8.669789886474609375e+01
8.757528686523437500e+01
8.845273590087890625e+01
8.933020782470703125e+01
9.020775604248046875e+01
9.108533477783203125e+01
9.196295166015625000e+01
9.284064483642578125e+01
9.371837615966796875e+01
9.459616088867187500e+01
9.547399139404296875e+01
9.635188293457031250e+01
9.722982788085937500e+01
9.810783386230468750e+01
9.898588562011718750e+01
9.986401367187500000e+01
1.007421798706054688e+02
1.016204147338867188e+02
1.024987030029296875e+02
1.033770751953125000e+02
1.042554855346679688e+02
1.051339797973632812e+02
1.060125503540039062e+02
1.068911590576171875e+02
1.077698593139648438e+02
1.086486282348632812e+02
1.095274734497070312e+02
1.104064025878906250e+02
1.112854156494140625e+02
1.121644897460937500e+02
1.130436401367187500e+02
1.139228973388671875e+02
1.148022460937500000e+02
1.156816558837890625e+02
1.165611953735351562e+02
1.174408187866210938e+02
1.183205413818359375e+02
1.192003784179687500e+02
1.200803146362304688e+02
1.209603652954101562e+02
1.218405456542968750e+02
1.227208328247070312e+02
1.236012573242187500e+02
1.244818191528320312e+02
1.253625183105468750e+02
1.262433700561523438e+02
1.271243820190429688e+02
1.280055236816406250e+02
1.288868713378906250e+02
1.297683868408203125e+02
1.306501159667968750e+02
1.315320434570312500e+02
1.324141845703125000e+02
1.332965393066406250e+02
1.341791381835937500e+02
1.350619964599609375e+02
1.359451599121093750e+02
1.368286132812500000e+02
1.377123718261718750e+02
1.385965118408203125e+02
1.394809722900390625e+02
1.403658599853515625e+02
1.412511596679687500e+02
1.421369323730468750e+02
1.430232238769531250e+02
1.439100341796875000e+02
1.447974243164062500e+02
1.456855010986328125e+02
1.465742492675781250e+02
1.474637451171875000e+02
1.483540954589843750e+02
1.492453613281250000e+02
1.501376037597656250e+02
1.510309448242187500e+02
1.519254913330078125e+02
1.528213348388671875e+02
1.537186126708984375e+02
1.546174926757812500e+02
1.550652008056640625e+02
1.555592651367187500e+02
1.561043395996093750e+02
1.567055206298828125e+02
1.573684082031250000e+02
1.580993347167968750e+02
1.584999237060546875e+02
1.589418945312500000e+02
1.594294128417968750e+02
1.599671020507812500e+02
1.605600585937500000e+02
1.612139892578125000e+02
1.619352874755859375e+02
1.627310485839843750e+02
1.631672058105468750e+02
1.636487121582031250e+02
1.641801300048828125e+02
1.647665710449218750e+02
1.654137420654296875e+02
1.657689056396484375e+02
1.661606750488281250e+02
1.665928039550781250e+02
1.670694427490234375e+02
1.675951843261718750e+02
1.678839111328125000e+02
1.682022094726562500e+02
1.685530700683593750e+02
1.687459259033203125e+02
1.689583740234375000e+02
1.691924133300781250e+02
1.694502258300781250e+02
1.697343139648437500e+02
1.700473175048828125e+02
1.703922271728515625e+02
1.707723083496093750e+02
1.711911926269531250e+02
1.716528472900390625e+02
1.721617126464843750e+02
1.727227020263671875e+02
1.730309143066406250e+02
1.733704986572265625e+02
1.737447967529296875e+02
1.741572570800781250e+02
1.746118927001953125e+02
1.751130065917968750e+02
1.756654357910156250e+02
1.762744903564453125e+02
1.766091918945312500e+02
1.769780578613281250e+02
1.773845062255859375e+02
1.778324432373046875e+02
1.783261413574218750e+02
1.788703155517578125e+02
1.791695251464843750e+02
1.794991302490234375e+02
1.796803741455078125e+02
1.798799591064453125e+02
1.800997009277343750e+02
1.803416900634765625e+02
1.806081695556640625e+02
1.809016571044921875e+02
1.812248840332031250e+02
1.815809326171875000e+02
1.817767639160156250e+02
1.819923095703125000e+02
1.822296905517578125e+02
1.824910125732421875e+02
1.827787780761718750e+02
1.830956878662109375e+02
1.832699737548828125e+02
1.834618225097656250e+02
1.836730346679687500e+02
1.839055175781250000e+02
1.841615295410156250e+02
1.844434051513671875e+02
1.847537841796875000e+02
1.850955505371093750e+02
1.854720153808593750e+02
1.858865814208984375e+02
1.863432922363281250e+02
1.868464050292968750e+02
1.871231689453125000e+02
1.874278717041015625e+02
1.877633819580078125e+02
1.881328582763671875e+02
1.885398101806640625e+02
1.889879913330078125e+02
1.892345886230468750e+02
1.895060272216796875e+02
1.898048706054687500e+02
1.901338958740234375e+02
1.904962768554687500e+02
1.908953704833984375e+02
1.913349456787109375e+02
1.915767822265625000e+02
1.918430023193359375e+02
1.921360778808593750e+02
1.924587707519531250e+02
1.928141021728515625e+02
1.930096435546875000e+02
1.932247772216796875e+02
1.934616088867187500e+02
1.937223510742187500e+02
1.940094146728515625e+02
1.943254699707031250e+02
1.944994049072265625e+02
1.946907653808593750e+02
1.949013977050781250e+02
1.951333007812500000e+02
1.953885803222656250e+02
1.956696014404296875e+02
1.959790344238281250e+02
1.963197326660156250e+02
1.966949310302734375e+02
1.969013671875000000e+02
1.971285552978515625e+02
1.973786163330078125e+02
1.976538848876953125e+02
1.979569244384765625e+02
1.982906188964843750e+02
1.984742279052734375e+02
1.986762390136718750e+02
1.988985900878906250e+02
1.991433410644531250e+02
1.994127655029296875e+02
1.997093963623046875e+02
2.000359497070312500e+02
2.003955535888671875e+02
2.005934753417968750e+02
2.008111724853515625e+02
2.010508117675781250e+02
2.013146209716796875e+02
2.016050262451171875e+02
2.019247436523437500e+02
2.021007080078125000e+02
2.022942657470703125e+02
2.025072784423828125e+02
2.027417755126953125e+02
2.029998626708984375e+02
2.032839965820312500e+02
2.034403839111328125e+02
2.036123809814453125e+02
2.038016662597656250e+02
2.040099945068359375e+02
2.042393035888671875e+02
2.044917297363281250e+02
2.047696228027343750e+02
2.050755615234375000e+02
2.054123687744140625e+02
2.057832336425781250e+02
2.061916503906250000e+02
2.064164123535156250e+02
2.066636657714843750e+02
2.069358062744140625e+02
2.072353515625000000e+02
2.075650939941406250e+02
2.079281158447265625e+02
2.081279296875000000e+02
2.083476715087890625e+02
2.085895385742187500e+02
2.088557281494140625e+02
2.091486816406250000e+02
2.094711761474609375e+02
2.098261871337890625e+02
2.102169799804687500e+02
2.104320373535156250e+02
2.106686248779296875e+02
2.109289245605468750e+02
2.112154083251953125e+02
2.115307922363281250e+02
2.117043457031250000e+02
2.118952331542968750e+02
2.121052856445312500e+02
2.123364715576171875e+02
2.125908966064453125e+02
2.128709716796875000e+02
2.131792755126953125e+02
2.135186920166015625e+02
2.138924713134765625e+02
2.143040771484375000e+02
2.147574768066406250e+02
2.152568817138671875e+02
2.155318908691406250e+02
2.158343811035156250e+02
2.161673736572265625e+02
2.165340728759765625e+02
2.169379577636718750e+02
2.171603851318359375e+02
2.174050292968750000e+02
2.176743621826171875e+02
2.179709320068359375e+02
2.182974853515625000e+02
2.186571502685546875e+02
2.190533752441406250e+02
2.194899749755859375e+02
2.197304687500000000e+02
2.199950561523437500e+02
2.202863769531250000e+02
2.206072387695312500e+02
2.209606933593750000e+02
2.211553344726562500e+02
2.213695068359375000e+02
2.216052703857421875e+02
2.218648986816406250e+02
2.221508331298828125e+02
2.224657745361328125e+02
2.228127746582031250e+02
2.231951293945312500e+02
2.234057312011718750e+02
2.236374816894531250e+02
2.238925933837890625e+02
2.241735534667968750e+02
2.244830932617187500e+02
2.248241882324218750e+02
2.250120849609375000e+02
2.252188262939453125e+02
2.254464569091796875e+02
2.256971435546875000e+02
2.259733276367187500e+02
2.262776489257812500e+02
2.264453277587890625e+02
2.266297607421875000e+02
2.268328399658203125e+02
2.270564880371093750e+02
2.273028869628906250e+02
2.275742797851562500e+02
2.278734588623046875e+02
2.280383300781250000e+02
2.282197265625000000e+02
2.284194488525390625e+02
2.286393890380859375e+02
2.288816986083984375e+02
2.290152282714843750e+02
2.291620941162109375e+02
2.293238220214843750e+02
2.295018920898437500e+02
2.295167083740234375e+02
