0.000000000000000000e+00
2.650853292834027375e+00
5.301696421902383882e+00
7.952528383893663566e+00
1.060335020437768172e+01
1.325416021740222128e+01
1.590496136611311861e+01
1.855575103650902946e+01
2.120652779773628893e+01
2.385729946574944549e+01
2.650805573103944823e+01
2.915880333127543267e+01
3.180953328583612461e+01
3.446024142499190646e+01
3.711092245625296471e+01
3.976157419559053352e+01
4.241218670366379939e+01
4.506276405021897347e+01
4.771328916460198144e+01
5.036376667348317682e+01
5.301419114466333582e+01
5.566457103829231556e+01
5.831489726573891375e+01
6.096518086043251827e+01
6.361541391898644093e+01
6.626559618499273085e+01
6.891573562259961250e+01
7.156570955048194094e+01
7.421576982453801463e+01
7.686578978930408823e+01
7.951576375344949099e+01
8.216569418433164174e+01
8.481557088836933644e+01
8.746540434126787034e+01
9.011519590951060366e+01
9.276492088045931439e+01
9.541461824399165437e+01
9.806426644096426060e+01
1.007138608991101876e+02
1.033634151580369291e+02
1.060129080133223738e+02
1.086623608411388631e+02
1.113117758537068198e+02
1.139611318996650340e+02
1.166104379615000113e+02
1.192596959935803511e+02
1.219088903182248345e+02
1.245580549556627972e+02
1.272071581572916017e+02
1.298562176085972055e+02
1.325052244958352503e+02
1.351541870247998816e+02
1.378030769878969011e+02
1.404519332525362358e+02
1.431007370823791121e+02
1.457494739833925053e+02
1.483981674326101086e+02
1.510468043068537725e+02
1.536953899552448206e+02
1.563439349937281122e+02
1.589923915100713998e+02
1.616408057022952676e+02
1.642891730237086279e+02
1.669374696705756662e+02
1.695857150361569552e+02
1.722339187377692724e+02
1.748820470260398281e+02
1.775301138745043090e+02
1.801781245313336512e+02
1.828260818694059822e+02
1.854739597880941915e+02
1.881218116843353130e+02
1.907695629721099806e+02
1.934172564936484378e+02
1.960649275685595967e+02
1.987124951042290490e+02
2.013600193745612046e+02
2.040074509990499223e+02
2.066548506518141721e+02
2.093021749920073660e+02
2.119493926147348475e+02
2.145965812092389058e+02
2.172436878551353345e+02
2.198907210443006477e+02
2.225376907676393046e+02
2.251845824323722525e+02
2.278313949619924301e+02
2.304781713592039694e+02
2.331248295325456183e+02
2.357714412450919781e+02
2.384179597148045673e+02
2.410643950925934575e+02
2.437107468032054101e+02
2.463570449458380835e+02
2.490032326338872508e+02
2.516493653837514728e+02
2.542954030685848750e+02
2.569413131112293627e+02
2.595871762488288823e+02
2.622329539360566173e+02
2.648786300219845771e+02
2.675242308072010928e+02
2.701697356184188834e+02
2.728151521341545731e+02
2.754604321804652614e+02
2.781056357495551765e+02
2.807507365646339395e+02
2.833957483261900734e+02
2.860406412571765031e+02
2.886854256884190590e+02
2.913300970546457052e+02
2.939746766085772265e+02
2.966191380400576350e+02
2.992634766902417596e+02
3.019076881469831619e+02
3.045517796103349610e+02
3.071957623339623069e+02
3.098395883135389681e+02
3.124832981795570959e+02
3.151268876001466879e+02
3.177703081517856845e+02
3.204135903449651437e+02
3.230567061092409631e+02
3.256997167079809401e+02
3.283425648965700248e+02
3.309851947614428127e+02
3.336277209266669388e+02
3.362700564750507510e+02
3.389121621143409584e+02
3.415541498643691511e+02
3.441958790534663422e+02
3.468374475829400581e+02
3.494788023451727099e+02
3.521199158330856562e+02
3.547608488993441824e+02
3.574014896481119195e+02
3.600419260695796311e+02
3.626823794617645262e+02
3.653222905747283562e+02
3.679619106553535630e+02
3.706012354244781477e+02
3.732402285600174423e+02
3.758789201296251576e+02
3.785172149873649801e+02
3.811551726203190356e+02
3.837927027984390520e+02
3.864298482027011232e+02
3.890665615729572551e+02
3.917027848942452692e+02
3.943384782879124941e+02
3.969736673155857147e+02
3.996083246690199076e+02
4.022423269077043528e+02
4.048756996580671057e+02
4.075083526772563687e+02
4.101402333027240275e+02
4.127713516529992717e+02
4.154015555545944949e+02
4.180308317570921872e+02
4.206590750007175075e+02
4.232862530102714231e+02
4.259122559984321583e+02
4.285369519718195193e+02
4.311602934333585040e+02
4.337820594296898093e+02
4.364022088112315032e+02
4.390205707711560876e+02
4.416369429048361326e+02
4.442511305668579666e+02
4.468630011707879817e+02
4.494722579799374103e+02
4.520787124880245074e+02
4.546820182389049592e+02
4.572819242681774767e+02
4.598780621879881210e+02
4.624701340238559624e+02
4.650576697183620922e+02
4.663553463399489942e+02
4.677789240756193294e+02
4.693407056544896250e+02
4.710544678872935265e+02
4.729351310345414845e+02
4.749990807311117464e+02
4.761370823665167791e+02
4.773857611573608324e+02
4.787560068843528143e+02
4.802595768629848294e+02
4.819093638768543997e+02
4.837195271851865641e+02
4.857054022982542847e+02
4.878839134048337769e+02
4.890841590122991533e+02
4.904009782865425109e+02
4.918450050111601399e+02
4.934288556791131555e+02
4.951657811535903306e+02
4.961219388367547936e+02
4.971713634254978729e+02
4.983231660929159261e+02
4.995869380032254981e+02
5.009737217474294653e+02
5.017365306377487286e+02
5.025743212329664971e+02
5.034944212667989518e+02
5.040003166284482177e+02
5.045562594478200822e+02
5.051671848976309889e+02
5.058382260343262828e+02
5.065753590052262325e+02
5.073850079968372029e+02
5.082741580708598690e+02
5.092506744420800828e+02
5.103229292790630325e+02
5.115003215713403506e+02
5.127929354276242293e+02
5.142120288778645545e+02
5.149919518143926780e+02
5.158490246548479945e+02
5.167907758539245151e+02
5.178249793933823639e+02
5.189607382999273568e+02
5.202077366855991158e+02
5.215768100774166669e+02
5.230803125833007243e+02
5.239050861772201415e+02
5.248122645360134584e+02
5.258092853688408468e+02
5.269042936193759488e+02
5.281068918905788223e+02
5.294274458119787141e+02
5.301523475751018850e+02
5.309494311514979472e+02
5.313867227629428953e+02
5.318692168394821920e+02
5.323989086882679658e+02
5.329811826806177351e+02
5.336211617045333924e+02
5.343245210794336799e+02
5.350974589205061420e+02
5.359467521548779132e+02
5.364129389906556753e+02
5.369258856956124646e+02
5.374899046884381733e+02
5.381099016128393941e+02
5.387914023951092304e+02
5.395403715039055896e+02
5.399504577866173349e+02
5.404039374529842235e+02
5.409014055048949103e+02
5.414484119631904377e+02
5.420496901296767192e+02
5.427106437876902874e+02
5.434370299110898941e+02
5.442354009527515473e+02
5.451127092580370572e+02
5.460768047938485097e+02
5.471359949804752887e+02
5.482996581698689624e+02
5.489376568760295640e+02
5.496397156861696658e+02
5.504120439483408518e+02
5.512609126709917291e+02
5.521938516004637449e+02
5.532188447929574977e+02
5.537808854541017354e+02
5.543994632482999805e+02
5.550799422049213945e+02
5.558279916852856104e+02
5.566502287144447791e+02
5.575538804578051213e+02
5.585468110406632150e+02
5.590910544699434013e+02
5.596901312800285950e+02
5.603493851060010229e+02
5.610739400103066146e+02
5.618704574238242913e+02
5.623071433771031025e+02
5.627878829263027001e+02
5.633168044690366969e+02
5.638983443138810117e+02
5.645375525109494674e+02
5.652401931098347632e+02
5.656254397991610858e+02
5.660495418891171084e+02
5.665161794129601276e+02
5.670291707269074095e+02
5.675931891731635233e+02
5.682132078611601855e+02
5.688946530405365820e+02
5.696436213528816097e+02
5.704666214404810489e+02
5.709174235812366760e+02
5.714137363542112098e+02
5.719600687420414715e+02
5.725605965891082860e+02
5.732207621792146028e+02
5.739463714445668074e+02
5.743438273526616058e+02
5.747815569865722409e+02
5.752633332690367070e+02
5.757929884761105086e+02
5.763753176800704523e+02
5.770154554898365404e+02
5.777190483418146414e+02
5.784923071968096338e+02
5.789154736219336428e+02
5.793816927569039308e+02
5.798949869405010986e+02
5.804593229753222658e+02
5.810797174661873896e+02
5.817617904348535376e+02
5.821352522692003504e+02
5.825466802459931159e+02
5.829995618111497606e+02
5.834976219744802393e+02
5.840452583099055346e+02
5.846473527208472660e+02
5.849770811483840589e+02
5.853403713977945699e+02
5.857403185592077079e+02
5.861802488585358333e+02
5.866640523560959082e+02
5.871960895033862471e+02
5.877812491115773810e+02
5.884245625849456474e+02
5.891319660709818891e+02
5.899098254364664626e+02
5.907651558180638176e+02
5.912324237055003096e+02
5.917479882784972460e+02
5.923164201454497970e+02
5.929416744433389113e+02
5.936296067785325477e+02
5.943864624606392226e+02
5.948002874123968695e+02
5.952568909438721221e+02
5.957602902558910500e+02
5.963141582294844056e+02
5.969236766249453012e+02
5.975944215778595208e+02
5.983326133525333717e+02
5.991450861847997658e+02
5.995887863945151821e+02
6.000788140570800806e+02
6.006193411727319926e+02
6.012141490203862304e+02
6.018690235263808290e+02
6.022270845601477731e+02
6.026224172198428732e+02
6.030581759963482682e+02
6.035379118403634493e+02
6.040659647580696401e+02
6.046472964742770273e+02
6.052873127329867202e+02
6.059921854273343342e+02
6.067682836549670355e+02
6.076230666396141942e+02
6.085647880499519715e+02
6.096021965651344772e+02
6.101673496683341682e+02
6.107938712219470290e+02
6.114866068789311839e+02
6.122491408774992578e+02
6.130894778204586828e+02
6.135482540781132457e+02
6.140553844876773155e+02
6.146161292286292337e+02
6.152336617011915223e+02
6.159142591972978380e+02
6.166644529894331299e+02
6.174914858950164671e+02
6.184035233767388036e+02
6.189008470654313214e+02
6.194508202244480799e+02
6.200601848876922304e+02
6.207312465478145214e+02
6.214712520364487318e+02
6.218749163494067034e+02
6.223217326292301550e+02
6.228157982315766503e+02
6.233600416725677178e+02
6.239600123727976779e+02
6.246216172655210812e+02
6.253511463276879567e+02
6.261558384459934814e+02
6.265945269575893235e+02
6.270799992228130577e+02
6.276181082088205585e+02
6.282107529533940351e+02
6.288645459262952500e+02
6.295859703802498188e+02
6.299789250579617601e+02
6.304142053899319080e+02
6.308964999960278419e+02
6.314277250345930952e+02
6.320137079381050853e+02
6.326599820755093333e+02
6.330123527881279415e+02
6.334025727598595950e+02
6.338348003036820728e+02
6.343109536349231803e+02
6.348362255631789139e+02
6.354159084265886577e+02
6.360555742198680491e+02
6.364041514286127494e+02
6.367903967666908329e+02
6.372187165321836346e+02
6.376906927771128721e+02
6.382116612755921778e+02
6.384955194753741807e+02
6.388103597134479514e+02
6.391586961379114200e+02
6.395426827469184445e+02
6.395709741142511575e+02
