0.000000000000000000e+00
4.677968844771385193e-02
9.355148673057556152e-02
1.403154134750366211e-01
1.870714575052261353e-01
2.338196188211441040e-01
2.805599272251129150e-01
3.272923529148101807e-01
3.740169107913970947e-01
4.207335412502288818e-01
4.674418866634368896e-01
5.141410231590270996e-01
5.608282089233398438e-01
6.074997186660766602e-01
6.541515588760375977e-01
7.007813453674316406e-01
7.473890781402587891e-01
7.939754724502563477e-01
8.405408859252929688e-01
8.870845437049865723e-01
9.336054921150207520e-01
9.801025986671447754e-01
1.026574850082397461e+00
1.073021411895751953e+00
1.119440913200378418e+00
1.165832042694091797e+00
1.212194681167602539e+00
1.258527994155883789e+00
1.304831743240356445e+00
1.351106405258178711e+00
1.397351503372192383e+00
1.443567276000976562e+00
1.489754199981689453e+00
1.535912036895751953e+00
1.582040667533874512e+00
1.628140091896057129e+00
1.674210548400878906e+00
1.720252037048339844e+00
1.766263961791992188e+00
1.812246680259704590e+00
1.858199238777160645e+00
1.904121756553649902e+00
1.950014591217041016e+00
1.995876312255859375e+00
2.041707992553710938e+00
2.087509155273437500e+00
2.133278846740722656e+00
2.179018020629882812e+00
2.224725723266601562e+00
2.270402193069458008e+00
2.316047191619873047e+00
2.361660480499267578e+00
2.407241344451904297e+00
2.452790021896362305e+00
2.498306035995483398e+00
2.543789625167846680e+00
2.589239597320556641e+00
2.634656429290771484e+00
2.680039405822753906e+00
2.725388526916503906e+00
2.770703792572021484e+00
2.815984010696411133e+00
2.861229181289672852e+00
2.906439542770385742e+00
2.951613903045654297e+00
2.996752977371215820e+00
3.041855573654174805e+00
3.086921453475952148e+00
3.131950378417968750e+00
3.176942110061645508e+00
3.221896409988403320e+00
3.266812324523925781e+00
3.311690330505371094e+00
3.356528520584106445e+00
3.401327848434448242e+00
3.446087598800659180e+00
3.490806818008422852e+00
3.535485744476318359e+00
3.580122947692871094e+00
3.624718904495239258e+00
3.669272899627685547e+00
3.713784694671630859e+00
3.758252620697021484e+00
3.802677154541015625e+00
3.847057819366455078e+00
3.891394138336181641e+00
3.935683965682983398e+00
3.979929208755493164e+00
4.024127483367919922e+00
4.068278789520263672e+00
4.112382411956787109e+00
4.156436920166015625e+00
4.200442314147949219e+00
4.244397640228271484e+00
4.288302898406982422e+00
4.332156181335449219e+00
4.375957489013671875e+00
4.419704914093017578e+00
4.463397502899169922e+00
4.507035732269287109e+00
4.550617694854736328e+00
4.594142913818359375e+00
4.637609004974365234e+00
4.681016445159912109e+00
4.724362850189208984e+00
4.767647266387939453e+00
4.810869693756103516e+00
4.854027748107910156e+00
4.897119522094726562e+00
4.940144062042236328e+00
4.983099460601806641e+00
5.025985240936279297e+00
5.068798542022705078e+00
5.111538410186767578e+00
5.154202461242675781e+00
5.196789741516113281e+00
5.239296436309814453e+00
5.281721115112304688e+00
5.324061870574951172e+00
5.366315841674804688e+00
5.408480644226074219e+00
5.450553894042968750e+00
5.492532253265380859e+00
5.534412384033203125e+00
5.576190471649169922e+00
5.617865085601806641e+00
5.659430980682373047e+00
5.700884819030761719e+00
5.742221355438232422e+00
5.783436775207519531e+00
5.824527263641357422e+00
5.865485668182373047e+00
5.906307220458984375e+00
5.946987152099609375e+00
5.987516880035400391e+00
6.027893066406250000e+00
6.068104743957519531e+00
6.108144760131835938e+00
6.148005962371826172e+00
6.187680244445800781e+00
6.227156639099121094e+00
6.266424179077148438e+00
6.305472373962402344e+00
6.344287872314453125e+00
6.382858753204345703e+00
6.421169281005859375e+00
6.459205150604248047e+00
6.496951103210449219e+00
6.534387111663818359e+00
6.571493625640869141e+00
6.608250617980957031e+00
6.644634723663330078e+00
6.680620670318603516e+00
6.716182708740234375e+00
6.751290798187255859e+00
6.785912513732910156e+00
6.820015430450439453e+00
6.853556156158447266e+00
6.886499404907226562e+00
6.918799877166748047e+00
6.950410366058349609e+00
6.981279850006103516e+00
7.011346817016601562e+00
7.040549278259277344e+00
7.068814754486083984e+00
7.096070766448974609e+00
7.122239112854003906e+00
7.147213459014892578e+00
7.170904159545898438e+00
7.193192481994628906e+00
7.213963985443115234e+00
7.233064174652099609e+00
7.250361442565917969e+00
7.265662670135498047e+00
7.278833866119384766e+00
7.289610862731933594e+00
7.297881126403808594e+00
7.304618835449218750e+00
7.309604644775390625e+00
7.312580585479736328e+00
7.313373565673828125e+00
7.311705112457275391e+00
7.307142734527587891e+00
7.306778907775878906e+00
7.304411411285400391e+00
7.299736022949218750e+00
7.292462348937988281e+00
7.282165050506591797e+00
7.268300533294677734e+00
7.250166416168212891e+00
7.226798057556152344e+00
7.216249942779541016e+00
7.202154159545898438e+00
7.184039115905761719e+00
7.161410808563232422e+00
7.133625984191894531e+00
7.119506359100341797e+00
7.102481365203857422e+00
7.082064151763916016e+00
7.057814121246337891e+00
7.029206752777099609e+00
7.014090538024902344e+00
6.996608734130859375e+00
6.976336479187011719e+00
6.965367317199707031e+00
6.952933311462402344e+00
6.938779354095458984e+00
6.922668457031250000e+00
6.904335021972656250e+00
6.883481025695800781e+00
6.859770298004150391e+00
6.832818508148193359e+00
6.802187442779541016e+00
6.767374515533447266e+00
6.727809429168701172e+00
6.682838916778564453e+00
6.658613204956054688e+00
6.631356716156005859e+00
6.600508689880371094e+00
6.565619945526123047e+00
6.526193141937255859e+00
6.481664180755615234e+00
6.431395053863525391e+00
6.374624252319335938e+00
6.343806266784667969e+00
6.309390068054199219e+00
6.270711421966552734e+00
6.227262496948242188e+00
6.178458213806152344e+00
6.123641967773437500e+00
6.093668460845947266e+00
6.060389041900634766e+00
6.042118072509765625e+00
6.021867275238037109e+00
5.999372482299804688e+00
5.974355220794677734e+00
5.946525096893310547e+00
5.915552139282226562e+00
5.881068706512451172e+00
5.842660427093505859e+00
5.821572303771972656e+00
5.798281669616699219e+00
5.772439002990722656e+00
5.743755340576171875e+00
5.711906433105468750e+00
5.676534175872802734e+00
5.657131195068359375e+00
5.635684967041015625e+00
5.611956119537353516e+00
5.585661888122558594e+00
5.556512355804443359e+00
5.524183750152587891e+00
5.488310813903808594e+00
5.448495864868164062e+00
5.404298782348632812e+00
5.355203151702880859e+00
5.300653934478759766e+00
5.240025520324707031e+00
5.206736087799072266e+00
5.170071125030517578e+00
5.129403114318847656e+00
5.084291934967041016e+00
5.034263610839843750e+00
4.978769779205322266e+00
4.948277950286865234e+00
4.914731502532958984e+00
4.877580165863037109e+00
4.836427211761474609e+00
4.790831089019775391e+00
4.740306854248046875e+00
4.684290409088134766e+00
4.653481006622314453e+00
4.619620800018310547e+00
4.582135677337646484e+00
4.540636062622070312e+00
4.494691848754882812e+00
4.469425201416015625e+00
4.441661357879638672e+00
4.410978794097900391e+00
4.377067089080810547e+00
4.339566230773925781e+00
4.298058986663818359e+00
4.275225639343261719e+00
4.250133514404296875e+00
4.222404003143310547e+00
4.191753387451171875e+00
4.157867431640625000e+00
4.120398521423339844e+00
4.078958034515380859e+00
4.033114910125732422e+00
3.982373476028442383e+00
3.954477310180664062e+00
3.923856973648071289e+00
3.890001535415649414e+00
3.852574825286865234e+00
3.811176776885986328e+00
3.765378713607788086e+00
3.740179061889648438e+00
3.712529420852661133e+00
3.681976556777954102e+00
3.648212432861328125e+00
3.610887289047241211e+00
3.569618940353393555e+00
3.523981809616088867e+00
3.473505020141601562e+00
3.445723533630371094e+00
3.415264844894409180e+00
3.381597280502319336e+00
3.344380855560302734e+00
3.303221225738525391e+00
3.257664442062377930e+00
3.232588291168212891e+00
3.205079078674316406e+00
3.174678087234497070e+00
3.141076803207397461e+00
3.103917837142944336e+00
3.062810420989990234e+00
3.040188789367675781e+00
3.015357255935668945e+00
2.987921237945556641e+00
2.957609415054321289e+00
2.924105167388916016e+00
2.887067794799804688e+00
2.846116065979003906e+00
2.800832271575927734e+00
2.750756025314331055e+00
2.695334434509277344e+00
2.633970975875854492e+00
2.600283384323120117e+00
2.563310384750366211e+00
2.522365093231201172e+00
2.477044582366943359e+00
2.426858901977539062e+00
2.371233940124511719e+00
2.340620040893554688e+00
2.306973695755004883e+00
2.269693613052368164e+00
2.228390932083129883e+00
2.182598590850830078e+00
2.131803989410400391e+00
2.075427770614624023e+00
2.012773036956787109e+00
1.978262186050415039e+00
1.940295934677124023e+00
1.898156523704528809e+00
1.851385712623596191e+00
1.799409270286560059e+00
1.770750999450683594e+00
1.739187002182006836e+00
1.704199194908142090e+00
1.665405750274658203e+00
1.622356176376342773e+00
1.574545860290527344e+00
1.521395325660705566e+00
1.462227344512939453e+00
1.396265149116516113e+00
1.322628140449523926e+00
1.240320444107055664e+00
1.148147940635681152e+00
1.097339868545532227e+00
1.041138768196105957e+00
9.784002304077148438e-01
9.084406495094299316e-01
8.302699923515319824e-01
7.871747612953186035e-01
7.395581007003784180e-01
6.865324378013610840e-01
6.275074481964111328e-01
5.617158412933349609e-01
4.883002340793609619e-01
4.062654376029968262e-01
3.145145773887634277e-01
2.639040648937225342e-01
2.079250812530517578e-01
1.454678624868392944e-01
7.592476904392242432e-02
-1.635005581192672253e-03
-4.433826357126235962e-02
-9.153971821069717407e-02
-1.440542936325073242e-01
-2.024420201778411865e-01
-2.674585878849029541e-01
-3.399665951728820801e-01
-4.209521412849426270e-01
-5.114529132843017578e-01
-5.612781047821044922e-01
-6.164318919181823730e-01
-6.779557466506958008e-01
-7.464663386344909668e-01
-8.228777050971984863e-01
-9.082263112068176270e-01
-9.551677107810974121e-01
-1.007145404815673828e+00
-1.065087676048278809e+00
-1.129594445228576660e+00
-1.201515436172485352e+00
-1.281839251518249512e+00
-1.326057791709899902e+00
-1.375048756599426270e+00
-1.429651498794555664e+00
-1.490431189537048340e+00
-1.558186054229736328e+00
-1.633812189102172852e+00
-1.718357443809509277e+00
-1.764886856079101562e+00
-1.816478371620178223e+00
-1.874025464057922363e+00
-1.938122749328613281e+00
-2.009649753570556641e+00
-2.049025058746337891e+00
-2.092673301696777344e+00
-2.141257524490356445e+00
-2.195293664932250977e+00
-2.199683904647827148e+00
