0.000000000000000000e+00
2.122490108013153076e-01
4.244962334632873535e-01
6.367415785789489746e-01
8.489851355552673340e-01
1.061226606369018555e+00
1.273466467857360840e+00
1.485704302787780762e+00
1.697940587997436523e+00
1.910174846649169922e+00
2.122407436370849609e+00
2.334637880325317383e+00
2.546865463256835938e+00
2.759089708328247070e+00
2.971309185028076172e+00
3.183522462844848633e+00
3.395730018615722656e+00
3.607930183410644531e+00
3.820122480392456055e+00
4.032307147979736328e+00
4.244484424591064453e+00
4.456654548645019531e+00
4.668817520141601562e+00
4.880973339080810547e+00
5.093122482299804688e+00
5.305263996124267578e+00
5.517399311065673828e+00
5.729526996612548828e+00
5.941648006439208984e+00
6.153760910034179688e+00
6.365866661071777344e+00
6.577965736389160156e+00
6.790058135986328125e+00
7.002141952514648438e+00
7.214219570159912109e+00
7.426288127899169922e+00
7.638350963592529297e+00
7.850406646728515625e+00
8.062455177307128906e+00
8.274495124816894531e+00
8.486527442932128906e+00
8.698553085327148438e+00
8.910571098327636719e+00
9.122580528259277344e+00
9.334584236145019531e+00
9.546578407287597656e+00
9.758565902709960938e+00
9.970544815063476562e+00
1.018251609802246094e+01
1.039447975158691406e+01
1.060643577575683594e+01
1.081838130950927734e+01
1.103032302856445312e+01
1.124225330352783203e+01
1.145417881011962891e+01
1.166609191894531250e+01
1.187799835205078125e+01
1.208989715576171875e+01
1.230178737640380859e+01
1.251366996765136719e+01
1.272554206848144531e+01
1.293740653991699219e+01
1.314926147460937500e+01
1.336110877990722656e+01
1.357294654846191406e+01
1.378477478027343750e+01
1.399659538269042969e+01
1.420840740203857422e+01
1.442020797729492188e+01
1.463200092315673828e+01
1.484378337860107422e+01
1.505555820465087891e+01
1.526732063293457031e+01
1.547907638549804688e+01
1.569082069396972656e+01
1.590255641937255859e+01
1.611428260803222656e+01
1.632599449157714844e+01
1.653770256042480469e+01
1.674939727783203125e+01
1.696108055114746094e+01
1.717275238037109375e+01
1.738441658020019531e+01
1.759606742858886719e+01
1.780771064758300781e+01
1.801934051513671875e+01
1.823095893859863281e+01
1.844256782531738281e+01
1.865416336059570312e+01
1.886575126647949219e+01
1.907732200622558594e+01
1.928888320922851562e+01
1.950043106079101562e+01
1.971196937561035156e+01
1.992349433898925781e+01
2.013500595092773438e+01
2.034650611877441406e+01
2.055799102783203125e+01
2.076946449279785156e+01
2.098092269897460938e+01
2.119236755371093750e+01
2.140379905700683594e+01
2.161521720886230469e+01
2.182662200927734375e+01
2.203800964355468750e+01
2.224938392639160156e+01
2.246073913574218750e+01
2.267208290100097656e+01
2.288340759277343750e+01
2.309472274780273438e+01
2.330601310729980469e+01
2.351729202270507812e+01
2.372854995727539062e+01
2.393979454040527344e+01
2.415101814270019531e+01
2.436222457885742188e+01
2.457341194152832031e+01
2.478457832336425781e+01
2.499572753906250000e+01
2.520685386657714844e+01
2.541795730590820312e+01
2.562904357910156250e+01
2.584010314941406250e+01
2.605114746093750000e+01
2.626215744018554688e+01
2.647314834594726562e+01
2.668411636352539062e+01
2.689505386352539062e+01
2.710596847534179688e+01
2.731685066223144531e+01
2.752770614624023438e+01
2.773853492736816406e+01
2.794932937622070312e+01
2.816008758544921875e+01
2.837081336975097656e+01
2.858150482177734375e+01
2.879216003417968750e+01
2.900277519226074219e+01
2.921335029602050781e+01
2.942388153076171875e+01
2.963436317443847656e+01
2.984480094909667969e+01
3.005519104003906250e+01
3.026552772521972656e+01
3.047580146789550781e+01
3.068601989746093750e+01
3.089617347717285156e+01
3.110626220703125000e+01
3.131628036499023438e+01
3.152621650695800781e+01
3.173607444763183594e+01
3.194585037231445312e+01
3.215552902221679688e+01
3.236510467529296875e+01
3.257457733154296875e+01
3.278393936157226562e+01
3.299317932128906250e+01
3.320228195190429688e+01
3.341125106811523438e+01
3.362006378173828125e+01
3.382872009277343750e+01
3.403720092773437500e+01
3.424549102783203125e+01
3.445358657836914062e+01
3.466146469116210938e+01
3.486911392211914062e+01
3.507651138305664062e+01
3.528364562988281250e+01
3.549048614501953125e+01
3.569702529907226562e+01
3.590322875976562500e+01
3.610908126831054688e+01
3.631454849243164062e+01
3.651960754394531250e+01
3.672422409057617188e+01
3.692837905883789062e+01
3.713202667236328125e+01
3.723450469970703125e+01
3.734668731689453125e+01
3.746954345703125000e+01
3.760416030883789062e+01
3.775173568725585938e+01
3.791353988647460938e+01
3.800310134887695312e+01
3.810118865966796875e+01
3.820865249633789062e+01
3.832644653320312500e+01
3.845559692382812500e+01
3.859722137451171875e+01
3.875253295898437500e+01
3.892285537719726562e+01
3.901721572875976562e+01
3.912049484252929688e+01
3.923363494873046875e+01
3.935765075683593750e+01
3.949366760253906250e+01
3.956892013549804688e+01
3.965139007568359375e+01
3.974184799194335938e+01
3.984109878540039062e+01
3.995006561279296875e+01
4.001028060913085938e+01
4.007637023925781250e+01
4.014892959594726562e+01
4.018894577026367188e+01
4.023290252685546875e+01
4.028120803833007812e+01
4.033427429199218750e+01
4.039259338378906250e+01
4.045669555664062500e+01
4.052716827392578125e+01
4.060465240478515625e+01
4.068988037109375000e+01
4.078364181518554688e+01
4.088682174682617188e+01
4.100041961669921875e+01
4.106328964233398438e+01
4.113238906860351562e+01
4.120839691162109375e+01
4.129204177856445312e+01
4.138414001464843750e+01
4.148558425903320312e+01
4.159738922119140625e+01
4.172072601318359375e+01
4.178897476196289062e+01
4.186411285400390625e+01
4.194687652587890625e+01
4.203807449340820312e+01
4.213864517211914062e+01
4.224961471557617188e+01
4.231103515625000000e+01
4.237868499755859375e+01
4.241596984863281250e+01
4.245709991455078125e+01
4.250234603881835938e+01
4.255218124389648438e+01
4.260708236694335938e+01
4.266759490966796875e+01
4.273431396484375000e+01
4.280789947509765625e+01
4.284853744506835938e+01
4.289331436157226562e+01
4.294264602661132812e+01
4.299702072143554688e+01
4.305696868896484375e+01
4.312309265136718750e+01
4.315954971313476562e+01
4.319982528686523438e+01
4.324414825439453125e+01
4.329299163818359375e+01
4.334684753417968750e+01
4.340624618530273438e+01
4.347178649902343750e+01
4.354413604736328125e+01
4.362401962280273438e+01
4.371229171752929688e+01
4.380989074707031250e+01
4.391786956787109375e+01
4.397758865356445312e+01
4.404357528686523438e+01
4.411638259887695312e+01
4.419682312011718750e+01
4.428573608398437500e+01
4.438409042358398438e+01
4.443846893310546875e+01
4.449853515625000000e+01
4.456481552124023438e+01
4.463802719116210938e+01
4.471894454956054688e+01
4.480842208862304688e+01
4.490745162963867188e+01
4.496220779418945312e+01
4.502271652221679688e+01
4.508950042724609375e+01
4.516330337524414062e+01
4.524490737915039062e+01
4.528998947143554688e+01
4.533977890014648438e+01
4.539470291137695312e+01
4.545536041259765625e+01
4.552237319946289062e+01
4.559645843505859375e+01
4.563739395141601562e+01
4.568256759643554688e+01
4.573242187500000000e+01
4.578744888305664062e+01
4.584825134277343750e+01
4.591543960571289062e+01
4.598975372314453125e+01
4.607198715209960938e+01
4.616306304931640625e+01
4.621340942382812500e+01
4.626906967163085938e+01
4.633052444458007812e+01
4.639846420288085938e+01
4.647362136840820312e+01
4.655680465698242188e+01
4.660279083251953125e+01
4.665358352661132812e+01
4.670965957641601562e+01
4.677162933349609375e+01
4.684014511108398438e+01
4.691593933105468750e+01
4.699984741210937500e+01
4.709279251098632812e+01
4.714420700073242188e+01
4.720100402832031250e+01
4.726373672485351562e+01
4.733309936523437500e+01
4.740982818603515625e+01
4.749478530883789062e+01
4.754175567626953125e+01
4.759361648559570312e+01
4.765087127685546875e+01
4.771414947509765625e+01
4.778411483764648438e+01
4.786152267456054688e+01
4.790428924560546875e+01
4.795149612426757812e+01
4.800358963012695312e+01
4.806113052368164062e+01
4.812471008300781250e+01
4.819498443603515625e+01
4.827270889282226562e+01
4.835872268676757812e+01
4.845394897460937500e+01
4.855947113037109375e+01
4.867646408081054688e+01
4.874123382568359375e+01
4.881277465820312500e+01
4.889179611206054688e+01
4.897925186157226562e+01
4.907604980468750000e+01
4.918328857421875000e+01
4.924262237548828125e+01
4.930813598632812500e+01
4.938047027587890625e+01
4.946046066284179688e+01
4.954895782470703125e+01
4.964692687988281250e+01
4.975546264648437500e+01
4.987582015991210938e+01
4.994247055053710938e+01
5.001607894897460938e+01
5.009739303588867188e+01
5.018737411499023438e+01
5.028702545166015625e+01
5.034215927124023438e+01
5.040299606323242188e+01
5.047017288208007812e+01
5.054443359375000000e+01
5.062657165527343750e+01
5.071747207641601562e+01
5.081814193725585938e+01
5.092972564697265625e+01
5.105349731445312500e+01
5.119091796875000000e+01
5.134365844726562500e+01
5.151362991333007812e+01
5.160818099975585938e+01
5.171253585815429688e+01
5.182814025878906250e+01
5.195643997192382812e+01
5.209896850585937500e+01
5.217806243896484375e+01
5.226543045043945312e+01
5.236205291748046875e+01
5.246914291381835938e+01
5.258789825439453125e+01
5.271973419189453125e+01
5.286622619628906250e+01
5.302917861938476562e+01
5.311977767944335938e+01
5.321987533569335938e+01
5.333066177368164062e+01
5.345359039306640625e+01
5.359012985229492188e+01
5.366587448120117188e+01
5.374953460693359375e+01
5.384204864501953125e+01
5.394458389282226562e+01
5.405829238891601562e+01
5.418452453613281250e+01
5.432481002807617188e+01
5.448090744018554688e+01
5.456763076782226562e+01
5.466347503662109375e+01
5.476957702636718750e+01
5.488732910156250000e+01
5.501811599731445312e+01
5.516371536254882812e+01
5.524432373046875000e+01
5.533351898193359375e+01
5.543222045898437500e+01
5.554169845581054688e+01
5.566320800781250000e+01
5.579835891723632812e+01
5.587313842773437500e+01
5.595585250854492188e+01
5.604735565185546875e+01
5.614878082275390625e+01
5.626128005981445312e+01
5.638615417480468750e+01
5.652511978149414062e+01
5.660197448730468750e+01
5.668698883056640625e+01
5.678103637695312500e+01
5.688530731201171875e+01
5.700099182128906250e+01
5.706512451171875000e+01
5.713587570190429688e+01
5.721408462524414062e+01
5.730068588256835938e+01
5.730817794799804688e+01
