0.000000000000000000e+00
3.991116583347320557e-02
7.986596971750259399e-02
1.198648586869239807e-01
1.599070876836776733e-01
1.999936699867248535e-01
2.401233315467834473e-01
2.802976369857788086e-01
3.205147087574005127e-01
3.607767820358276367e-01
4.010842740535736084e-01
4.414409399032592773e-01
4.818624556064605713e-01
5.223712325096130371e-01
5.629930496215820312e-01
6.037425398826599121e-01
6.446302533149719238e-01
6.856662631034851074e-01
7.268489003181457520e-01
7.681854963302612305e-01
8.096703886985778809e-01
8.513076901435852051e-01
8.930909037590026855e-01
9.350285530090332031e-01
9.771152734756469727e-01
1.019354939460754395e+00
1.061747670173645020e+00
1.104293346405029297e+00
1.146994948387145996e+00
1.189851045608520508e+00
1.232869148254394531e+00
1.276038289070129395e+00
1.319369912147521973e+00
1.362856507301330566e+00
1.406505703926086426e+00
1.450313687324523926e+00
1.494283199310302734e+00
1.538414955139160156e+00
1.582711577415466309e+00
1.627168536186218262e+00
1.671787261962890625e+00
1.716575503349304199e+00
1.761528730392456055e+00
1.806654334068298340e+00
1.851941227912902832e+00
1.897403597831726074e+00
1.943036556243896484e+00
1.988841414451599121e+00
2.034819602966308594e+00
2.080972194671630859e+00
2.127300739288330078e+00
2.173806428909301758e+00
2.220498561859130859e+00
2.267362833023071289e+00
2.314408779144287109e+00
2.361644983291625977e+00
2.409057378768920898e+00
2.456663608551025391e+00
2.504456996917724609e+00
2.552438259124755859e+00
2.600618362426757812e+00
2.648980855941772461e+00
2.697544336318969727e+00
2.746301889419555664e+00
2.795264482498168945e+00
2.844424009323120117e+00
2.893791913986206055e+00
2.943359613418579102e+00
2.993128538131713867e+00
3.043120861053466797e+00
3.093317270278930664e+00
3.143719911575317383e+00
3.194351434707641602e+00
3.245191574096679688e+00
3.296265125274658203e+00
3.347550868988037109e+00
3.399061918258666992e+00
3.450810670852661133e+00
3.502777576446533203e+00
3.554998636245727539e+00
3.607440471649169922e+00
3.660128831863403320e+00
3.713053703308105469e+00
3.766228914260864258e+00
3.819657325744628906e+00
3.873341560363769531e+00
3.927282333374023438e+00
3.981470108032226562e+00
4.035933017730712891e+00
4.090672969818115234e+00
4.145666122436523438e+00
4.200941562652587891e+00
4.256501674652099609e+00
4.312349796295166016e+00
4.368488311767578125e+00
4.424919605255126953e+00
4.481646537780761719e+00
4.538685798645019531e+00
4.596026897430419922e+00
4.653687000274658203e+00
4.711668491363525391e+00
4.769990444183349609e+00
4.828641414642333984e+00
4.887623310089111328e+00
4.946955204010009766e+00
5.006658077239990234e+00
5.066717147827148438e+00
5.127138614654541016e+00
5.187957286834716797e+00
5.249145507812500000e+00
5.310755252838134766e+00
5.372758388519287109e+00
5.435177326202392578e+00
5.498030662536621094e+00
5.561325550079345703e+00
5.625066280364990234e+00
5.689292907714843750e+00
5.753974914550781250e+00
5.819153785705566406e+00
5.884853839874267578e+00
5.951078891754150391e+00
6.017836570739746094e+00
6.085151672363281250e+00
6.153049468994140625e+00
6.221554756164550781e+00
6.290675163269042969e+00
6.360438346862792969e+00
6.430870532989501953e+00
6.501998901367187500e+00
6.573873043060302734e+00
6.646480560302734375e+00
6.719891071319580078e+00
6.794116020202636719e+00
6.869223594665527344e+00
6.945229053497314453e+00
7.022202491760253906e+00
7.100158691406250000e+00
7.179170608520507812e+00
7.259318351745605469e+00
7.340614795684814453e+00
7.423161029815673828e+00
7.507017612457275391e+00
7.592267036437988281e+00
7.678992748260498047e+00
7.767303466796875000e+00
7.857285976409912109e+00
7.949053764343261719e+00
8.042719841003417969e+00
8.138447761535644531e+00
8.236376762390136719e+00
8.336631774902343750e+00
8.439404487609863281e+00
8.544893264770507812e+00
8.653276443481445312e+00
8.764780044555664062e+00
8.879663467407226562e+00
8.998186111450195312e+00
9.120614051818847656e+00
9.247268676757812500e+00
9.378476142883300781e+00
9.514637947082519531e+00
9.656146049499511719e+00
9.803419113159179688e+00
9.956960678100585938e+00
1.011730575561523438e+01
1.028505325317382812e+01
1.046081066131591797e+01
1.064534950256347656e+01
1.083940505981445312e+01
1.104385566711425781e+01
1.125966930389404297e+01
1.148788928985595703e+01
1.172967815399169922e+01
1.198632526397705078e+01
1.225925159454345703e+01
1.254995536804199219e+01
1.286014938354492188e+01
1.299689579010009766e+01
1.316514778137207031e+01
1.336872768402099609e+01
1.361152458190917969e+01
1.389827823638916016e+01
1.423533725738525391e+01
1.440521621704101562e+01
1.460748577117919922e+01
1.484605407714843750e+01
1.512562751770019531e+01
1.545195770263671875e+01
1.583213806152343750e+01
1.627515983581542969e+01
1.679253196716308594e+01
1.705957031250000000e+01
1.737508392333984375e+01
1.774419212341308594e+01
1.817409133911132812e+01
1.867314338684082031e+01
1.893871879577636719e+01
1.924477767944335938e+01
1.959663581848144531e+01
2.000031089782714844e+01
2.046286773681640625e+01
2.071239852905273438e+01
2.099547195434570312e+01
2.131674003601074219e+01
2.149210929870605469e+01
2.168876647949218750e+01
2.190962409973144531e+01
2.215786933898925781e+01
2.243697547912597656e+01
2.275092506408691406e+01
2.310422515869140625e+01
2.350206565856933594e+01
2.395027732849121094e+01
2.445565032958984375e+01
2.502596282958984375e+01
2.567029571533203125e+01
2.602004051208496094e+01
2.641307258605957031e+01
2.685517692565917969e+01
2.735257911682128906e+01
2.791237258911132812e+01
2.854275703430175781e+01
2.925314521789550781e+01
3.005481719970703125e+01
3.049174308776855469e+01
3.098172950744628906e+01
3.153178596496582031e+01
3.214943313598632812e+01
3.284329605102539062e+01
3.362332153320312500e+01
3.405035400390625000e+01
3.452723693847656250e+01
3.478940582275390625e+01
3.508048629760742188e+01
3.540405273437500000e+01
3.576394271850585938e+01
3.616446685791015625e+01
3.661047744750976562e+01
3.710750579833984375e+01
3.766170501708984375e+01
3.796606063842773438e+01
3.830364608764648438e+01
3.867855834960937500e+01
3.909524154663085938e+01
3.955858230590820312e+01
4.007420349121093750e+01
4.035749435424804688e+01
4.067127990722656250e+01
4.101927185058593750e+01
4.140542984008789062e+01
4.183415603637695312e+01
4.231050491333007812e+01
4.284011840820312500e+01
4.342939376831054688e+01
4.408566284179687500e+01
4.481728744506835938e+01
4.563368225097656250e+01
4.654576873779296875e+01
4.704656982421875000e+01
4.760330963134765625e+01
4.822298812866210938e+01
4.891327667236328125e+01
4.968289184570312500e+01
5.054178237915039062e+01
5.101404953002929688e+01
5.153841400146484375e+01
5.212140655517578125e+01
5.277004623413085938e+01
5.349235153198242188e+01
5.429742431640625000e+01
5.519571304321289062e+01
5.568993377685546875e+01
5.623854827880859375e+01
5.684827041625976562e+01
5.752646636962890625e+01
5.828146743774414062e+01
5.869709396362304688e+01
5.915755844116210938e+01
5.966830825805664062e+01
6.023519515991210938e+01
6.086484146118164062e+01
6.156471252441406250e+01
6.194997024536132812e+01
6.237636566162109375e+01
6.284877014160156250e+01
6.337248229980468750e+01
6.395341110229492188e+01
6.459826660156250000e+01
6.531455230712890625e+01
6.611081695556640625e+01
6.699670410156250000e+01
6.748415374755859375e+01
6.802408599853515625e+01
6.862271881103515625e+01
6.928688812255859375e+01
7.002421569824218750e+01
7.084333801269531250e+01
7.129406738281250000e+01
7.179278564453125000e+01
7.234510040283203125e+01
7.295713806152343750e+01
7.363572692871093750e+01
7.438847351074218750e+01
7.522402954101562500e+01
7.615203094482421875e+01
7.666238403320312500e+01
7.722700500488281250e+01
7.785220336914062500e+01
7.854483795166015625e+01
7.931253814697265625e+01
8.016390991210937500e+01
8.063204193115234375e+01
8.114939117431640625e+01
8.172162628173828125e+01
8.235479736328125000e+01
8.305569458007812500e+01
8.383188629150390625e+01
8.425858306884765625e+01
8.472976684570312500e+01
8.525044250488281250e+01
8.582601165771484375e+01
8.646252441406250000e+01
8.716671752929687500e+01
8.794609069824218750e+01
8.880904388427734375e+01
8.976501464843750000e+01
9.082446289062500000e+01
9.199926757812500000e+01
9.264424133300781250e+01
9.335742187500000000e+01
9.414656066894531250e+01
9.502010345458984375e+01
9.598759460449218750e+01
9.705968475341796875e+01
9.764849853515625000e+01
9.829913330078125000e+01
9.901860046386718750e+01
9.981449127197265625e+01
1.006953659057617188e+02
1.016707611083984375e+02
1.027515106201171875e+02
1.039497375488281250e+02
1.046076507568359375e+02
1.053351058959960938e+02
1.061399917602539062e+02
1.070310821533203125e+02
1.080181503295898438e+02
1.085606536865234375e+02
1.091600036621093750e+02
1.098226318359375000e+02
1.105556182861328125e+02
1.113669128417968750e+02
1.122654113769531250e+02
1.132612533569335938e+02
1.143658676147460938e+02
1.155923309326171875e+02
1.169556045532226562e+02
1.184728546142578125e+02
1.201639556884765625e+02
1.210945510864257812e+02
1.221276931762695312e+02
1.232757568359375000e+02
1.245527191162109375e+02
1.259745941162109375e+02
1.267577819824218750e+02
1.276261215209960938e+02
1.285896301269531250e+02
1.296597595214843750e+02
1.308493041992187500e+02
1.321730957031250000e+02
1.336479492187500000e+02
1.352934570312500000e+02
1.362005157470703125e+02
1.372077026367187500e+02
1.383269958496093750e+02
1.395722351074218750e+02
1.409590301513671875e+02
1.417236938476562500e+02
1.425714416503906250e+02
1.435120544433593750e+02
1.445566253662109375e+02
1.457177429199218750e+02
1.470097198486328125e+02
1.484489288330078125e+02
1.500542297363281250e+02
1.509396972656250000e+02
1.519224853515625000e+02
1.530141906738281250e+02
1.542281188964843750e+02
1.555793762207031250e+02
1.570855560302734375e+02
1.579161834716796875e+02
1.588374481201171875e+02
1.598600158691406250e+02
1.609960479736328125e+02
1.622592315673828125e+02
1.636655426025390625e+02
1.644409179687500000e+02
1.653001556396484375e+02
1.662530975341796875e+02
1.673106842041015625e+02
1.684855041503906250e+02
1.697918548583984375e+02
1.712462921142578125e+02
1.720482635498046875e+02
1.729371948242187500e+02
1.739231567382812500e+02
1.750176696777343750e+02
1.762338714599609375e+02
1.769044342041015625e+02
1.776466827392578125e+02
1.784687957763671875e+02
1.793800659179687500e+02
1.794554443359375000e+02
