0.000000000000000000e+00
-1.431577086448669434e+00
-2.863151073455810547e+00
-4.294721126556396484e+00
-5.726287841796875000e+00
-7.157849788665771484e+00
-8.589409828186035156e+00
-1.002096652984619141e+01
-1.145251750946044922e+01
-1.288406848907470703e+01
-1.431561279296875000e+01
-1.574715614318847656e+01
-1.717869377136230469e+01
-1.861022186279296875e+01
-2.004174232482910156e+01
-2.147325706481933594e+01
-2.290476226806640625e+01
-2.433625030517578125e+01
-2.576771736145019531e+01
-2.719916343688964844e+01
-2.863059043884277344e+01
-3.006199836730957031e+01
-3.149338531494140625e+01
-3.292475891113281250e+01
-3.435610198974609375e+01
-3.578743362426757812e+01
-3.721874618530273438e+01
-3.864990234375000000e+01
-4.008119583129882812e+01
-4.151247024536132812e+01
-4.294373321533203125e+01
-4.437498092651367188e+01
-4.580620956420898438e+01
-4.723741531372070312e+01
-4.866860580444335938e+01
-5.009976959228515625e+01
-5.153092956542968750e+01
-5.296206665039062500e+01
-5.439318084716796875e+01
-5.582428741455078125e+01
-5.725536346435546875e+01
-5.868643188476562500e+01
-6.011748504638671875e+01
-6.154851150512695312e+01
-6.297952270507812500e+01
-6.441051483154296875e+01
-6.584148406982421875e+01
-6.727243804931640625e+01
-6.870337677001953125e+01
-7.013429260253906250e+01
-7.156519317626953125e+01
-7.299607849121093750e+01
-7.442693328857421875e+01
-7.585778045654296875e+01
-7.728860473632812500e+01
-7.871940612792968750e+01
-8.015019226074218750e+01
-8.158094787597656250e+01
-8.301170349121093750e+01
-8.444243621826171875e+01
-8.587313079833984375e+01
-8.730381011962890625e+01
-8.873448181152343750e+01
-9.016511535644531250e+01
-9.159574127197265625e+01
-9.302634429931640625e+01
-9.445692443847656250e+01
-9.588748168945312500e+01
-9.731800842285156250e+01
-9.874852752685546875e+01
-1.001790161132812500e+02
-1.016094970703125000e+02
-1.030399322509765625e+02
-1.044703598022460938e+02
-1.059007720947265625e+02
-1.073311538696289062e+02
-1.087615127563476562e+02
-1.101918411254882812e+02
-1.116221466064453125e+02
-1.130524368286132812e+02
-1.144826812744140625e+02
-1.159129180908203125e+02
-1.173431243896484375e+02
-1.187733001708984375e+02
-1.202034606933593750e+02
-1.216335830688476562e+02
-1.230636825561523438e+02
-1.244937896728515625e+02
-1.259238281250000000e+02
-1.273538665771484375e+02
-1.287838592529296875e+02
-1.302138214111328125e+02
-1.316437530517578125e+02
-1.330736846923828125e+02
-1.345035400390625000e+02
-1.359334106445312500e+02
-1.373632354736328125e+02
-1.387929992675781250e+02
-1.402227630615234375e+02
-1.416524963378906250e+02
-1.430821990966796875e+02
-1.445118560791015625e+02
-1.459414978027343750e+02
-1.473711090087890625e+02
-1.488006591796875000e+02
-1.502301940917968750e+02
-1.516596679687500000e+02
-1.530891418457031250e+02
-1.545185546875000000e+02
-1.559479370117187500e+02
-1.573772888183593750e+02
-1.588065948486328125e+02
-1.602358703613281250e+02
-1.616651000976562500e+02
-1.630942840576171875e+02
-1.645234222412109375e+02
-1.659525299072265625e+02
-1.673815765380859375e+02
-1.688105926513671875e+02
-1.702395782470703125e+02
-1.716684875488281250e+02
-1.730973663330078125e+02
-1.745261688232421875e+02
-1.759549713134765625e+02
-1.773836975097656250e+02
-1.788123474121093750e+02
-1.802409667968750000e+02
-1.816695251464843750e+02
-1.830979919433593750e+02
-1.845264587402343750e+02
-1.859548034667968750e+02
-1.873831329345703125e+02
-1.888114013671875000e+02
-1.902395477294921875e+02
-1.916676940917968750e+02
-1.930957031250000000e+02
-1.945236663818359375e+02
-1.959519500732421875e+02
-1.973797607421875000e+02
-1.988074951171875000e+02
-2.002351837158203125e+02
-2.016627197265625000e+02
-2.030901947021484375e+02
-2.045175628662109375e+02
-2.059448394775390625e+02
-2.073719635009765625e+02
-2.087990264892578125e+02
-2.102259368896484375e+02
-2.116527404785156250e+02
-2.130793914794921875e+02
-2.145059204101562500e+02
-2.159323120117187500e+02
-2.173585205078125000e+02
-2.187845764160156250e+02
-2.202104339599609375e+02
-2.216360931396484375e+02
-2.230615692138671875e+02
-2.244868011474609375e+02
-2.259117889404296875e+02
-2.273365173339843750e+02
-2.287609710693359375e+02
-2.301851196289062500e+02
-2.316089477539062500e+02
-2.330324096679687500e+02
-2.344554595947265625e+02
-2.358780822753906250e+02
-2.373002166748046875e+02
-2.387218170166015625e+02
-2.401428070068359375e+02
-2.415632019042968750e+02
-2.429828338623046875e+02
-2.444016876220703125e+02
-2.458196258544921875e+02
-2.472366027832031250e+02
-2.486524658203125000e+02
-2.500671386718750000e+02
-2.514804534912109375e+02
-2.521881866455078125e+02
-2.529655609130859375e+02
-2.538195037841796875e+02
-2.547576293945312500e+02
-2.557882537841796875e+02
-2.569205627441406250e+02
-2.575438537597656250e+02
-2.582286376953125000e+02
-2.589810791015625000e+02
-2.598076782226562500e+02
-2.607156982421875000e+02
-2.617131042480468750e+02
-2.628086242675781250e+02
-2.640122985839843750e+02
-2.646740417480468750e+02
-2.654013977050781250e+02
-2.662000427246093750e+02
-2.670773315429687500e+02
-2.680407409667968750e+02
-2.685707702636718750e+02
-2.691527709960937500e+02
-2.697924499511718750e+02
-2.704951171875000000e+02
-2.712670288085937500e+02
-2.716914672851562500e+02
-2.721577453613281250e+02
-2.726703796386718750e+02
-2.729521484375000000e+02
-2.732619018554687500e+02
-2.736025390625000000e+02
-2.739769592285156250e+02
-2.743884887695312500e+02
-2.748407897949218750e+02
-2.753378601074218750e+02
-2.758841247558593750e+02
-2.764843139648437500e+02
-2.771438293457031250e+02
-2.778682861328125000e+02
-2.786642150878906250e+02
-2.791014709472656250e+02
-2.795818786621093750e+02
-2.801101989746093750e+02
-2.806907653808593750e+02
-2.813287048339843750e+02
-2.820295104980468750e+02
-2.827992858886718750e+02
-2.836455688476562500e+02
-2.841090087890625000e+02
-2.846188659667968750e+02
-2.851797180175781250e+02
-2.857959594726562500e+02
-2.864729919433593750e+02
-2.872166748046875000e+02
-2.876248474121093750e+02
-2.880733337402343750e+02
-2.883188476562500000e+02
-2.885908203125000000e+02
-2.888889160156250000e+02
-2.892167053222656250e+02
-2.895770263671875000e+02
-2.899731140136718750e+02
-2.904084777832031250e+02
-2.908868408203125000e+02
-2.911492919921875000e+02
-2.914380493164062500e+02
-2.917555847167968750e+02
-2.921047058105468750e+02
-2.924884948730468750e+02
-2.929102783203125000e+02
-2.931403808593750000e+02
-2.933963012695312500e+02
-2.936762695312500000e+02
-2.939841918945312500e+02
-2.943226318359375000e+02
-2.946947021484375000e+02
-2.951035156250000000e+02
-2.955528869628906250e+02
-2.960465393066406250e+02
-2.965890197753906250e+02
-2.971848144531250000e+02
-2.978391723632812500e+02
-2.981978454589843750e+02
-2.985919494628906250e+02
-2.990256958007812500e+02
-2.995023498535156250e+02
-3.000260314941406250e+02
-3.006011657714843750e+02
-3.009164428710937500e+02
-3.012629394531250000e+02
-3.016443176269531250e+02
-3.020633850097656250e+02
-3.025238647460937500e+02
-3.030297241210937500e+02
-3.035852966308593750e+02
-3.038896789550781250e+02
-3.042241821289062500e+02
-3.045924987792968750e+02
-3.049970397949218750e+02
-3.054415893554687500e+02
-3.056850891113281250e+02
-3.059529724121093750e+02
-3.062476806640625000e+02
-3.065715942382812500e+02
-3.069274597167968750e+02
-3.073184204101562500e+02
-3.075325927734375000e+02
-3.077681579589843750e+02
-3.080273742675781250e+02
-3.083121948242187500e+02
-3.086251831054687500e+02
-3.089690246582031250e+02
-3.093466796875000000e+02
-3.097613830566406250e+02
-3.102166442871093750e+02
-3.104657287597656250e+02
-3.107395324707031250e+02
-3.110410461425781250e+02
-3.113721313476562500e+02
-3.117357788085937500e+02
-3.121350402832031250e+02
-3.123534851074218750e+02
-3.125936889648437500e+02
-3.128581237792968750e+02
-3.131485900878906250e+02
-3.134676513671875000e+02
-3.138179626464843750e+02
-3.142025146484375000e+02
-3.146246032714843750e+02
-3.148551940917968750e+02
-3.151087341308593750e+02
-3.153880310058593750e+02
-3.156946411132812500e+02
-3.160312805175781250e+02
-3.164009094238281250e+02
-3.166029357910156250e+02
-3.168251342773437500e+02
-3.170697631835937500e+02
-3.173384399414062500e+02
-3.176334838867187500e+02
-3.179573974609375000e+02
-3.181344909667968750e+02
-3.183293151855468750e+02
-3.185438232421875000e+02
-3.187794494628906250e+02
-3.190382995605468750e+02
-3.193225708007812500e+02
-3.196347351074218750e+02
-3.199773559570312500e+02
-3.203533630371093750e+02
-3.207659912109375000e+02
-3.212185668945312500e+02
-3.214650573730468750e+02
-3.217362670898437500e+02
-3.220355834960937500e+02
-3.223640747070312500e+02
-3.227247009277343750e+02
-3.231206054687500000e+02
-3.233364257812500000e+02
-3.235740051269531250e+02
-3.238361206054687500e+02
-3.241238708496093750e+02
-3.244399414062500000e+02
-3.247869873046875000e+02
-3.251679992675781250e+02
-3.255862731933593750e+02
-3.258138732910156250e+02
-3.260645446777343750e+02
-3.263413085937500000e+02
-3.266450195312500000e+02
-3.269786682128906250e+02
-3.271604614257812500e+02
-3.273609008789062500e+02
-3.275818481445312500e+02
-3.278245239257812500e+02
-3.280911560058593750e+02
-3.283840026855468750e+02
-3.287055969238281250e+02
-3.290587768554687500e+02
-3.294463806152343750e+02
-3.298716430664062500e+02
-3.303381652832031250e+02
-3.308494873046875000e+02
-3.311266174316406250e+02
-3.314327392578125000e+02
-3.317716064453125000e+02
-3.321424560546875000e+02
-3.325492248535156250e+02
-3.327704467773437500e+02
-3.330135498046875000e+02
-3.332828979492187500e+02
-3.335780944824218750e+02
-3.339021301269531250e+02
-3.342576904296875000e+02
-3.346476440429687500e+02
-3.350750122070312500e+02
-3.353071289062500000e+02
-3.355613403320312500e+02
-3.358440856933593750e+02
-3.361532592773437500e+02
-3.364922790527343750e+02
-3.366761779785156250e+02
-3.368785400390625000e+02
-3.371027221679687500e+02
-3.373481750488281250e+02
-3.376174316406250000e+02
-3.379126586914062500e+02
-3.382360534667968750e+02
-3.385900573730468750e+02
-3.387819519042968750e+02
-3.389920349121093750e+02
-3.392259216308593750e+02
-3.394812622070312500e+02
-3.397610473632812500e+02
-3.400675659179687500e+02
-3.402328491210937500e+02
-3.404145812988281250e+02
-3.406166992187500000e+02
-3.408373413085937500e+02
-3.410790710449218750e+02
-3.413434448242187500e+02
-3.414862060546875000e+02
-3.416431884765625000e+02
-3.418175964355468750e+02
-3.420080871582031250e+02
-3.422167663574218750e+02
-3.424452514648437500e+02
-3.426950073242187500e+02
-3.428295288085937500e+02
-3.429773864746093750e+02
-3.431421203613281250e+02
-3.433217773437500000e+02
-3.435184936523437500e+02
-3.436242980957031250e+02
-3.437412109375000000e+02
-3.438708190917968750e+02
-3.440124816894531250e+02
-3.440207214355468750e+02
