0.000000000000000000e+00
8.182045777439746586e-06
1.636426219137536258e-05
2.454665008032302632e-05
3.272920844234529118e-05
4.091193646887556455e-05
4.909483925688676613e-05
5.727790795955485216e-05
6.546115713014735607e-05
7.364462074074801636e-05
8.182860602282507909e-05
9.001500965042118002e-05
9.821312737790300110e-05
1.064568356409428069e-04
1.148349445744785896e-04
1.235210834023492616e-04
1.327880166748320913e-04
1.429973104570607075e-04
1.545096295070670189e-04
1.675658027993005600e-04
1.822404285377956254e-04
1.984747896993472802e-04
2.161187750778364460e-04
2.349853847719093761e-04
2.548833358063717154e-04
2.756410187458386207e-04
2.971230495206295618e-04
3.192237076502471463e-04
3.418573886014623052e-04
3.649529485099764384e-04
3.884662524596068939e-04
4.123504055905814324e-04
4.365679865830852566e-04
4.610868723306282878e-04
4.858803694967561118e-04
5.109265197451075009e-04
5.362074996717627580e-04
5.617083981675365491e-04
5.874166836486377019e-04
6.133217013128905784e-04
6.394146462417016862e-04
6.656880889498505236e-04
6.921355712387148315e-04
7.187511240544872809e-04
7.455294421955925175e-04
7.724656313567987214e-04
7.995554469993843092e-04
8.267951590040684444e-04
8.541814274438597936e-04
8.817117034271819290e-04
9.093833723507301547e-04
9.371947004113504722e-04
9.651437612653512247e-04
9.932294053934505665e-04
1.021450125367355738e-03
1.049805060266832983e-03
1.078293088643550966e-03
1.106913376407963343e-03
1.135665019659944574e-03
1.164547498970001319e-03
1.193560331796942328e-03
1.222703080317997810e-03
1.251975634842803116e-03
1.281377853075390703e-03
1.310909861573221914e-03
1.340572075299039517e-03
1.370364622024941538e-03
1.400288212729598660e-03
1.430343289545980877e-03
1.460530556879505648e-03
1.490850591359038071e-03
1.521304290859690081e-03
1.551892615677034123e-03
1.582616347181138887e-03
1.613476541410494318e-03
1.644474256848231205e-03
1.675610630098887466e-03
1.706886729706134182e-03
1.738303881886508768e-03
1.769863334921376215e-03
1.801566651111886300e-03
1.833415016378544052e-03
1.865409937658122751e-03
1.897553296156463459e-03
1.929846228352247520e-03
1.962290562953608857e-03
1.994888176737712356e-03
2.027640910117718860e-03
2.060550298019367399e-03
2.093618545876458834e-03
2.126847228579420435e-03
2.160238715197736626e-03
2.193794981809782992e-03
2.227518161633715039e-03
2.261410319585200040e-03
2.295473742879478116e-03
2.329710589613965752e-03
2.364123606334302737e-03
2.398714916947971686e-03
2.433486929021822474e-03
2.468442606269713631e-03
2.503584231653103922e-03
2.538914577999472257e-03
2.574436340809906163e-03
2.610152414608075868e-03
2.646066089317874580e-03
2.682179946887505717e-03
2.718497225359683012e-03
2.755021030405807505e-03
2.791754707607650449e-03
2.828701473395430366e-03
2.865865029323410879e-03
2.903248823319902906e-03
2.940856136384636596e-03
2.978691180933285606e-03
3.016757626230395783e-03
3.055059374692718419e-03
3.093600647145568639e-03
3.132385264203405364e-03
3.171417834599290012e-03
3.210702802356353840e-03
3.250244498862471954e-03
3.290047688418893009e-03
3.330117128630860363e-03
3.370458323914269326e-03
3.411075768351879041e-03
3.451974728525281349e-03
3.493161102238989679e-03
3.534640341180002570e-03
3.576418087064362709e-03
3.618500382787484190e-03
3.660893621496982483e-03
3.703604022755937423e-03
3.746637801790984879e-03
3.790002502122922882e-03
3.833704753281927131e-03
3.877751806009598502e-03
3.922151032073649748e-03
3.966910797425983459e-03
4.012038777763033554e-03
4.057543420755350093e-03
4.103433306316905949e-03
4.149717181835696489e-03
4.196404654297720971e-03
4.243505131384130852e-03
4.291028846936147632e-03
4.338986136978462832e-03
4.387387897008187751e-03
4.436244796159827947e-03
4.485568997050902451e-03
4.535372580171922845e-03
4.585667606652891852e-03
4.636468047630860553e-03
4.687786965229703666e-03
4.739638636513377606e-03
4.792037634894512690e-03
4.845000495873812846e-03
4.898542010252623924e-03
4.952679878127076024e-03
5.007431141760951623e-03
5.062814554089989719e-03
5.118849923104682939e-03
5.175556481386206498e-03
5.232955304558435834e-03
5.291069274771425038e-03
5.349921279389585789e-03
5.409535383897043533e-03
5.469937504512390435e-03
5.531153744344837961e-03
5.593212919295952913e-03
5.656144556892032590e-03
5.719979437164002950e-03
5.784750743075494327e-03
5.850492837267263005e-03
5.917241977506986980e-03
5.985036583577072085e-03
6.053917596982975012e-03
6.123927576517446993e-03
6.195111545539502135e-03
6.267518092084205412e-03
6.341197447656257355e-03
6.416203653998271868e-03
6.492593653032786329e-03
6.570427742886640436e-03
6.649770842221668435e-03
6.730718806301958478e-03
6.813296577403152136e-03
6.897597824516736240e-03
6.983708284290539824e-03
7.071715872617284106e-03
7.161715049015956146e-03
7.253806478831028443e-03
7.348097677610078773e-03
7.444703441837020527e-03
7.543746410683891887e-03
7.645358633935654506e-03
7.749679650476225604e-03
7.856862499546443321e-03
7.967068049733298102e-03
8.080472611918503717e-03
8.197263171425519385e-03
8.317642310506708977e-03
8.441828078971355676e-03
8.570055666454193949e-03
8.702578923751931594e-03
8.839671609560563817e-03
8.981628838499438466e-03
9.128771228794142420e-03
9.281444161581013999e-03
9.440018133879703871e-03
9.604897014127308091e-03
9.776514070737742090e-03
9.955339367951872645e-03
1.014188056612513877e-02
1.033668423665320274e-02
1.054034214274272158e-02
1.075349304133958218e-02
1.097682081290787467e-02
1.121106023580447156e-02
1.145700286378005354e-02
1.171549285018943544e-02
1.198742881898903767e-02
1.227375513507363534e-02
1.257548112457518297e-02
1.289366802867692070e-02
1.322943020344738430e-02
1.358393769552370539e-02
1.395842039040439374e-02
1.435427010669045392e-02
1.477257172252782053e-02
1.521465474865917912e-02
1.568183423949265701e-02
1.617542135520202290e-02
1.669670499503210503e-02
1.724692187576820288e-02
1.782724415232977977e-02
1.843879508574861048e-02
1.908253341312214288e-02
1.937928298217186235e-02
1.972939262634539406e-02
2.013988545428224350e-02
2.061782137154926850e-02
2.117114013518068064e-02
2.180902283471372952e-02
2.254229910948973500e-02
2.338388899043904873e-02
2.427401824018467907e-02
2.519112536774128358e-02
2.613804013919092048e-02
2.711588178686708331e-02
2.758625605530911490e-02
2.812325148287775703e-02
2.873549982347636811e-02
2.943131975240385889e-02
3.021994271479458427e-02
3.045834728200062791e-02
