0.000000000000000000e+00
2.524119866786911359e-06
5.048289107301151546e-06
7.572506812492107997e-06
1.009677389207652709e-05
1.262109171074055070e-05
1.514545799496946898e-05
1.766987274520737117e-05
2.019433959965510894e-05
2.271887311111608909e-05
2.524360061295638502e-05
2.776930065784277701e-05
3.029988784986059613e-05
3.284992740182346438e-05
3.545599530152543366e-05
3.818143363243375887e-05
4.111480294544112013e-05
4.437591310590960347e-05
4.809684034257077911e-05
5.238597550127899183e-05
5.731223783533856420e-05
6.290759209026663967e-05
6.917183219590228305e-05
7.607419578503638036e-05
8.355443245877669511e-05
9.153856706367591300e-05
9.995730881473541274e-05
1.087521126753587808e-04
1.178730258167837164e-04
1.272762356635537273e-04
1.369322347580803623e-04
1.468097899524067884e-04
1.568826373309351041e-04
1.671267097536066615e-04
1.775210974657159824e-04
1.880484994259967735e-04
1.986952817010223526e-04
2.094502259194497285e-04
2.203038744272856064e-04
2.312481956378009684e-04
2.422766569069034759e-04
2.533842246015272082e-04
2.645668401551892757e-04
2.758209980188164323e-04
2.871434400267824927e-04
2.985311408385538101e-04
3.099813079175950392e-04
3.214914106373090164e-04
3.330594714274770496e-04
3.446837455577389520e-04
3.563628667139218109e-04
3.680957305570720095e-04
3.798814656160720560e-04
3.917192877355146763e-04
4.036085583122295262e-04
4.155488134347518070e-04
4.275397347648368651e-04
4.395811204338517797e-04
4.516728559158522671e-04
4.638150596226742195e-04
4.760078790913002678e-04
4.882515783433127865e-04
5.005465378996598602e-04
5.128931383068247030e-04
5.252917892698549807e-04
5.377429587586357584e-04
5.502471730139957273e-04
5.628049000666601742e-04
5.754166662124138298e-04
5.880831142488496255e-04
6.008047122977311361e-04
6.135822197117501986e-04
6.264162211836454830e-04
6.393073596868692476e-04
6.522562782647067792e-04
6.652636782603638110e-04
6.783300863341112930e-04
6.914562039495031343e-04
7.046427326232729271e-04
7.178902574180856533e-04
7.311995964548456683e-04
7.445713348991356284e-04
7.580062909647855562e-04
7.715051664185512692e-04
7.850688378345793694e-04
7.986979488323608933e-04
8.123933761060575520e-04
8.261559381577132655e-04
8.399863953033603892e-04
8.538856244297843290e-04
8.678544442535240933e-04
8.818938483250438054e-04
8.960045972501440303e-04
9.101876847331658027e-04
9.244439880363719553e-04
9.387746175535394144e-04
9.531803924438531084e-04
9.676626563031032191e-04
9.822222284688875149e-04
9.968602196500642165e-04
1.011577915468686584e-03
1.026376368569170694e-03
1.041256748224750339e-03
1.056220456875367475e-03
1.071268547459536258e-03
1.086402306102907112e-03
1.101623135575047208e-03
1.116932205670773115e-03
1.132330802831815753e-03
1.147820563287882401e-03
1.163402657178624899e-03
1.179078837521330136e-03
1.194850274707004445e-03
1.210718605493599220e-03
1.226685350175782396e-03
1.242752262359592130e-03
1.258920862649670624e-03
1.275193021513909564e-03
1.291570376438566647e-03
1.308054798222491044e-03
1.324647924687338829e-03
1.341351976668292423e-03
1.358168708941454028e-03
1.375100226160941297e-03
1.392148516627500499e-03
1.409315685385825745e-03
1.426603837728523949e-03
1.444015312331292655e-03
1.461552331471827060e-03
1.479217350890849048e-03
1.497012709942180386e-03
1.514941098029964905e-03
1.533004738430321368e-03
1.551206670886373651e-03
1.569549585607843412e-03
1.588036056504038562e-03
1.606669240823754841e-03
1.625452179483177773e-03
1.644387913816380831e-03
1.663479835235737170e-03
1.682731102367829301e-03
1.702145457277648433e-03
1.721726175947124737e-03
1.741477234506016991e-03
1.761402492876262826e-03
1.781505694873675161e-03
1.801791167838517893e-03
1.822263239672716750e-03
1.842926472051753528e-03
1.863785310599053169e-03
1.884844551375608468e-03
1.906109457640248195e-03
1.927584943360649561e-03
1.949276156490209466e-03
1.971189178772259076e-03
1.993329509549557343e-03
2.015703465408913431e-03
2.038317130511280162e-03
2.061177056462359936e-03
2.084290262468813104e-03
2.107663768619816302e-03
2.131305062760158187e-03
2.155221867068957131e-03
2.179422838226585668e-03
2.203915934156364109e-03
2.228710280763324114e-03
2.253815005277992611e-03
2.279240169857033038e-03
2.304995838216417070e-03
2.331092542483759189e-03
2.357541749872682502e-03
2.384355396437776164e-03
2.411545653348445839e-03
2.439125627730520662e-03
2.467109128960198738e-03
2.495509968967524195e-03
2.524344296356839656e-03
2.553627328849450429e-03
2.583376154484007259e-03
2.613608331325401046e-03
2.644343055091979977e-03
2.675599291764529930e-03
2.707398579163577956e-03
2.739762459584182963e-03
2.772714814482379886e-03
2.806294007380971678e-03
2.840502214887408172e-03
2.875375943012237201e-03
2.910946100486921928e-03
2.947244537395810049e-03
2.984304512236968243e-03
3.022162094034275270e-03
3.060855229059855631e-03
3.100424208833274520e-03
3.140912371487503130e-03
3.182366570421146790e-03
3.224835540154735725e-03
3.268373168456850664e-03
3.313035461001256898e-03
3.358884514320426007e-03
3.405984546882012687e-03
3.454406339464366482e-03
3.504224200870154071e-03
3.555519942077367546e-03
3.608380543311140443e-03
3.662901896674175539e-03
3.719186241492811185e-03
3.777343570465774292e-03
3.837493267392577678e-03
3.899765284928857767e-03
3.964298284022449437e-03
4.031241976655608461e-03
4.100758771477863718e-03
4.173024719500317836e-03
4.248227656110770134e-03
4.326571889114005920e-03
4.408280081464543976e-03
4.493589527674424211e-03
4.582757322851072068e-03
4.676060848269991688e-03
4.773800128655913966e-03
4.876297872495771735e-03
4.983894352004858419e-03
5.096946510260824681e-03
5.215836847840549240e-03
5.340968364509701694e-03
5.472766468861522959e-03
5.611678537675968137e-03
5.758225431471974964e-03
5.912801672600220826e-03
6.075917099552907708e-03
6.248064362673777516e-03
6.429749014690289144e-03
6.621466630773897855e-03
6.823696138115731280e-03
7.036896257373137509e-03
7.261527004536416641e-03
7.497986438390613628e-03
7.606121731205228720e-03
7.734502544328170082e-03
7.885314299433177077e-03
8.061091956829580241e-03
8.264761807164844321e-03
8.499747335111718094e-03
8.770108476538807096e-03
9.080718175785484902e-03
9.409458102232703958e-03
9.748472350796455466e-03
1.009895559221418715e-02
1.046140538324946689e-02
1.063511986277498877e-02
1.083430788968853253e-02
1.106178057088780253e-02
1.132065031015705436e-02
1.161442235171672444e-02
1.170274194406362156e-02
