0.000000000000000000e+00
3.052087224508781560e-06
6.104237008419666211e-06
9.156449125025112323e-06
1.220872334728451136e-05
1.526105967586399714e-05
1.831346083958074189e-05
2.136592229151634825e-05
2.441844767020473483e-05
2.747106426170820015e-05
3.052394305680383724e-05
3.357817912574834196e-05
3.663904228257131024e-05
3.972545809338701162e-05
4.288877903912968748e-05
4.623771000267229425e-05
4.995397892970654397e-05
5.427634887544829922e-05
5.943047232170872718e-05
6.554641776923553209e-05
7.262881656289188470e-05
8.058791529041986479e-05
8.927676232250991717e-05
9.854227564953799146e-05
1.082556073850327039e-04
1.183202288306262062e-04
1.286705419094591463e-04
1.392599026535101814e-04
1.500531776611468970e-04
1.610234189781678538e-04
1.721567183717853666e-04
1.834377844458501272e-04
1.948557062227962433e-04
2.064023086433275367e-04
2.180720071202069121e-04
2.298603812460608964e-04
2.417637236462599759e-04
2.537787052511175645e-04
2.659025208746612634e-04
2.781326563422448217e-04
2.904669903928125407e-04
3.029032852293056521e-04
3.154392447388687515e-04
3.280726309428105836e-04
3.408014095658273845e-04
3.536238664978430535e-04
3.665386078067767173e-04
3.795443850687085785e-04
3.926400953871977961e-04
4.058248396467956098e-04
4.190975440233613014e-04
4.324573675972276376e-04
4.459035567772051678e-04
4.594354744207329588e-04
4.730523960175814224e-04
4.867537135139210491e-04
5.005388188453752107e-04
5.144069583461474693e-04
5.283573492141924177e-04
5.423894707062837384e-04
5.565024526332784660e-04
5.706958907084613841e-04
5.849690894361714300e-04
5.993217027618902293e-04
6.137534428773960826e-04
6.282641384699472198e-04
6.428536182381261455e-04
6.575218856269549050e-04
6.722690023461819209e-04
6.870950301253175851e-04
7.020000307161877728e-04
7.169842988893337932e-04
7.320480129490158916e-04
7.471914677328328480e-04
7.624150746193825157e-04
7.777191867786026336e-04
7.931043321852682126e-04
8.085710971245108070e-04
8.241199514291697170e-04
8.397516562655971128e-04
8.554667981005570354e-04
8.712661964936918579e-04
8.871504963022802670e-04
9.031206337484221081e-04
9.191772538312825702e-04
9.353214094506290266e-04
9.515540953332068952e-04
9.678762480297420367e-04
9.842888624407297726e-04
1.000792991821208844e-03
1.017389689519587748e-03
1.034080358584987813e-03
1.050865936034983683e-03
1.067747592055634520e-03
1.084726846564687541e-03
1.101804753434909578e-03
1.118982716279637302e-03
1.136262022289113993e-03
1.153643958772820888e-03
1.171129929714909146e-03
1.188721455781860392e-03
1.206420057779822308e-03
1.224227256657717255e-03
1.242144573507242278e-03
1.260173529562869099e-03
1.278316112464206178e-03
1.296573960332114694e-03
1.314948594882459076e-03
1.333442353970704097e-03
1.352056643094123878e-03
1.370793800487102310e-03
1.389655698305736209e-03
1.408644442045581258e-03
1.427762137410470977e-03
1.447011006900034147e-03
1.466393273236610284e-03
1.485911159364250445e-03
1.505567471411728420e-03
1.525364083034164153e-03
1.545304034055061670e-03
1.565389665003302788e-03
1.585623783068590420e-03
1.606009079122228123e-03
1.626548360933122161e-03
1.647244902991396032e-03
1.668101630307061711e-03
1.689121468210985633e-03
1.710308042041419618e-03
1.731664277820565978e-03
1.753194268109714571e-03
1.774901172929999049e-03
1.796788852412412041e-03
1.818861050500553134e-03
1.841122094715319513e-03
1.863575613272439035e-03
1.886226167905458162e-03
1.909078320870283285e-03
1.932136168397935450e-03
1.955404857011622255e-03
1.978889067258959855e-03
2.002594063498785992e-03
2.026524994091394305e-03
2.050687008026463864e-03
2.075086188211283655e-03
2.099728151664814746e-03
2.124619216114509435e-03
2.149765466758712940e-03
2.175173689611398231e-03
2.200850671576826123e-03
2.226803200475524491e-03
2.253039231816078569e-03
2.279566255464660074e-03
2.306392229064146981e-03
2.333525811486936163e-03
2.360975662829001287e-03
2.388750911195725024e-03
2.416861152797711298e-03
2.445316452051815581e-03
2.474126874869142512e-03
2.503303655737032507e-03
2.532858497701684364e-03
2.562803105594646524e-03
2.593149886393475434e-03
2.623912182809218230e-03
2.655103806597947091e-03
2.686739272133364942e-03
2.718833796579334106e-03
2.751403533559182435e-03
2.784465106394184986e-03
2.818036308743776530e-03
2.852136104880775846e-03
2.886783929469949328e-03
2.922000621816023269e-03
2.957807725641581342e-03
2.994228890504491147e-03
3.031287770508539481e-03
3.069011294052681471e-03
3.107425694209631217e-03
3.146560712879997723e-03
3.186447032397454748e-03
3.227116743107938390e-03
3.268604978990952148e-03
3.310948516992651136e-03
3.354186478476184341e-03
3.398360330096772408e-03
3.443533042080337836e-03
3.489719936754176466e-03
3.536982838563185183e-03
3.585377278130352785e-03
3.634961370959644000e-03
3.685796519725559328e-03
3.737949519212246940e-03
3.791489987659102390e-03
3.846494575489911583e-03
3.903043695940078273e-03
3.961224566015220105e-03
4.021129807206591522e-03
4.082860253933007222e-03
4.146522853675893572e-03
4.212234879426346446e-03
4.280120661763198164e-03
4.350314867614057945e-03
4.422964377589155838e-03
4.498226422789408652e-03
4.576269527823972894e-03
4.657277262094861037e-03
4.741447315260716167e-03
4.828993380851298589e-03
4.920147041521993891e-03
5.015155912944324612e-03
5.114290680627520125e-03
5.217842313317011538e-03
5.326125830542705053e-03
5.439481733850337619e-03
5.558279314354375167e-03
5.682915282782863287e-03
5.813818492166111795e-03
5.951449983210288508e-03
6.096302565026467946e-03
6.248907433640371600e-03
6.409830486901357816e-03
6.579668174163888494e-03
6.759053197247899547e-03
6.948664453278019515e-03
7.149213998762560252e-03
7.361449038849943172e-03
7.586155791145965388e-03
7.824160562227899796e-03
8.076397948145297434e-03
8.343603086491957477e-03
8.626670317477658223e-03
8.926494275210195006e-03
9.243962966061225472e-03
9.579961673841563830e-03
9.935350520680286124e-03
1.031094766639806259e-02
1.070753501960941545e-02
1.112580560736187163e-02
1.131913514274296428e-02
1.154731196709168906e-02
1.181494769541169276e-02
1.212684864039026422e-02
1.248839335140239371e-02
1.290579631515786918e-02
1.338641745345592327e-02
1.393906053245930199e-02
1.452474467629394361e-02
1.512943614254391722e-02
1.575507685911214928e-02
1.640251010082849348e-02
1.671419775006266484e-02
1.707089164498110101e-02
1.747795237673377411e-02
1.794116906303044878e-02
1.846699080171154694e-02
1.862587238944979351e-02
