0.000000000000000000e+00
-9.431877019960843711e-06
-1.886394949435210577e-05
-2.829621923366998359e-05
-3.772868441065391210e-05
-4.716134319826537080e-05
-5.659420286363570085e-05
-6.602725248516794210e-05
-7.546051024315270084e-05
-8.489400523031820356e-05
-9.432804299752683974e-05
-1.037644932478931636e-04
-1.132125298232145028e-04
-1.227056466771569987e-04
-1.323317460079076469e-04
-1.422627444674917641e-04
-1.527688492273804322e-04
-1.642083672007133011e-04
-1.769387139799460940e-04
-1.911980816572955710e-04
-2.070597301793708489e-04
-2.244656781562603953e-04
-2.432685992753147453e-04
-2.632846126029431133e-04
-2.843245368980840126e-04
-3.062178530237602558e-04
-3.288296220466668807e-04
-3.520546202613328290e-04
-3.758077650848901108e-04
-4.000184112104565592e-04
-4.246427419896114941e-04
-4.496344139846564225e-04
-4.749561348487141288e-04
-5.005757934863908076e-04
-5.264667215235108166e-04
-5.526072855437380582e-04
-5.789800137607770125e-04
-6.055703446571358839e-04
-6.323659866739883562e-04
-6.593564525781969721e-04
-6.865330011366355123e-04
-7.138882879841879081e-04
-7.414160165110650347e-04
-7.691102979027197861e-04
-7.969659418511909621e-04
-8.249780493573832807e-04
-8.531424198257586688e-04
-8.814554346552871955e-04
-9.099137082017594302e-04
-9.385147855553999108e-04
-9.672559793644230908e-04
-9.961356491701711668e-04
-1.025151689420633616e-03
-1.054303041338355840e-03
-1.083588064724250177e-03
-1.113005933488397936e-03
-1.142555356441310455e-03
-1.172235507626406825e-03
-1.202045444874788593e-03
-1.231984574924849252e-03
-1.262052537072289038e-03
-1.292248738079537773e-03
-1.322573166001317357e-03
-1.353025576332100854e-03
-1.383606073283971671e-03
-1.414315109754704647e-03
-1.445152673527017040e-03
-1.476119566018119222e-03
-1.507216123511290196e-03
-1.538443030891623042e-03
-1.569800856657366239e-03
-1.601290401629595905e-03
-1.632912698918354000e-03
-1.664668432802884901e-03
-1.696558636076705984e-03
-1.728584341319561180e-03
-1.760746697165693764e-03
-1.793046619586236012e-03
-1.825485489225231461e-03
-1.858064454028141022e-03
-1.890785126533678362e-03
-1.923648538044331335e-03
-1.956656184380567431e-03
-1.989810025825489159e-03
-2.023110976719644238e-03
-2.056560880584534790e-03
-2.090161580633853600e-03
-2.123914919735014895e-03
-2.157822275777709908e-03
-2.191885955660000107e-03
-2.226107336632143774e-03
-2.260488724863563004e-03
-2.295032193849577684e-03
-2.329739816676723585e-03
-2.364613433789186647e-03
-2.399655349767992885e-03
-2.434867636569748583e-03
-2.470253062457627991e-03
-2.505813698478021045e-03
-2.541551847489498250e-03
-2.577470508620449685e-03
-2.613571751510446184e-03
-2.649858342076427675e-03
-2.686332813460867719e-03
-2.722998162713818893e-03
-2.759857618478300800e-03
-2.796913480096752114e-03
-2.834169207282799530e-03
-2.871627562571921199e-03
-2.909292004407759702e-03
-2.947165526327011342e-03
-2.985251817584577694e-03
-3.023554334612599259e-03
-3.062076068968633269e-03
-3.100821404145970295e-03
-3.139793794442180541e-03
-3.178997157600893519e-03
-3.218435410565045895e-03
-3.258112469409601974e-03
-3.298032713596521504e-03
-3.338200753692399658e-03
-3.378620503151241738e-03
-3.419296802705695804e-03
-3.460234260047212462e-03
-3.501438409931001416e-03
-3.542913393895952279e-03
-3.584664512510771228e-03
-3.626697529130806785e-03
-3.669017973922217291e-03
-3.711630911866270477e-03
-3.754542566491547717e-03
-3.797759160045932614e-03
-3.841286913245700596e-03
-3.885131349680825963e-03
-3.929300542679092789e-03
-3.973800708373054213e-03
-4.018638757330994515e-03
-4.063822062006339220e-03
-4.109358920626526857e-03
-4.155256702137621883e-03
-4.201523700902154435e-03
-4.248168209347480406e-03
-4.295198981442815978e-03
-4.342625232627850274e-03
-4.390456175975887554e-03
-4.438701949526113744e-03
-4.487372688612156768e-03
-4.536478989553671681e-03
-4.586030982293709535e-03
-4.636041111690025751e-03
-4.686520892319800957e-03
-4.737481835676460307e-03
-4.788938230540995544e-03
-4.840902508428612805e-03
-4.893388487349104032e-03
-4.946410444915949611e-03
-4.999984971149951107e-03
-5.054125871746306675e-03
-5.108851117712698287e-03
-5.164176821909949311e-03
-5.220121408340772096e-03
-5.276704685399535855e-03
-5.333945065727707657e-03
-5.391862808947156527e-03
-5.450480947029601175e-03
-5.509821578558060651e-03
-5.569908184180905053e-03
-5.630766089191108215e-03
-5.692420610455495300e-03
-5.754900297314013979e-03
-5.818233689469098913e-03
-5.882450705571307115e-03
-5.947584031305963581e-03
-6.013667266568656355e-03
-6.080735387593849683e-03
-6.148826597501322322e-03
-6.217980010688295422e-03
-6.288237966020127079e-03
-6.359643711491558271e-03
-6.432245104627531962e-03
-6.506090909298656300e-03
-6.581234032799310185e-03
-6.657729673783918667e-03
-6.735636707294490044e-03
-6.815018608168688097e-03
-6.895967030833727307e-03
-6.978509322009995852e-03
-7.062735226251060094e-03
-7.148728438177431865e-03
-7.236574000010154162e-03
-7.326364308063382236e-03
-7.418196796891207700e-03
-7.512176707322348879e-03
-7.608415232579768261e-03
-7.707031822620669104e-03
-7.808154639168563005e-03
-7.911919162004565909e-03
-8.018474186220148070e-03
-8.127975807131038177e-03
-8.240594800659140073e-03
-8.356512914961145011e-03
-8.475926552263368663e-03
-8.599046751581407300e-03
-8.726101018939558251e-03
-8.857336076212474207e-03
-8.993015993164932276e-03
-9.133425854013221823e-03
-9.278876342548370015e-03
-9.429700939157792394e-03
-9.586256808962412279e-03
-9.748933984279339882e-03
-9.918149779033047508e-03
-1.009435703465300094e-02
-1.027804405742605010e-02
-1.046973547103952074e-02
-1.067000043183563562e-02
-1.087945160770176223e-02
-1.109874416207018433e-02
-1.132858208533760180e-02
-1.156972265616368345e-02
-1.182297169252316538e-02
-1.208918892670951539e-02
-1.236927308838964290e-02
-1.266418470633906557e-02
-1.297493208319738800e-02
-1.330257103690368758e-02
-1.364820741835937046e-02
-1.401300323473486653e-02
-1.439827269154270173e-02
-1.480503118213694069e-02
-1.523452293027333093e-02
-1.568797542033983916e-02
-1.616660931114194399e-02
-1.667161422669116710e-02
-1.720412469196291871e-02
-1.776520806168047084e-02
-1.835588083941230853e-02
-1.897699165354033157e-02
-1.926334707141963420e-02
-1.960075716967124571e-02
-1.999609982935174335e-02
-2.045605427767638318e-02
-2.098811444035336704e-02
-2.160092752359260571e-02
-2.230466032316424929e-02
-2.311141213907785819e-02
-2.396372819984426972e-02
-2.484080347549366685e-02
-2.574522673817264407e-02
-2.667796754449214269e-02
-2.712675392431346255e-02
-2.763814228336547441e-02
-2.822072536786002228e-02
-2.888223057789057746e-02
-2.963119639132905103e-02
-2.985787180036014732e-02
