0.000000000000000000e+00
-5.385842834828194420e-07
-1.077205505814736212e-06
-1.615863724166329717e-06
-2.154558995710721310e-06
-2.693291093404118883e-06
-3.232060244945862352e-06
-3.770866450663577711e-06
-4.309710393035379202e-06
-4.848596392668491194e-06
-5.387563787282642105e-06
-5.926849967099404653e-06
-6.467579585661137676e-06
-7.013482269444609088e-06
-7.572694539817833316e-06
-8.157379338166123741e-06
-8.781116717849702855e-06
-9.455482831247544970e-06
-1.018549264730944511e-05
-1.097515187869418892e-05
-1.183536528151117417e-05
-1.278095618875023826e-05
-1.382215135523619622e-05
-1.496586416231837211e-05
-1.621816932837167352e-05
-1.758274030618567948e-05
-1.905967330272167351e-05
-2.064434749649530102e-05
-2.232809243610012927e-05
-2.409919199966505544e-05
-2.594642468135651992e-05
-2.785778248327204962e-05
-2.982463169238595485e-05
-3.184062139602790870e-05
-3.389944223370764309e-05
-3.599430064068459664e-05
-3.811892858536061924e-05
-4.026844777334288752e-05
-4.243952617808220272e-05
-4.463003971198651151e-05
-4.683846825634364018e-05
-4.906333895641948572e-05
-5.130297512472421729e-05
-5.355571091596482078e-05
-5.582011329550046761e-05
-5.809490563261447005e-05
-6.037885125941328435e-05
-6.267076803310579031e-05
-6.496964845335723442e-05
-6.727474335874304332e-05
-6.958559470741171261e-05
-7.190197008192883660e-05
-7.422379719462981866e-05
-7.655115660967206845e-05
-7.888425264206229881e-05
-8.122334785827475562e-05
-8.356871212594735960e-05
-8.592052798461592505e-05
-8.827890519784301667e-05
-9.064385164577101457e-05
-9.301536793524191511e-05
-9.539344012852489312e-05
-9.777814165819871900e-05
-1.001695241269578410e-04
-1.025676901070912190e-04
-1.049727349081531423e-04
-1.073847902570504995e-04
-1.098040170082835969e-04
-1.122306124383821004e-04
-1.146647811347642243e-04
-1.171067422440294633e-04
-1.195567149657093088e-04
-1.220149112187008235e-04
-1.244814847035416970e-04
-1.269565672956548240e-04
-1.294403272979709597e-04
-1.319328529191997551e-04
-1.344343052141990554e-04
-1.369447578833392657e-04
-1.394643865613117741e-04
-1.419933086840272400e-04
-1.445316416715686247e-04
-1.470795466826385763e-04
-1.496371848789709283e-04
-1.522047029049462114e-04
-1.547822910801333138e-04
-1.573701106540110659e-04
-1.599683520163855204e-04
-1.625771910064387866e-04
-1.651968035043277386e-04
-1.678273654036302367e-04
-1.704690817799327577e-04
-1.731221140001903372e-04
-1.757866671894980806e-04
-1.784629173484339774e-04
-1.811511133718687514e-04
-1.838514167377792259e-04
-1.865640764410676799e-04
-1.892893122795150009e-04
-1.920273732668349991e-04
-1.947784793499170706e-04
-1.975429232969137100e-04
-2.003209250990589684e-04
-2.031127630963393488e-04
-2.059187010282555489e-04
-2.087390318527499247e-04
-2.115740194557314230e-04
-2.144239277124555386e-04
-2.172890642655809341e-04
-2.201697223073958466e-04
-2.230661366961306604e-04
-2.259786298722681638e-04
-2.289074950538232481e-04
-2.318529673296520100e-04
-2.348153692231900883e-04
-2.377949650812920561e-04
-2.407920338127125662e-04
-2.438068544576259950e-04
-2.468397643327501943e-04
-2.498910134400571421e-04
-2.529608954867153692e-04
-2.560497335227090998e-04
-2.591578505384321504e-04
-2.622855696716474335e-04
-2.654332140902368356e-04
-2.686011361984094693e-04
-2.717896884649197674e-04
-2.749992526336708198e-04
-2.782301813411708910e-04
-2.814828565048956531e-04
-2.847577183786503601e-04
-2.880551199513884005e-04
-2.913755307480026977e-04
-2.947193623163985986e-04
-2.980870261894550581e-04
-3.014790797005287336e-04
-3.048958764022325924e-04
-3.083379739590806482e-04
-3.118059009890868463e-04
-3.153000988681229646e-04
-3.188211547660673687e-04
-3.223695978473413242e-04
-3.259460155520285500e-04
-3.295509956691771662e-04
-3.331851843903888108e-04
-3.368491405375122509e-04
-3.405435398848876728e-04
-3.442690292000426863e-04
-3.480263429537762496e-04
-3.518161282654211461e-04
-3.556391200113921420e-04
-3.594960534078801167e-04
-3.633877512069984164e-04
-3.673149489530603239e-04
-3.712784993678685673e-04
-3.752791968480142983e-04
-3.793179821166359016e-04
-3.833957377177087773e-04
-3.875134049343638464e-04
-3.916719546452903473e-04
-3.958724746541457612e-04
-4.001159074024164845e-04
-4.044034290381097376e-04
-4.087361580676091163e-04
-4.131152713752741178e-04
-4.175420341669553110e-04
-4.220177703544379633e-04
-4.265437754570679555e-04
-4.311214912522091805e-04
-4.357523309762789611e-04
-4.404378254081354072e-04
-4.451795643639344657e-04
-4.499791091015050478e-04
-4.548381093503135785e-04
-4.597583324281003989e-04
-4.647415462596263063e-04
-4.697896955465217703e-04
-4.749047252556990893e-04
-4.800887278467359407e-04
-4.853439426851246814e-04
-4.906727274874757988e-04
-4.960775866668309334e-04
-5.015609684953490927e-04
-5.071257016497913083e-04
-5.127746170971730780e-04
-5.185114300163569780e-04
-5.243380288384235722e-04
-5.302580135930986833e-04
-5.362750414036010450e-04
-5.423928299112679022e-04
-5.486153327687137531e-04
-5.549466237933212056e-04
-5.613911301651164842e-04
-5.679533993405530860e-04
-5.746383331943119132e-04
-5.814511885512111842e-04
-5.883976349182020501e-04
-5.954838150816610777e-04
-6.027161684991738091e-04
-6.101013755883099568e-04
-6.176466477541749664e-04
-6.253594384859383418e-04
-6.332480844772913654e-04
-6.413214582513319896e-04
-6.495892594316425139e-04
-6.580616673821709436e-04
-6.667496908824777557e-04
-6.756650530948895856e-04
-6.848206026650185225e-04
-6.942299067367787430e-04
-7.039073677950516113e-04
-7.138691617078834172e-04
-7.241332992092807926e-04
-7.347193949092176287e-04
-7.456484928274254758e-04
-7.569428968356422399e-04
-7.686282210210275846e-04
-7.807308765680847067e-04
-7.932786635182825438e-04
-8.063038743737287704e-04
-8.198420735346478687e-04
-8.339271899418829008e-04
-8.485965473482839569e-04
-8.638913381036052120e-04
-8.798567553430513850e-04
-8.965473810310837805e-04
-9.140197094227244141e-04
-9.323350243425522358e-04
-9.515575282945903761e-04
-9.717497765473290944e-04
-9.929742562730327262e-04
-1.015307448628943038e-03
-1.038810062897999346e-03
-1.063548807179211589e-03
-1.089596397310060036e-03
-1.117025942044169023e-03
-1.145905467236283965e-03
-1.176277560134436542e-03
-1.189770968618150898e-03
-1.206062430453704298e-03
-1.225353340975935627e-03
-1.247924563270006240e-03
-1.274123917803394752e-03
-1.304373412253640027e-03
-1.339185072251914202e-03
-1.379166992013917438e-03
-1.421319993225619686e-03
-1.464705023029434436e-03
-1.509520660403383761e-03
-1.555813357112121849e-03
-1.577524847623917089e-03
-1.602714131579028364e-03
-1.631637264392687883e-03
-1.664629942599196548e-03
-1.702096570430136450e-03
-1.713090761387931014e-03
