0.000000000000000000e+00
-9.814253390001546107e-08
-1.962868969229877508e-07
-2.944330746696928394e-07
-3.925810811627877575e-07
-4.907309304251011527e-07
-5.888825654240251732e-07
-6.870359859783969946e-07
-7.851909645319620570e-07
-8.833442610748275448e-07
-9.814721737361419426e-07
-1.079428514874683366e-06
-1.176525322914695460e-06
-1.270551070114787068e-06
-1.357134462670316427e-06
-1.431424311035552683e-06
-1.491743316827238053e-06
-1.545205641934576205e-06
-1.616825778778199917e-06
-1.747473249843444542e-06
-1.977406713239004333e-06
-2.322605569990330366e-06
-2.772820665355928591e-06
-3.301699807566156736e-06
-3.875816064802508716e-06
-4.467312197438057144e-06
-5.060136200645237591e-06
-5.646228829930185864e-06
-6.222721624979864899e-06
-6.789673017068857249e-06
-7.348432810951947329e-06
-7.901732628795885994e-06
-8.453317919690978471e-06
-9.006916068619271246e-06
-9.565190092978879952e-06
-1.012954469136724699e-05
-1.070066359929032444e-05
-1.127897051973474541e-05
-1.186474549848703777e-05
-1.245804677782567390e-05
-1.305864992810436087e-05
-1.366611059692511775e-05
-1.427988087016449604e-05
-1.489936291280866167e-05
-1.552391805913916762e-05
-1.615278049347340674e-05
-1.678500001234979396e-05
-1.741947839958256632e-05
-1.805515209540925405e-05
-1.869117027300227929e-05
-1.932693480801563754e-05
-1.996201481110749281e-05
-2.059603578778997527e-05
-2.122864507575806278e-05
-2.185950642347772637e-05
-2.248834538271391324e-05
-2.311493479159923268e-05
-2.373912563382742200e-05
-2.436082705518070619e-05
-2.498001361068438879e-05
-2.559669800636533361e-05
-2.621094018818643761e-05
-2.682282551468391228e-05
-2.743249020497136296e-05
-2.804009588460384486e-05
-2.864583502966535893e-05
-2.924990555557715303e-05
-2.985249443241062058e-05
-3.045376682545511161e-05
-3.105386062588738464e-05
-3.165290099761012622e-05
-3.225100218422708310e-05
-3.284825116576314959e-05
-3.344474581679604444e-05
-3.404057672282320408e-05
-3.463583445574452312e-05
-3.523062046433820583e-05
-3.582505797891140923e-05
-3.641928472016278201e-05
-3.701344202751224196e-05
-3.760769661924820824e-05
-3.820221884100399797e-05
-3.879718988762813803e-05
-3.939278727679740869e-05
-3.998919216981888244e-05
-4.058658929339424082e-05
-4.118515245289819870e-05
-4.178504816416613065e-05
-4.238643567421898856e-05
-4.298946327344559088e-05
-4.359426837575392167e-05
-4.420097381074889365e-05
-4.480969513468045979e-05
-4.542054062157560525e-05
-4.603362216311513978e-05
-4.664903346039439455e-05
-4.726688634964768720e-05
-4.788727809399401074e-05
-4.851030596693734127e-05
-4.913607446587975677e-05
-4.976468077225117310e-05
-5.039621846116159221e-05
-5.103078467802369311e-05
-5.166847292727351520e-05
-5.230936578076149119e-05
-5.295355665790655019e-05
-5.360112449069855622e-05
-5.425216989169238393e-05
-5.490676446316965264e-05
-5.556501601958880704e-05
-5.622699247168939929e-05
-5.689280519224765840e-05
-5.756253651960319492e-05
-5.823627604549569587e-05
-5.891411687815609823e-05
-5.959615940220621387e-05
-6.028248943719076430e-05
-6.097321090319306289e-05
-6.166839505134969900e-05
-6.236815658600438608e-05
-6.307255939747888178e-05
-6.378171089799581641e-05
-6.449568939906262879e-05
-6.521459494494308577e-05
-6.593850572889549280e-05
-6.666751450022720263e-05
-6.740172114283197384e-05
-6.814121821756597580e-05
-6.888608376055466230e-05
-6.963643929407450082e-05
-7.039238446593815710e-05
-7.115401162879596568e-05
-7.192143483286764791e-05
-7.269476812855222507e-05
-7.347411808067184924e-05
-7.425961307700361467e-05
-7.505136690365064682e-05
-7.584949325508010313e-05
-7.665412743352524095e-05
-7.746539750150141859e-05
-7.828341689452497372e-05
-7.910833520851054163e-05
-7.994026570640183757e-05
-8.077935776658407897e-05
-8.162573895771021331e-05
-8.247956567064421759e-05
-8.334097248139876539e-05
-8.421010833002895652e-05
-8.508712935064694058e-05
-8.597222035525281243e-05
-8.686553716456573337e-05
-8.776727170828709694e-05
-8.867762280087083037e-05
-8.959678206263364786e-05
-9.052496983287368023e-05
-9.146239903956248740e-05
-9.240928226305982450e-05
-9.336584668114427429e-05
-9.433233341348393251e-05
-9.530895464442468482e-05
-9.629598008591610993e-05
-9.729365742519748396e-05
-9.830224878153433579e-05
-9.932201590656037954e-05
-1.003532490214313844e-04
-1.013962382259776438e-04
-1.024512732588852448e-04
-1.035186940808323938e-04
-1.045988186950386054e-04
-1.056920079072021186e-04
-1.067986511704657504e-04
-1.079191447182161379e-04
-1.090539492532791586e-04
-1.102035322518194567e-04
-1.113683895885636207e-04
-1.125490742219318328e-04
-1.137461602568819478e-04
-1.149602498798086685e-04
-1.161919518982042752e-04
-1.174419101931326856e-04
-1.187108257908571566e-04
-1.199993841445015825e-04
-1.213083420485180745e-04
-1.226384768140900564e-04
-1.239906728102065927e-04
-1.253652391570085991e-04
-1.267642119485493904e-04
-1.281884043867469614e-04
-1.296389905834373336e-04
-1.311173166213114023e-04
-1.326247840506832064e-04
-1.341630233901357173e-04
-1.357338213247654378e-04
-1.373391640767114130e-04
-1.389812368499033948e-04
-1.406623657485026946e-04
-1.423850610305203994e-04
-1.441520015091460913e-04
-1.459661505568521193e-04
-1.478307834715601157e-04
-1.497495741132144533e-04
-1.517267236266501684e-04
-1.537669452910806595e-04
-1.558756076948450008e-04
-1.580583583468166131e-04
-1.603210943182200893e-04
-1.626702058959987227e-04
-1.651130792259758397e-04
-1.676578932857065920e-04
-1.703137477557995069e-04
-1.730905009292404550e-04
-1.759992871920848447e-04
-1.790528008309420533e-04
-1.822653789795669436e-04
-1.856525655498883509e-04
-1.892306162219220978e-04
-1.930176748025384716e-04
-1.970336669154235706e-04
-2.012988825326732256e-04
-2.058378816143974807e-04
-2.106761767651286576e-04
-2.158372196527968739e-04
-2.213436211323662286e-04
-2.272267649563780492e-04
-2.335143507022595377e-04
-2.402396061868972295e-04
-2.474341470529010413e-04
-2.551330001316848089e-04
-2.633640008895002057e-04
-2.721602557053792032e-04
-2.815468667358262626e-04
-2.915517386476924639e-04
-3.021956198112457875e-04
-3.135005535623367878e-04
-3.254798880650286788e-04
-3.381569283931822566e-04
-3.515536933176573002e-04
-3.657035675681114244e-04
-3.723033800315111866e-04
-3.800164479775534378e-04
-3.890539472407974000e-04
-3.995930226873388317e-04
-4.118179707392271519e-04
-4.259392217138421258e-04
-4.422038138844878617e-04
-4.609269402914545734e-04
-4.807869092483254767e-04
-5.013133478983834712e-04
-5.225323528282339999e-04
-5.445021133438322433e-04
-5.550759165346879145e-04
-5.671580474642264579e-04
-5.809541974625671932e-04
-5.966579914879887193e-04
-6.144768226194969110e-04
-6.198715279772278302e-04
