0.000000000000000000e+00
2.530562191655296270e-07
5.061171094573342938e-07
7.591825288344116380e-07
1.012252562630246621e-06
1.265327210912994585e-06
1.518406360066034192e-06
1.771490237529031105e-06
2.024579184446008950e-06
2.277677407481365980e-06
2.530818559531878312e-06
2.784207514777414783e-06
3.038842954276941433e-06
3.298171169184609935e-06
3.569788149093701115e-06
3.864021827191671972e-06
4.191492462608083673e-06
4.569535282018239073e-06
5.025282321401544981e-06
5.585223773008675373e-06
6.262957032588981812e-06
7.058334035353395427e-06
7.967338184010517988e-06
8.985241395054517039e-06
1.010162776221981998e-05
1.130046154336242634e-05
1.256410829270379769e-05
1.387470822127426882e-05
1.521797837553202207e-05
1.658447720115426247e-05
1.796765007932371800e-05
1.936142686429895675e-05
2.076189307623450286e-05
2.216614017154520925e-05
2.357140322270049392e-05
2.497508637714680605e-05
2.637483745691280570e-05
2.776853159097187354e-05
2.915438040179651449e-05
3.053115945723695472e-05
3.189829928473270337e-05
3.325569070589715314e-05
3.460348289470652878e-05
3.594218893370644405e-05
3.727271859629817326e-05
3.859623280807944267e-05
3.991389255363947299e-05
4.122675333122839984e-05
4.253576878734550959e-05
4.384183438799167865e-05
4.514575828392398949e-05
4.644825404431723946e-05
4.774991516849545580e-05
4.905128423378049579e-05
5.035286744183993762e-05
5.165520742159203393e-05
5.295882498994286639e-05
5.426424098192796943e-05
5.557189981874243264e-05
5.688219135886159259e-05
5.819544722070277304e-05
5.951195902524311659e-05
6.083201475153189467e-05
6.215587329338900942e-05
6.348382268473435719e-05
6.481611822156338205e-05
6.615299337380529162e-05
6.749464523421390590e-05
6.884122722817940165e-05
7.019281998313784874e-05
7.154953325816507158e-05
7.291140402677055645e-05
7.427854935409896361e-05
7.565106448034305989e-05
7.702912476102485905e-05
7.841292740741569514e-05
7.980269150653860060e-05
8.119868714215809191e-05
8.260118441128041264e-05
8.401042432953268293e-05
8.542667704887496345e-05
8.685017635361686015e-05
8.828113418833996844e-05
8.971975526195144891e-05
9.116622243112656478e-05
9.262071132683679286e-05
9.408340487892770734e-05
9.555447875052964449e-05
9.703413048102216580e-05
9.852254307232211419e-05
1.000199505327661642e-04
1.015265650822604472e-04
1.030426426219173836e-04
1.045684172539817109e-04
1.061041304298155339e-04
1.076500454338612370e-04
1.092064110507054474e-04
1.107734542311748815e-04
1.123514529464504836e-04
1.139406196545513541e-04
1.155412178495613041e-04
1.171534892065194590e-04
1.187776827193685652e-04
1.204140328470717857e-04
1.220627886532360713e-04
1.237242211506647805e-04
1.253985867787185855e-04
1.270861420001886759e-04
1.287871361349446245e-04
1.305018767112410289e-04
1.322306277067634116e-04
1.339736676547660947e-04
1.357312751642966405e-04
1.375037871816046507e-04
1.392914532830192382e-04
1.410946251039901106e-04
1.429135960409338860e-04
1.447487179209227062e-04
1.466003133474574774e-04
1.484687488723939082e-04
1.503543764336921372e-04
1.522575481002991042e-04
1.541786742889865035e-04
1.561181363531049257e-04
1.580763595162613749e-04
1.600537252953262470e-04
1.620506881619539978e-04
1.640677173587209276e-04
1.661052237919726881e-04
1.681637206840512640e-04
1.702436628866521074e-04
1.723455637711578136e-04
1.744699076318477037e-04
1.766172664357903478e-04
1.787881538220430038e-04
1.809831128599483411e-04
1.832027596332995532e-04
1.854476373646462921e-04
1.877184208122758614e-04
1.900156827217590392e-04
1.923400981467710837e-04
1.946923714279501629e-04
1.970731778939358036e-04
1.994832807028897525e-04
2.019234139265732586e-04
2.043944140272339329e-04
2.068970738586316076e-04
2.094322741080287655e-04
2.120009102529643965e-04
2.146039363205039100e-04
2.172423068132110996e-04
2.199170638822966714e-04
2.226292500327665849e-04
2.253800102887394653e-04
2.281704753743405648e-04
2.310018785189439997e-04
2.338754387887907900e-04
2.367924632116304216e-04
2.397542883414001901e-04
2.427623680830462926e-04
2.458181130893863494e-04
2.489230949049607501e-04
2.520788711015837505e-04
2.552870874887843214e-04
2.585494780350029199e-04
2.618678649637168538e-04
2.652441004283930155e-04
2.686801833429686105e-04
2.721782009434720213e-04
2.757403873936182278e-04
2.793689487308408494e-04
2.830663837733606958e-04
2.868350758282069276e-04
2.906777887482179254e-04
2.945972295904831931e-04
2.985963691669129530e-04
3.026783263399134439e-04
3.068463377507875118e-04
3.111038175611254811e-04
3.154543276063211457e-04
3.199017528311497811e-04
3.244501851748944057e-04
3.291038940878365598e-04
3.338675021168872469e-04
3.387458098990387811e-04
3.437447082037225479e-04
3.488681467215740259e-04
3.541222837480449259e-04
3.595131909344117800e-04
3.650474990673548419e-04
3.707320773648144522e-04
3.765742682797103670e-04
3.825818869868713229e-04
3.887633110693188270e-04
3.951273337505229865e-04
4.016834285721843697e-04
4.084415157713352563e-04
4.154124900832651887e-04
4.226079870210718362e-04
4.300405609048431029e-04
4.377238892010267717e-04
4.456726582489932745e-04
4.539027701178958919e-04
4.624312264716820835e-04
4.712763353401211962e-04
4.804580657137488549e-04
4.899988682888059338e-04
4.999235331443992788e-04
5.102575854058571080e-04
5.210290129408902231e-04
5.322695611147132150e-04
5.440138297717934685e-04
5.562996902388666134e-04
5.691686435916177124e-04
5.826664736797680655e-04
5.968431379348279522e-04
6.117516673411252902e-04
6.274489377667490878e-04
6.439982581454571685e-04
6.614678669007105060e-04
6.799287780597726427e-04
6.994597741548026944e-04
7.201461423569830399e-04
7.420837490044439062e-04
7.653648740021207165e-04
7.900952345565948401e-04
8.163907425211753589e-04
8.443702124151811423e-04
8.741397303352170132e-04
9.058204040308334183e-04
9.395386743155794643e-04
9.754150122198310341e-04
1.013580093655890371e-03
1.054178323179994284e-03
1.097329135816299149e-03
1.143165136109739605e-03
1.191805748410774968e-03
1.243363635087378237e-03
1.267327290506357635e-03
1.295508621110159735e-03
1.328677144585342727e-03
1.367479454835391576e-03
1.412619605928995071e-03
1.464916184170704863e-03
1.525355615968803681e-03
1.595127380613401910e-03
1.669317344758164748e-03
1.746172190699521974e-03
1.825955044193746518e-03
1.908759433741025191e-03
1.948646841453400723e-03
1.994302458262430487e-03
2.046546145167450759e-03
2.106181570217623492e-03
2.174073038700664092e-03
2.194607464204479438e-03
