0.000000000000000000e+00
-1.431481912732124329e-02
-2.862972766160964966e-02
-4.294472187757492065e-02
-5.725980550050735474e-02
-7.157497107982635498e-02
-8.589022606611251831e-02
-1.002055704593658447e-01
-1.145209968090057373e-01
-1.288365274667739868e-01
-1.431521326303482056e-01
-1.574678272008895874e-01
-1.717835962772369385e-01
-1.860994845628738403e-01
-2.004154473543167114e-01
-2.147315740585327148e-01
-2.290478795766830444e-01
-2.433643937110900879e-01
-2.576812803745269775e-01
-2.719985842704772949e-01
-2.863163053989410400e-01
-3.006345331668853760e-01
-3.149532079696655273e-01
-3.292722702026367188e-01
-3.435918092727661133e-01
-3.579117357730865479e-01
-3.722320497035980225e-01
-3.865527808666229248e-01
-4.008738398551940918e-01
-4.151953458786010742e-01
-4.295172393321990967e-01
-4.438394606113433838e-01
-4.581620991230010986e-01
-4.724851250648498535e-01
-4.868084788322448730e-01
-5.011323094367980957e-01
-5.154565572738647461e-01
-5.297811031341552734e-01
-5.441061258316040039e-01
-5.584315061569213867e-01
-5.727573037147521973e-01
-5.870835781097412109e-01
-6.014102101325988770e-01
-6.157372593879699707e-01
-6.300647854804992676e-01
-6.443926692008972168e-01
-6.587210297584533691e-01
-6.730498075485229492e-01
-6.873790025711059570e-01
-7.017086148262023926e-01
-7.160387039184570312e-01
-7.303692698478698730e-01
-7.447001934051513672e-01
-7.590316534042358398e-01
-7.733635306358337402e-01
-7.876958250999450684e-01
-8.020285367965698242e-01
-8.163618445396423340e-01
-8.306955099105834961e-01
-8.450296521186828613e-01
-8.593644499778747559e-01
-8.736995458602905273e-01
-8.880350589752197266e-01
-9.023712873458862305e-01
-9.167078137397766113e-01
-9.310447573661804199e-01
-9.453824758529663086e-01
-9.597204923629760742e-01
-9.740589261054992676e-01
-9.883980154991149902e-01
-1.002737522125244141e+00
-1.017077565193176270e+00
-1.031418085098266602e+00
-1.045759201049804688e+00
-1.060100674629211426e+00
-1.074442863464355469e+00
-1.088785409927368164e+00
-1.103128552436828613e+00
-1.117472410202026367e+00
-1.131816506385803223e+00
-1.146161317825317383e+00
-1.160506606101989746e+00
-1.174852490425109863e+00
-1.189198970794677734e+00
-1.203545928001403809e+00
-1.217893481254577637e+00
-1.232241511344909668e+00
-1.246590256690979004e+00
-1.260939598083496094e+00
-1.275289535522460938e+00
-1.289639830589294434e+00
-1.303990960121154785e+00
-1.318342566490173340e+00
-1.332694768905639648e+00
-1.347047805786132812e+00
-1.361401319503784180e+00
-1.375755429267883301e+00
-1.390110135078430176e+00
-1.404465436935424805e+00
-1.418821573257446289e+00
-1.433178186416625977e+00
-1.447535514831542969e+00
-1.461893439292907715e+00
-1.476252198219299316e+00
-1.490611433982849121e+00
-1.504971623420715332e+00
-1.519332408905029297e+00
-1.533693909645080566e+00
-1.548056006431579590e+00
-1.562418818473815918e+00
-1.576782345771789551e+00
-1.591146707534790039e+00
-1.605511665344238281e+00
-1.619877457618713379e+00
-1.634244322776794434e+00
-1.648611426353454590e+00
-1.662979483604431152e+00
-1.677348613739013672e+00
-1.691718101501464844e+00
-1.706088662147521973e+00
-1.720460057258605957e+00
-1.734832048416137695e+00
-1.749205112457275391e+00
-1.763579010963439941e+00
-1.777953743934631348e+00
-1.792329430580139160e+00
-1.806705832481384277e+00
-1.821083307266235352e+00
-1.835461616516113281e+00
-1.849840879440307617e+00
-1.864220857620239258e+00
-1.878602027893066406e+00
-1.892984271049499512e+00
-1.907367110252380371e+00
-1.921751379966735840e+00
-1.936136484146118164e+00
-1.950522661209106445e+00
-1.964909911155700684e+00
-1.979298114776611328e+00
-1.993687391281127930e+00
-2.008078098297119141e+00
-2.022469520568847656e+00
-2.036862373352050781e+00
-2.051256179809570312e+00
-2.065651655197143555e+00
-2.080047607421875000e+00
-2.094445466995239258e+00
-2.108844280242919922e+00
-2.123244285583496094e+00
-2.137645959854125977e+00
-2.152048587799072266e+00
-2.166452884674072266e+00
-2.180858612060546875e+00
-2.195265531539916992e+00
-2.209673881530761719e+00
-2.224083900451660156e+00
-2.238495588302612305e+00
-2.252908706665039062e+00
-2.267323732376098633e+00
-2.281739950180053711e+00
-2.296158075332641602e+00
-2.310577869415283203e+00
-2.324999332427978516e+00
-2.339422702789306641e+00
-2.353848218917846680e+00
-2.368275642395019531e+00
-2.382704734802246094e+00
-2.397135734558105469e+00
-2.411569356918334961e+00
-2.426004886627197266e+00
-2.440442800521850586e+00
-2.454882621765136719e+00
-2.469325304031372070e+00
-2.483770370483398438e+00
-2.498217821121215820e+00
-2.512667894363403320e+00
-2.527120828628540039e+00
-2.541576385498046875e+00
-2.556035041809082031e+00
-2.570496559143066406e+00
-2.584961175918579102e+00
-2.599429607391357422e+00
-2.613900899887084961e+00
-2.628375768661499023e+00
-2.642854452133178711e+00
-2.657337427139282227e+00
-2.671823501586914062e+00
-2.686314344406127930e+00
-2.700809478759765625e+00
-2.715309143066406250e+00
-2.729813337326049805e+00
-2.744323253631591797e+00
-2.758837699890136719e+00
-2.773358106613159180e+00
-2.787884473800659180e+00
-2.802416801452636719e+00
-2.816955327987670898e+00
-2.831501245498657227e+00
-2.846053600311279297e+00
-2.860614299774169922e+00
-2.875182867050170898e+00
-2.889759778976440430e+00
-2.904345750808715820e+00
-2.918941736221313477e+00
-2.933547258377075195e+00
-2.948164224624633789e+00
-2.962792396545410156e+00
-2.977433204650878906e+00
-2.992087125778198242e+00
-3.006755113601684570e+00
-3.021437644958496094e+00
-3.036136627197265625e+00
-3.050853013992309570e+00
-3.065587282180786133e+00
-3.080341577529907227e+00
-3.095117568969726562e+00
-3.109915971755981445e+00
-3.124738693237304688e+00
-3.139587640762329102e+00
-3.154464960098266602e+00
-3.169372081756591797e+00
-3.184312105178833008e+00
-3.199287652969360352e+00
-3.214299678802490234e+00
-3.229351997375488281e+00
-3.244447469711303711e+00
-3.259588718414306641e+00
-3.274779081344604492e+00
-3.290022373199462891e+00
-3.305320978164672852e+00
-3.320678949356079102e+00
-3.336099624633789062e+00
-3.351586103439331055e+00
-3.367143154144287109e+00
-3.382773160934448242e+00
-3.398480176925659180e+00
-3.414267778396606445e+00
-3.430138826370239258e+00
-3.438025474548339844e+00
-3.446756124496459961e+00
-3.456419229507446289e+00
-3.467113494873046875e+00
-3.478946685791015625e+00
-3.492037296295166016e+00
-3.506521463394165039e+00
-3.522549152374267578e+00
-3.539076805114746094e+00
-3.555685281753540039e+00
-3.572382450103759766e+00
-3.589171648025512695e+00
-3.597530603408813477e+00
-3.606778383255004883e+00
-3.617007732391357422e+00
-3.628322362899780273e+00
-3.640834093093872070e+00
-3.644737720489501953e+00
