0.000000000000000000e+00
3.037506312149546375e-15
2.428418557009429796e-14
8.197369378345337187e-14
1.941449523932062271e-13
3.794183391948868778e-13
6.556688785658293384e-13
1.041777233055929397e-12
1.556100409118299499e-12
2.214602416381050709e-12
3.032085216583824128e-12
4.009226544504640444e-12
5.419674257989282040e-12
2.303100765654875204e-11
2.049231201395329549e-10
1.016470674991554191e-11
1.228256385488180058e-11
1.489484230399185094e-11
1.852359585163831923e-11
2.359332347545706199e-11
3.233252207635040065e-11
4.276794543511819313e-11
5.358809923583507384e-11
6.880223474281521590e-11
9.019463648174408377e-11
1.163460855435616281e-10
1.475317507049211940e-10
1.845656127930084267e-10
2.276623473074224080e-10
-1.170077479351050442e-09
-1.991476150653426203e-10
5.589904095160136421e-10
8.185119249048966594e-10
7.236802823662458195e-10
5.657886936738520944e-10
5.471086361730215231e-10
6.892578729988940722e-10
9.383097632209569383e-10
1.206273858578299496e-09
1.430270457625226754e-09
1.625927170678664879e-09
1.805144589361873386e-09
1.978504915456369417e-09
2.163065948579401265e-09
2.363108153602411221e-09
2.582804414785755398e-09
2.825160994035513795e-09
3.102865964166312551e-09
3.409678983601338587e-09
3.741757126363154384e-09
4.088708038807453704e-09
4.462148428530099409e-09
4.858372371074892726e-09
5.281289183756143757e-09
5.724715812505110080e-09
6.197409252450825079e-09
6.692559839649447895e-09
7.213399655370267283e-09
7.758846898298088490e-09
8.325377720552751271e-09
8.918227045739968162e-09
9.535928491288814257e-09
1.017904160960370064e-08
1.084868728185028885e-08
1.154864293084756355e-08
1.227749368837294242e-08
1.304133956381292592e-08
1.383566949897385712e-08
1.466095334023975738e-08
1.552093209511440364e-08
1.641308067235058843e-08
1.733685373039861588e-08
1.829838680578177446e-08
1.929413251389178185e-08
2.032584411892912613e-08
2.139845456383682176e-08
2.251105613026993524e-08
2.366293649913586705e-08
2.485735173252123786e-08
2.609079530202507158e-08
2.737733595381541818e-08
2.870559434597907966e-08
3.007743742955426569e-08
3.150173100152642292e-08
3.297668982327195408e-08
3.449899921292853833e-08
3.607005538697194424e-08
3.769733325498236809e-08
3.937783077390122344e-08
4.111362983394428738e-08
4.290221866654064797e-08
4.475084836030873703e-08
4.666489417104457971e-08
4.863318636694202723e-08
5.066760877525666729e-08
5.277092895994428545e-08
5.493706467518677528e-08
5.716626105822797399e-08
5.946928993694200472e-08
6.184441048162625520e-08
6.429081622627563775e-08
6.681753461634798441e-08
6.941409225191819132e-08
7.209384023099119077e-08
7.485316899646932143e-08
7.769861554152157623e-08
8.063430101401536376e-08
8.365558556988617056e-08
8.676626350734295556e-08
8.997874090255209012e-08
9.328013561571424361e-08
9.668860911915544420e-08
1.002002392169742961e-07
1.038162693589583796e-07
1.075323226018554124e-07
1.113718397505181201e-07
1.153233810669007653e-07
1.193943433008826105e-07
1.235794684362190310e-07
1.279017993738307268e-07
1.323449225765216397e-07
1.369093212133520865e-07
1.416389210362467566e-07
1.464886736357584596e-07
1.514714398354044533e-07
1.566072995728973183e-07
1.619004592612327542e-07
1.673586922379399766e-07
1.729832632690886385e-07
1.787217200899249292e-07
1.846836141794483410e-07
1.908086488811022718e-07
1.971066154737854959e-07
2.036080388734262669e-07
2.102898122302576667e-07
2.171926212213293184e-07
2.242824450604530284e-07
2.315913434358662926e-07
2.391153941516677151e-07
2.468553077505930560e-07
2.548573263538855826e-07
2.630993947150273016e-07
2.715715936574270017e-07
2.802907772547769127e-07
2.893060297992633423e-07
2.986340348343219375e-07
3.082157320477563189e-07
3.180961130055948161e-07
3.283026330791471992e-07
3.388000493487197673e-07
3.496456599805242149e-07
3.608368785990023753e-07
3.723545205502887256e-07
3.843427123229048448e-07
3.966159454193984857e-07
4.093822383310907753e-07
4.225458098972012522e-07
4.361300796063005691e-07
4.501816874835640192e-07
4.647509683763928479e-07
4.797915948984154966e-07
4.953684538122615777e-07
5.114498549119161908e-07
5.280884352032444440e-07
5.453390485854470171e-07
5.632879265249357559e-07
5.819499619974521920e-07
6.011021582708053757e-07
6.211224103935819585e-07
6.418913471861742437e-07
6.634584224229911342e-07
6.858463734715769533e-07
7.091514362400630489e-07
7.333681537602387834e-07
7.585784942421014421e-07
7.847460778975801077e-07
8.121265864247106947e-07
8.406229312640789431e-07
8.703572689228167292e-07
9.013710382532735821e-07
9.337671826870064251e-07
9.675868568592704833e-07
1.003066358862270135e-06
1.040146457853552420e-06
1.078927198250312358e-06
9.771326858754036948e-07
1.008963522508565802e-06
1.042162239173194394e-06
1.076646867659292184e-06
1.112524955715343822e-06
1.149862555394065566e-06
1.188756527881196234e-06
1.229298504767939448e-06
1.271590008400380611e-06
1.315723693551262841e-06
1.361845193059707526e-06
1.410075356034212746e-06
1.460562316424329765e-06
1.513460460955684539e-06
1.568933953421947081e-06
1.627181518415454775e-06
1.688402335275895894e-06
1.752822527123498730e-06
1.820676061470294371e-06
1.892260229396924842e-06
1.967871185115654953e-06
2.047869202215224504e-06
2.132615918526425958e-06
2.222592229372821748e-06
2.318189899597200565e-06
2.419945985820959322e-06
2.528488721509347670e-06
2.644437699927948415e-06
2.768471858871635050e-06
2.901452944570337422e-06
3.044488039449788630e-06
3.198549393346183933e-06
3.364570602570893243e-06
3.544904075170052238e-06
3.740960892173461616e-06
3.952338829549262300e-06
4.182756583759328350e-06
4.435436949279392138e-06
4.709499535238137469e-06
5.009568667446728796e-06
5.335291007213527337e-06
5.698335826309630647e-06
6.104552994656842202e-06
6.315210612228838727e-06
6.774284884158987552e-06
7.282663773366948590e-06
7.845454092603176832e-06
8.468470696243457496e-06
9.158245120488572866e-06
9.925003723765257746e-06
1.077729120879666880e-05
1.172406064142705873e-05
1.277906812902074307e-05
1.315835652349051088e-05
1.374467865389306098e-05
1.448826515115797520e-05
1.538783908472396433e-05
1.647762110223993659e-05
1.780161619535647333e-05
1.941893424373120070e-05
2.140995093213859946e-05
2.348062298551667482e-05
2.583057903393637389e-05
2.845300878107082099e-05
3.086572542088106275e-05
3.213224044884555042e-05
3.421794099267572165e-05
3.634953100117854774e-05
3.868257772410288453e-05
4.143687692703679204e-05
4.181098847766406834e-05
