0.000000000000000000e+00
-2.050728321075439453e+00
-4.101418018341064453e+00
-6.152067661285400391e+00
-8.202680587768554688e+00
-1.025325393676757812e+01
-1.230378818511962891e+01
-1.435428619384765625e+01
-1.640474319458007812e+01
-1.845516014099121094e+01
-2.050554084777832031e+01
-2.255588340759277344e+01
-2.460618400573730469e+01
-2.665644454956054688e+01
-2.870666694641113281e+01
-3.075683593750000000e+01
-3.280694961547851562e+01
-3.485698318481445312e+01
-3.690692520141601562e+01
-3.895675277709960938e+01
-4.100645828247070312e+01
-4.305603027343750000e+01
-4.510546875000000000e+01
-4.715477371215820312e+01
-4.920394515991210938e+01
-5.125298309326171875e+01
-5.330189895629882812e+01
-5.535068893432617188e+01
-5.739934539794921875e+01
-5.944788360595703125e+01
-6.149629592895507812e+01
-6.354458236694335938e+01
-6.559275054931640625e+01
-6.764078521728515625e+01
-6.968869781494140625e+01
-7.173648834228515625e+01
-7.378415679931640625e+01
-7.583168792724609375e+01
-7.787911224365234375e+01
-7.992639923095703125e+01
-8.197356414794921875e+01
-8.402060699462890625e+01
-8.606751251220703125e+01
-8.811430358886718750e+01
-9.016095733642578125e+01
-9.220746612548828125e+01
-9.425387573242187500e+01
-9.630014038085937500e+01
-9.834626007080078125e+01
-1.003922805786132812e+02
-1.024381408691406250e+02
-1.044838867187500000e+02
-1.065294876098632812e+02
-1.085749740600585938e+02
-1.106203079223632812e+02
-1.126655044555664062e+02
-1.147105712890625000e+02
-1.167555007934570312e+02
-1.188002929687500000e+02
-1.208449478149414062e+02
-1.228894500732421875e+02
-1.249338455200195312e+02
-1.269780807495117188e+02
-1.290221557617187500e+02
-1.310661163330078125e+02
-1.331099243164062500e+02
-1.351535949707031250e+02
-1.371971130371093750e+02
-1.392404785156250000e+02
-1.412837066650390625e+02
-1.433267974853515625e+02
-1.453697204589843750e+02
-1.474125061035156250e+02
-1.494551544189453125e+02
-1.514976348876953125e+02
-1.535399627685546875e+02
-1.555821380615234375e+02
-1.576241455078125000e+02
-1.596660461425781250e+02
-1.617077331542968750e+02
-1.637493133544921875e+02
-1.657906951904296875e+02
-1.678319396972656250e+02
-1.698730163574218750e+02
-1.719139251708984375e+02
-1.739546661376953125e+02
-1.759952545166015625e+02
-1.780356903076171875e+02
-1.800759429931640625e+02
-1.821160278320312500e+02
-1.841559295654296875e+02
-1.861956939697265625e+02
-1.882352600097656250e+02
-1.902746582031250000e+02
-1.923139038085937500e+02
-1.943529510498046875e+02
-1.963917846679687500e+02
-1.984304809570312500e+02
-2.004690093994140625e+02
-2.025073394775390625e+02
-2.045454711914062500e+02
-2.065834350585937500e+02
-2.086212158203125000e+02
-2.106587982177734375e+02
-2.126961822509765625e+02
-2.147333679199218750e+02
-2.167704010009765625e+02
-2.188071746826171875e+02
-2.208437957763671875e+02
-2.228802032470703125e+02
-2.249163970947265625e+02
-2.269523925781250000e+02
-2.289881896972656250e+02
-2.310237579345703125e+02
-2.330591583251953125e+02
-2.350942993164062500e+02
-2.371292419433593750e+02
-2.391639404296875000e+02
-2.411984863281250000e+02
-2.432327270507812500e+02
-2.452667846679687500e+02
-2.473006286621093750e+02
-2.493342285156250000e+02
-2.513675689697265625e+02
-2.534007263183593750e+02
-2.554335937500000000e+02
-2.574662170410156250e+02
-2.594986267089843750e+02
-2.615307922363281250e+02
-2.635626525878906250e+02
-2.655942993164062500e+02
-2.676256713867187500e+02
-2.696567687988281250e+02
-2.716876220703125000e+02
-2.737182006835937500e+02
-2.757485046386718750e+02
-2.777785339355468750e+02
-2.798082885742187500e+02
-2.818377380371093750e+02
-2.838668823242187500e+02
-2.858957824707031250e+02
-2.879243469238281250e+02
-2.899525756835937500e+02
-2.919805603027343750e+02
-2.940081787109375000e+02
-2.960354919433593750e+02
-2.980624694824218750e+02
-3.000891418457031250e+02
-3.021154174804687500e+02
-3.041414184570312500e+02
-3.061670532226562500e+02
-3.081922607421875000e+02
-3.102171936035156250e+02
-3.122416992187500000e+02
-3.142658081054687500e+02
-3.162895507812500000e+02
-3.183129272460937500e+02
-3.203358764648437500e+02
-3.223583984375000000e+02
-3.243805236816406250e+02
-3.264021911621093750e+02
-3.284234008789062500e+02
-3.304442138671875000e+02
-3.324645385742187500e+02
-3.344843444824218750e+02
-3.365036926269531250e+02
-3.385225219726562500e+02
-3.405408325195312500e+02
-3.425586547851562500e+02
-3.445759277343750000e+02
-3.465925903320312500e+02
-3.486087341308593750e+02
-3.506242675781250000e+02
-3.526391601562500000e+02
-3.546535034179687500e+02
-3.566671752929687500e+02
-3.586801147460937500e+02
-3.606923828125000000e+02
-3.627040100097656250e+02
-3.647148437500000000e+02
-3.667248840332031250e+02
-3.687341613769531250e+02
-3.707426452636718750e+02
-3.727502746582031250e+02
-3.747569580078125000e+02
-3.767627563476562500e+02
-3.787676086425781250e+02
-3.807714538574218750e+02
-3.827742614746093750e+02
-3.847760009765625000e+02
-3.867766113281250000e+02
-3.887760620117187500e+02
-3.907742004394531250e+02
-3.927711486816406250e+02
-3.947666320800781250e+02
-3.967607421875000000e+02
-3.987533874511718750e+02
-4.007444763183593750e+02
-4.027338867187500000e+02
-4.047215576171875000e+02
-4.067073364257812500e+02
-4.086912231445312500e+02
-4.106730346679687500e+02
-4.126527099609375000e+02
-4.146301269531250000e+02
-4.166050415039062500e+02
-4.185774230957031250e+02
-4.205469665527343750e+02
-4.225136413574218750e+02
-4.244772033691406250e+02
-4.264374389648437500e+02
-4.283941650390625000e+02
-4.303470458984375000e+02
-4.322958679199218750e+02
-4.342403869628906250e+02
-4.361802673339843750e+02
-4.381152648925781250e+02
-4.400448913574218750e+02
-4.419688415527343750e+02
-4.438865966796875000e+02
-4.457977905273437500e+02
-4.477019958496093750e+02
-4.495987243652343750e+02
-4.514873046875000000e+02
-4.533673095703125000e+02
-4.552380065917968750e+02
-4.570988769531250000e+02
-4.589491577148437500e+02
-4.607882080078125000e+02
-4.626152648925781250e+02
-4.644297180175781250e+02
-4.662307128906250000e+02
-4.680175170898437500e+02
-4.697894592285156250e+02
-4.715456848144531250e+02
-4.732855529785156250e+02
-4.750082702636718750e+02
-4.767133178710937500e+02
-4.775767517089843750e+02
-4.785146789550781250e+02
-4.795333251953125000e+02
-4.806399841308593750e+02
-4.818426513671875000e+02
-4.831495361328125000e+02
-4.845694580078125000e+02
-4.861114807128906250e+02
-4.876777038574218750e+02
-4.892272949218750000e+02
-4.907586059570312500e+02
-4.922709045410156250e+02
-4.930345153808593750e+02
-4.938640747070312500e+02
-4.947644653320312500e+02
-4.957420959472656250e+02
-4.968038330078125000e+02
-4.971405029296875000e+02
