0.000000000000000000e+00
-2.083221264183521271e-02
-4.166453331708908081e-02
-6.249695271253585815e-02
-8.332949131727218628e-02
-1.041621193289756775e-01
-1.249948590993881226e-01
-1.458277106285095215e-01
-1.666606515645980835e-01
-1.874937117099761963e-01
-2.083268463611602783e-01
-2.291601449251174927e-01
-2.499935328960418701e-01
-2.708269953727722168e-01
-2.916606068611145020e-01
-3.124943375587463379e-01
-3.333282768726348877e-01
-3.541624248027801514e-01
-3.749969005584716797e-01
-3.958317935466766357e-01
-4.166670739650726318e-01
-4.375029206275939941e-01
-4.583391845226287842e-01
-4.791761338710784912e-01
-5.000136494636535645e-01
-5.208516716957092285e-01
-5.416903495788574219e-01
-5.625295042991638184e-01
-5.833692550659179688e-01
-6.042095422744750977e-01
-6.250503659248352051e-01
-6.458918452262878418e-01
-6.667337417602539062e-01
-6.875761747360229492e-01
-7.084191441535949707e-01
-7.292627096176147461e-01
-7.501068115234375000e-01
-7.709514498710632324e-01
-7.917965650558471680e-01
-8.126421570777893066e-01
-8.334882855415344238e-01
-8.543350100517272949e-01
-8.751822113990783691e-01
-8.960300087928771973e-01
-9.168782234191894531e-01
-9.377269744873046875e-01
-9.585764408111572266e-01
-9.794263243675231934e-01
-1.000276684761047363e+00
-1.021127700805664062e+00
-1.041979074478149414e+00
-1.062831163406372070e+00
-1.083683848381042480e+00
-1.104537010192871094e+00
-1.125390648841857910e+00
-1.146244883537292480e+00
-1.167099714279174805e+00
-1.187955141067504883e+00
-1.208810806274414062e+00
-1.229667425155639648e+00
-1.250524520874023438e+00
-1.271382093429565430e+00
-1.292240262031555176e+00
-1.313099026679992676e+00
-1.333958506584167480e+00
-1.354818463325500488e+00
-1.375678896903991699e+00
-1.396540045738220215e+00
-1.417401790618896484e+00
-1.438264131546020508e+00
-1.459127187728881836e+00
-1.479990720748901367e+00
-1.500854730606079102e+00
-1.521719694137573242e+00
-1.542585015296936035e+00
-1.563451170921325684e+00
-1.584317922592163086e+00
-1.605185151100158691e+00
-1.626053214073181152e+00
-1.646921873092651367e+00
-1.667791008949279785e+00
-1.688660979270935059e+00
-1.709531426429748535e+00
-1.730402708053588867e+00
-1.751274824142456055e+00
-1.772147417068481445e+00
-1.793020844459533691e+00
-1.813894748687744141e+00
-1.834769248962402344e+00
-1.855644822120666504e+00
-1.876520872116088867e+00
-1.897397756576538086e+00
-1.918275237083435059e+00
-1.939153552055358887e+00
-1.960032463073730469e+00
-1.980912208557128906e+00
-2.001792907714843750e+00
-2.022674083709716797e+00
-2.043555974960327148e+00
-2.064438819885253906e+00
-2.085322380065917969e+00
-2.106206655502319336e+00
-2.127091884613037109e+00
-2.147977590560913086e+00
-2.168864488601684570e+00
-2.189751863479614258e+00
-2.210640430450439453e+00
-2.231529474258422852e+00
-2.252419471740722656e+00
-2.273310422897338867e+00
-2.294202089309692383e+00
-2.315094709396362305e+00
-2.335988044738769531e+00
-2.356882572174072266e+00
-2.377777814865112305e+00
-2.398674011230468750e+00
-2.419570922851562500e+00
-2.440469026565551758e+00
-2.461367845535278320e+00
-2.482267618179321289e+00
-2.503168582916259766e+00
-2.524070024490356445e+00
-2.544972896575927734e+00
-2.565876722335815430e+00
-2.586781501770019531e+00
-2.607687234878540039e+00
-2.628593921661376953e+00
-2.649502277374267578e+00
-2.670410871505737305e+00
-2.691320896148681641e+00
-2.712231874465942383e+00
-2.733144044876098633e+00
-2.754057168960571289e+00
-2.774971723556518555e+00
-2.795887231826782227e+00
-2.816804170608520508e+00
-2.837722301483154297e+00
-2.858641386032104492e+00
-2.879561662673950195e+00
-2.900482892990112305e+00
-2.921405792236328125e+00
-2.942330121994018555e+00
-2.963255643844604492e+00
-2.984182357788085938e+00
-3.005110025405883789e+00
-3.026039838790893555e+00
-3.046970367431640625e+00
-3.067903041839599609e+00
-3.088836431503295898e+00
-3.109771490097045898e+00
-3.130708217620849609e+00
-3.151646614074707031e+00
-3.172586202621459961e+00
-3.193527460098266602e+00
-3.214469909667968750e+00
-3.235414505004882812e+00
-3.256361246109008789e+00
-3.277308940887451172e+00
-3.298258543014526367e+00
-3.319209814071655273e+00
-3.340162992477416992e+00
-3.361118316650390625e+00
-3.382075548171997070e+00
-3.403034448623657227e+00
-3.423995256423950195e+00
-3.444958209991455078e+00
-3.465923547744750977e+00
-3.486890792846679688e+00
-3.507860422134399414e+00
-3.528831958770751953e+00
-3.549806118011474609e+00
-3.570782423019409180e+00
-3.591761589050292969e+00
-3.612742900848388672e+00
-3.633726835250854492e+00
-3.654713630676269531e+00
-3.675703048706054688e+00
-3.696695566177368164e+00
-3.717690944671630859e+00
-3.738689184188842773e+00
-3.759690999984741211e+00
-3.780695676803588867e+00
-3.801703929901123047e+00
-3.822715044021606445e+00
-3.843730211257934570e+00
-3.864748954772949219e+00
-3.885771751403808594e+00
-3.906798362731933594e+00
-3.927829742431640625e+00
-3.948864698410034180e+00
-3.969903945922851562e+00
-3.990948677062988281e+00
-4.011998176574707031e+00
-4.033052444458007812e+00
-4.054111957550048828e+00
-4.075177192687988281e+00
-4.096248149871826172e+00
-4.117325782775878906e+00
-4.138409614562988281e+00
-4.159500122070312500e+00
-4.180597305297851562e+00
-4.201702117919921875e+00
-4.222815513610839844e+00
-4.243936061859130859e+00
-4.265066146850585938e+00
-4.286205291748046875e+00
-4.307353973388671875e+00
-4.328513622283935547e+00
-4.349683761596679688e+00
-4.370865821838378906e+00
-4.392059803009033203e+00
-4.413267612457275391e+00
-4.434489250183105469e+00
-4.455726146697998047e+00
-4.476978302001953125e+00
-4.498248100280761719e+00
-4.519536018371582031e+00
-4.540843486785888672e+00
-4.562172412872314453e+00
-4.583522796630859375e+00
-4.604897975921630859e+00
-4.626298427581787109e+00
-4.647727012634277344e+00
-4.669185161590576172e+00
-4.690675258636474609e+00
-4.712198257446289062e+00
-4.733757972717285156e+00
-4.755356788635253906e+00
-4.776997566223144531e+00
-4.798682212829589844e+00
-4.820413112640380859e+00
-4.842194080352783203e+00
-4.864027500152587891e+00
-4.885917186737060547e+00
-4.907865524291992188e+00
-4.929874420166015625e+00
-4.951948165893554688e+00
-4.974088668823242188e+00
-4.985113143920898438e+00
-4.997288703918457031e+00
-5.010732650756835938e+00
-5.025573253631591797e+00
-5.041955471038818359e+00
-5.060036182403564453e+00
-5.079993247985839844e+00
-5.102022647857666016e+00
-5.124694824218750000e+00
-5.147431850433349609e+00
-5.170239448547363281e+00
-5.193121910095214844e+00
-5.204530239105224609e+00
-5.217124462127685547e+00
-5.231026172637939453e+00
-5.246368408203125000e+00
-5.263298034667968750e+00
-5.268588066101074219e+00
