0.000000000000000000e+00
-2.205761886076712530e-15
-1.763819057714992311e-14
-5.957436150297312771e-14
-1.411130191647166909e-13
-2.480487061411185135e-13
-4.366038238411140693e-13
-7.022698937132754171e-13
-1.058451611947452964e-12
-1.518160705656079745e-12
-2.095214193115202406e-12
-2.809460780336947572e-12
-3.912055141636061606e-12
-6.119671176058050222e-12
-1.033084121720984072e-11
-6.820015472502882758e-12
-8.493093381356509042e-12
-1.035317925140999407e-11
-1.303567497001889564e-11
-1.627764936729114709e-11
-2.112722323477367325e-11
-2.857431825875611509e-11
-4.050857912996086441e-11
-5.631871011213540612e-11
-7.754445002783327823e-11
-1.040632441329236713e-10
-1.375923541768742098e-10
-1.759118822830529894e-10
-2.206368560075944174e-10
1.738443139442935603e-10
-5.916297313168783489e-11
-2.645489383112931137e-10
-3.849217056206555299e-10
-4.511259699135905521e-10
-5.184637164035166279e-10
-6.183613066035320571e-10
-7.480097097278814999e-10
-8.964359254903797591e-10
-1.057276488580782825e-09
-1.218137257730234069e-09
-1.383641090590970180e-09
-1.556515139000680392e-09
-1.735017796100635223e-09
-1.929848059134542382e-09
-2.133879961618845300e-09
-2.352779526759718465e-09
-2.590567538263144343e-09
-2.846136659684361803e-09
-3.128535430718670796e-09
-3.416538607581287579e-09
-3.717816721149347359e-09
-4.031216249700264598e-09
-4.354956839591750395e-09
-4.693369692887472411e-09
-5.055670104781029295e-09
-5.422389648401804152e-09
-5.808284964103904713e-09
-6.209509351151609735e-09
-6.631730276041025718e-09
-7.058996942532758112e-09
-7.520776001967988122e-09
-8.003027573977306020e-09
-8.505464776931148663e-09
-9.011792201363277854e-09
-9.555967572794088483e-09
-1.012192729632488408e-08
-1.069262900443845865e-08
-1.130575899566110820e-08
-1.192350485013093930e-08
-1.258634885203946396e-08
-1.325342857683153852e-08
-1.396740945125429789e-08
-1.468400867565833323e-08
-1.544929340013823094e-08
-1.621670620011173014e-08
-1.703405416719760979e-08
-1.785273440191303962e-08
-1.869789301167656959e-08
-1.959824480479710473e-08
-2.050086855831523280e-08
-2.146029132177318388e-08
-2.242206065261598269e-08
-2.344603444726089947e-08
-2.447099767266536219e-08
-2.552821776191649406e-08
-2.665223775011327234e-08
-2.777580476731600356e-08
-2.896967465915167850e-08
-3.016248939502474968e-08
-3.142827509350354376e-08
-3.273245496870913485e-08
-3.403280857128265779e-08
-3.541237347803871671e-08
-3.683160798573226202e-08
-3.829150685419335787e-08
-3.974901119363494217e-08
-4.129215724901769136e-08
-4.287749533204987529e-08
-4.450780011211463716e-08
-4.618289040081435814e-08
-4.790462426740305091e-08
-4.967289513047035143e-08
-5.154101501148034004e-08
-5.340718089996698836e-08
-5.532240976435787161e-08
-5.734549901603713806e-08
-5.936549385410216928e-08
-6.149665665589054697e-08
-6.362388660363649251e-08
-6.586800083141497453e-08
-6.816999587044847431e-08
-7.046796923759757192e-08
-7.288946335393120535e-08
-7.537177282301854575e-08
-7.791882694618834648e-08
-8.053100941651791800e-08
-8.328164113891034503e-08
-8.602958700976159889e-08
-8.884607183290427201e-08
-9.181005111713602673e-08
-9.477223983367366600e-08
-9.788634969254417229e-08
-1.010824206559846061e-07
-1.043573405468123383e-07
-1.077141291716543492e-07
-1.111558205479923345e-07
-1.146826136277923069e-07
-1.182989208814433368e-07
-1.220020635628316086e-07
-1.258932798009482212e-07
-1.297867271432551206e-07
-1.338723620847304119e-07
-1.380589367272477830e-07
-1.423508848574783769e-07
-1.467474959326864337e-07
-1.512531468961242354e-07
-1.558697420023236191e-07
-1.607093338407139527e-07
-1.655554626722732792e-07
-1.706365964082579012e-07
-1.758422456532571232e-07
-1.811776968452250003e-07
-1.866451526666423888e-07
-1.922456362990487833e-07
-1.979901043114296044e-07
-2.040047206719464157e-07
-2.100377116676099831e-07
-2.163547634381757234e-07
-2.228317299568516319e-07
-2.294720502504787873e-07
-2.362779554232474766e-07
-2.434007342344557401e-07
-2.505585428025369765e-07
-2.580470095381315332e-07
-2.657276638728944818e-07
-2.736055648711044341e-07
-2.816830146912252530e-07
-2.901326752180466428e-07
-2.988040250784251839e-07
-3.075359984450187767e-07
-3.166645967667136574e-07
-3.262153995819971897e-07
-3.358411220233392669e-07
-3.459082336121355183e-07
-3.562502115528332070e-07
-3.668739054774050601e-07
-3.779823600780218840e-07
-3.892090774115786189e-07
-4.009442022834264208e-07
-4.130110085043270374e-07
-4.256347096998069901e-07
-4.384046405903063715e-07
-4.517721663432894275e-07
-4.657475187741511036e-07
-4.799175030711921863e-07
-4.947480078953958582e-07
-5.100145585856807884e-07
-5.260009743324189913e-07
-5.424896016847924329e-07
-5.594910703621280845e-07
-5.770287998529965989e-07
-5.953877462161472067e-07
-6.146133841866685543e-07
-6.344994289975147694e-07
-6.550804982907720841e-07
-6.646213250860455446e-07
-6.859855261609482113e-07
-7.077561008372867946e-07
-7.305177973648824263e-07
-7.543201263615628704e-07
-7.789115556988690514e-07
-8.046386597015953157e-07
-8.315595891872362699e-07
-8.594125802119378932e-07
-8.885726288099249359e-07
-9.191095955429773312e-07
-9.507526215202233288e-07
-9.839111498877173290e-07
-1.019032310978218447e-06
-1.055492361956567038e-06
-1.093744685931596905e-06
-1.134281774284318089e-06
-1.176850560113962274e-06
-1.221579168486641720e-06
-1.268596633963170461e-06
-1.318484464718494564e-06
-1.371433654639986344e-06
-1.427654979124781676e-06
-1.486927089899836574e-06
-1.550406977912643924e-06
-1.617927637198590674e-06
-1.690295334810798522e-06
-1.767889898474095389e-06
-1.850607645792479161e-06
-1.940485390150570311e-06
-2.036489604506641626e-06
-2.141461663995869458e-06
-2.254389983136206865e-06
-2.377153350607841276e-06
-2.511360207790858112e-06
-2.658119001353043132e-06
-2.818406528604100458e-06
-2.994271426359773614e-06
-3.187287347827805206e-06
-3.399864681341568939e-06
-3.634862196122412570e-06
-3.894479050359223038e-06
-4.182790689810644835e-06
-4.384946805657818913e-06
-4.718365744338370860e-06
-5.088009856990538538e-06
-5.497166512213880196e-06
-5.950813829258549958e-06
-6.453440164477797225e-06
-7.009715318417875096e-06
-7.626896149304229766e-06
-8.309427357744425535e-06
-9.064330697583500296e-06
-9.306811989517882466e-06
-9.771571058081462979e-06
-1.029674967867322266e-05
-1.092741149477660656e-05
-1.168781363958260044e-05
-1.260605313291307539e-05
-1.372226688545197248e-05
-1.508870718680555001e-05
-1.649248588364571333e-05
-1.807410626497585326e-05
-1.981802415684796870e-05
-2.131915971403941512e-05
-2.210971979366149753e-05
-2.358992787776514888e-05
-2.497013701940886676e-05
-2.647506880748551339e-05
-2.822458736773114651e-05
-2.821796078933402896e-05
