0.000000000000000000e+00
2.033162639629293444e+00
4.066286556922572792e+00
6.099370327879679365e+00
8.132417278281023343e+00
1.016542456568732256e+01
1.219839265206863033e+01
1.423132439843687180e+01
1.626421505130413081e+01
1.829706553828202331e+01
2.032987971127005977e+01
2.236265561095224186e+01
2.439538946720600876e+01
2.642808317232827875e+01
2.846073861905047053e+01
3.049334051853938021e+01
3.252588691149324518e+01
3.455835298749789786e+01
3.659072716083770871e+01
3.862298647646984051e+01
4.065512331985864591e+01
4.268712611306155935e+01
4.471899496017132236e+01
4.675072975766864403e+01
4.878233051995300684e+01
5.081379732160165474e+01
5.284514153251520696e+01
5.487635941201496337e+01
5.690744331633653275e+01
5.893840847401024519e+01
6.096924728552601636e+01
6.299995972159074142e+01
6.503055348527118440e+01
6.706101327348703478e+01
6.909135056023201571e+01
7.112156524098311650e+01
7.315165737534462664e+01
7.518161176447785010e+01
7.721145886566532113e+01
7.924116822133791516e+01
8.127075503062140172e+01
8.330021923391142025e+01
8.532954569168674652e+01
8.735875720277945788e+01
8.938783093812513414e+01
9.141675926893248061e+01
9.344558782252447315e+01
9.547427100095016783e+01
9.750280877455091399e+01
9.953124683054095101e+01
1.015595242523478277e+02
1.035876866382095756e+02
1.056157035898749115e+02
1.076436055942845371e+02
1.096713545645045826e+02
1.116989656999478058e+02
1.137264466299793924e+02
1.157537896353972258e+02
1.177809950139364190e+02
1.198080623498012756e+02
1.218349765316941244e+02
1.238617835154797149e+02
1.258884297763939770e+02
1.279149151647083329e+02
1.299412856069159261e+02
1.319675030149349197e+02
1.339935824678208292e+02
1.360195088277751552e+02
1.380452820942238077e+02
1.400709174061138356e+02
1.420964148239111751e+02
1.441217438888987772e+02
1.461469351484825552e+02
1.481719883055021114e+02
1.501968732588668161e+02
1.522216048503630645e+02
1.542461833783003158e+02
1.562705935234825461e+02
1.582948960829866110e+02
1.603189846039037150e+02
1.623429657170942448e+02
1.643667478120104022e+02
1.663903920416318840e+02
1.684138677105474926e+02
1.704371748786491025e+02
1.724603136639963452e+02
1.744832992072598756e+02
1.765061315666074222e+02
1.785287802251538380e+02
1.805512602043610570e+02
1.825735566618680537e+02
1.845957149563464554e+02
1.866176743511861389e+02
1.886394651853212849e+02
1.906611027163320955e+02
1.926825412290706652e+02
1.947037653455983843e+02
1.967248515968327354e+02
1.987457693466801345e+02
2.007664878392632772e+02
2.027870073728918783e+02
2.048073583452419939e+02
2.068275254388420308e+02
2.088474935124458796e+02
2.108672623898283973e+02
2.128868321873229377e+02
2.149062485048941369e+02
2.169254048274420654e+02
2.189444077887007154e+02
2.209631962938588003e+02
2.229817704615500702e+02
2.250001453719789311e+02
2.270183212635631946e+02
2.290362672617921760e+02
2.310540445190681282e+02
2.330715617836236788e+02
2.350888798496588663e+02
2.371059526438256739e+02
2.391228723151225495e+02
2.411394857982654969e+02
2.431559151642441350e+02
2.451721303712831741e+02
2.471881001878215045e+02
2.492038097121805151e+02
2.512193352380091937e+02
2.532345698943071568e+02
2.552495595770485011e+02
2.572643342681168406e+02
2.592788642816358333e+02
2.612930879296292233e+02
2.633070971215264535e+02
2.653208304642064377e+02
2.673342881361946866e+02
2.693475006572547272e+02
2.713604373279462720e+02
2.733730982104660256e+02
2.753854833036623972e+02
2.773975927261679999e+02
2.794093959017839666e+02
2.814208928892504673e+02
2.834321441879110353e+02
2.854430587233758274e+02
2.874536362549227420e+02
2.894639685744999724e+02
2.914739333715479574e+02
2.934835916867486958e+02
2.954929129957272949e+02
2.975019275832893300e+02
2.995105444890669446e+02
3.015188850687969762e+02
3.035268581294585601e+02
3.055344022767775414e+02
3.075416704551000748e+02
3.095485099596518239e+02
3.115549514253712005e+02
3.135610247754038937e+02
3.155667300097503585e+02
3.175720068064386510e+02
3.195768544513700249e+02
3.215813039399931768e+02
3.235852937594012246e+02
3.255888239107487152e+02
3.275919555475863945e+02
3.295945971163836816e+02
3.315967178612645512e+02
3.335983788183019101e+02
3.355995189537324563e+02
3.376001383850348248e+02
3.396002670330470323e+02
3.415998444594733883e+02
3.435988090339300243e+02
3.455972527856300758e+02
3.475950833271583633e+02
3.495922707365237443e+02
3.515889063288411194e+02
3.535848677958582016e+02
3.555800941015041872e+02
3.575746461632210753e+02
3.595685543775273914e+02
3.615616662769173786e+02
3.635539813857126887e+02
3.655455302179062755e+02
3.675362823792945051e+02
3.695261768314946380e+02
3.715151213091914997e+02
3.735031768447956324e+02
3.754902827654362341e+02
3.774763773161434983e+02
3.794614297445111220e+02
3.814454100064486965e+02
3.834282567111497428e+02
3.854099381490693759e+02
3.873903026877454749e+02
3.893694716782909495e+02
3.913471702263217367e+02
3.933234896469551245e+02
3.952983382680321824e+02
3.972716234637227899e+02
3.992432238806075020e+02
4.012130772882134693e+02
4.031810313388280065e+02
4.051470853183599274e+02
4.071110552881831381e+02
4.090728804460129027e+02
4.110324377753013891e+02
4.129894824153444119e+02
4.149439837312193049e+02
4.168956351178473483e+02
4.188444060554609791e+02
4.207900512134746123e+02
4.227323567301157823e+02
4.246711375933057298e+02
4.266060576318650419e+02
4.285369022722516661e+02
4.304634262967151699e+02
4.323852919884288326e+02
4.343022546111200768e+02
4.362138242154044860e+02
4.381196937193870440e+02
4.400193432482079174e+02
4.419124042128689211e+02
4.437984475744790416e+02
4.456769823125327434e+02
4.475473358520752072e+02
4.494090778458354407e+02
4.512614739628871234e+02
4.531040021908049198e+02
4.549358967298916241e+02
4.567565133726808995e+02
4.585650870372609802e+02
4.603610041512483804e+02
4.621434066508526826e+02
4.639115593736748906e+02
4.656647866419485808e+02
4.674022315828700584e+02
4.691232503445430098e+02
4.708270455411480953e+02
4.725130959896342233e+02
4.733670785376593244e+02
4.742945574099187525e+02
4.753016553608614458e+02
4.763955526483450740e+02
4.775841185760752978e+02
4.788754247481931543e+02
4.802781338145273935e+02
4.818011366014302439e+02
4.833477687158746789e+02
4.848776959452177380e+02
4.863892635470141386e+02
4.878817352873251139e+02
4.886354669558733121e+02
4.894541102265536097e+02
4.903424407903170845e+02
4.913067490118351657e+02
4.923537720652757912e+02
4.926858472339132504e+02
