0.000000000000000000e+00
1.739003524514615151e-10
7.034284266183021828e-10
1.579254838013355311e-09
2.847266200589615437e-09
-3.075203869329357076e-09
-2.633116835681903467e-09
-1.911363067819138450e-09
-8.974586074295132221e-10
6.627250970225873061e-10
3.031795481334143005e-09
7.581493655095528084e-09
-5.811515269016354068e-09
-1.174732574327208567e-06
-1.298421739193145186e-05
-1.673226357468138303e-08
-4.738793357716986065e-09
-2.412191868472746137e-08
-7.393100531771779060e-08
-1.361526500431864406e-07
-2.280876287841238081e-07
-2.897158140058309073e-07
-1.927749195829164819e-07
-1.292151665666096960e-07
-1.216320129060477484e-07
-1.269298337547297706e-07
-9.421723490277145174e-08
-1.041062702711315069e-07
-1.091622152671334334e-07
2.991293149534612894e-05
1.016840906231664121e-05
-3.022950295417103916e-06
-5.957835583103587851e-06
-2.863964937205309980e-06
9.714582347442046739e-07
2.566719786045723595e-06
2.009600621022400446e-06
3.170791842421749607e-07
-1.293645482292049564e-06
-2.122631940437713638e-06
-2.380133764745551161e-06
-2.307995146111352369e-06
-2.110014065692666918e-06
-1.840183131207595579e-06
-1.595015419297851622e-06
-1.403213786943524610e-06
-1.279486923522199504e-06
-1.313589336859877221e-06
-1.365049911328242160e-06
-1.534545504000561778e-06
-1.668548748057219200e-06
-1.847468638516147621e-06
-2.038432967310654931e-06
-2.262193220303743146e-06
-2.392198894085595384e-06
-2.639991635078331456e-06
-2.878738087019883096e-06
-3.124509930785279721e-06
-3.367283397892606445e-06
-3.672940692922566086e-06
-3.893216671713162214e-06
-4.104073013877496123e-06
-4.305971742724068463e-06
-4.596412509272340685e-06
-4.804135642189066857e-06
-5.011559096601558849e-06
-5.342962595022981986e-06
-5.577171577897388488e-06
-5.912494088988751173e-06
-6.160306384117575362e-06
-6.511294941446976736e-06
-6.752398803655523807e-06
-7.117409040802158415e-06
-7.374365395662607625e-06
-7.744635695416945964e-06
-8.024354428926017135e-06
-8.429502486251294613e-06
-8.843358045851346105e-06
-9.158166903944220394e-06
-9.590002264303620905e-06
-9.950887033483013511e-06
-1.043453812599182129e-05
-1.080369293049443513e-05
-1.132912802859209478e-05
-1.187963789561763406e-05
-1.231365877174539492e-05
-1.288574821955990046e-05
-1.336028526566224173e-05
-1.398312542733037844e-05
-1.449533010600134730e-05
-1.501628594269277528e-05
-1.570058338984381407e-05
-1.628904647077433765e-05
-1.688046722847502679e-05
-1.750548835843801498e-05
-1.830999826779589057e-05
-1.899041672004386783e-05
-1.968493961612693965e-05
-2.041886000370141119e-05
-2.118349220836535096e-05
-2.197293542849365622e-05
-2.280645094288047403e-05
-2.350091563130263239e-05
-2.438985757180489600e-05
-2.530908022890798748e-05
-2.611319905554410070e-05
-2.712054629228077829e-05
-2.799994217639323324e-05
-2.907511043304111809e-05
-3.004824793606530875e-05
-3.104570350842550397e-05
-3.226993430871516466e-05
-3.337657472002319992e-05
-3.452835517236962914e-05
-3.571143315639346838e-05
-3.697100328281521797e-05
-3.810400448855943978e-05
-3.946678407373838127e-05
-4.087154593435116112e-05
-4.218164031044580042e-05
-4.371363684185780585e-05
-4.510604048846289515e-05
-4.661702041630633175e-05
-4.815351348952390254e-05
-4.973568138666450977e-05
-5.139587665325962007e-05
-5.313596557243727148e-05
-5.496388257597573102e-05
-5.687548764399252832e-05
-5.857852374901995063e-05
-6.064667104510590434e-05
-6.257837230805307627e-05
-6.457792187575250864e-05
-6.669105641776695848e-05
-6.887150811962783337e-05
-7.118047506082803011e-05
-7.355416892096400261e-05
-7.583329715998843312e-05
-7.841246406314894557e-05
-8.087399328360334039e-05
-8.348812843905761838e-05
-8.621133747510612011e-05
-8.902044646674767137e-05
-9.193370351567864418e-05
-9.501651948085054755e-05
-9.806636808207258582e-05
-1.014185836538672447e-04
-1.046949691954068840e-04
-1.081423397408798337e-04
-1.116999555961228907e-04
-1.154392375610768795e-04
-1.191193514387123287e-04
-1.231535425176844001e-04
-1.272740337299183011e-04
-1.314416440436616540e-04
-1.359252928523346782e-04
-1.405825460096821189e-04
-1.451968710171058774e-04
-1.500474318163469434e-04
-1.554219052195549011e-04
-1.607710728421807289e-04
-1.661571732256561518e-04
-1.720051950542256236e-04
-1.778808655217289925e-04
-1.840745098888874054e-04
-1.906702964333817363e-04
-1.974158658413216472e-04
-2.045241417363286018e-04
-2.119202399626374245e-04
-2.196891437051817775e-04
-2.276099839946255088e-04
-2.361918159294873476e-04
-2.450065803714096546e-04
-2.540165442042052746e-04
-2.638000878505408764e-04
-2.737696049734950066e-04
-2.844271948561072350e-04
-2.953700313810259104e-04
-3.069540834985673428e-04
-3.191855794284492731e-04
-3.321314288768917322e-04
-3.455212863627821207e-04
-3.595440066419541836e-04
-3.743617271538823843e-04
-3.900246811099350452e-04
-2.698533062357455492e-04
-2.781970251817256212e-04
-2.874105703085660934e-04
-2.968199260067194700e-04
-3.064818447455763817e-04
-3.166957467328757048e-04
-3.272201283834874630e-04
-3.380862181074917316e-04
-3.496197459753602743e-04
-3.615589230321347713e-04
-3.739698440767824650e-04
-3.871845256071537733e-04
-4.009692056570202112e-04
-4.150826716795563698e-04
-4.301736189518123865e-04
-4.460254276636987925e-04
-4.624079738277941942e-04
-4.797018191311508417e-04
-4.979865625500679016e-04
-5.173796671442687511e-04
-5.376783665269613266e-04
-5.590181099250912666e-04
-5.815192125737667084e-04
-6.056844722479581833e-04
-6.309996242634952068e-04
-6.579675828106701374e-04
-6.865045288577675819e-04
-7.168022566474974155e-04
-7.493845187127590179e-04
-7.835901342332363129e-04
-8.207948994822800159e-04
-8.599894354119896889e-04
-9.023481397889554501e-04
-9.482777677476406097e-04
-9.978128364309668541e-04
-1.050145947374403477e-03
-1.106942538172006607e-03
-1.169080962426960468e-03
-1.235265168361365795e-03
-1.306990743614733219e-03
-1.382767455652356148e-03
-1.467966707423329353e-03
-1.563667319715023041e-03
-1.544654951430857182e-03
-1.642559189349412918e-03
-1.749763963744044304e-03
-1.866961363703012466e-03
-1.994679914787411690e-03
-2.133861882612109184e-03
-2.286838600412011147e-03
-2.454070840030908585e-03
-2.636926947161555290e-03
-2.837869338691234589e-03
-2.881547901779413223e-03
-2.986135194078087807e-03
-3.124671755358576775e-03
-3.290695603936910629e-03
-3.489587921649217606e-03
-3.728678217157721519e-03
-4.017337691038846970e-03
-4.369153641164302826e-03
-4.697126802057027817e-03
-5.076065659523010254e-03
-5.496311001479625702e-03
-5.798460450023412704e-03
-5.968994926661252975e-03
-6.348409689962863922e-03
-6.686076521873474121e-03
-7.022764533758163452e-03
-7.411981932818889618e-03
-7.395658642053604126e-03
